**train**
The number of data is 74915
First data is ('000120a0-eee8-11ec-8b96-254279cd1714', [7, 7, 7, 7, 8, 3, 3, 3, 8, 9, 10, 9, 10, 10, 10, 8, 3, 8, 8, 3, 10, 9, 10, 10, 10, 8, 3, 8, 8, 3, 10, 10, 10, 10, 8, 3, 8, 10, 3, 9, 10, 9, 10, 10, 10, 10, 3, 8, 3, 3, 8], [418, 418, 419, 419, 420, 421, 422, 423, 424, 425, 426, 435, 427, 428, 429, 430, 431, 432, 433, 434, 499, 508, 500, 501, 502, 503, 504, 505, 506, 507, 509, 510, 511, 511, 512, 513, 514, 515, 516, 517, 518, 527, 519, 519, 520, 521, 522, 523, 524, 525, 526], [1, 1, 1, 1, 1, 1, 1, 1, 1, 1, 1, 0, 1, 1, 1, 1, 1, 1, 1, 1, 1, 1, 0, 1, 1, 1, 0, 0, 1, 1, 1, 1, 1, 1, 1, 1, 1, 0, 1, 1, 1, 1, 1, 1, 1, 1, 1, 1, 1, 1, 1])
**valid**
The number of data is 25041
First data is ('000ce720-e158-11ec-8870-5d4cb3b98715', [4, 4, 5, 5, 3, 3, 3, 3, 3, 3], [131, 132, 133, 133, 134, 135, 136, 137, 138, 139], [1, 1, 1, 1, 1, 1, 1, 1, 1, 1])
**test**
The number of data is 24782
First data is ('000d1500-7c74-11eb-991b-d3071bf4a710', [7, 7, 7, 7, 8, 3, 3, 3, 8, 9, 7, 7, 7, 7, 8, 3, 3, 3, 8, 9, 4, 4, 4, 4, 4, 3, 3, 3, 3, 3, 10, 9, 10, 10, 10, 8, 3, 8, 8, 3, 10, 10, 10, 10, 8, 3, 8, 10, 3, 9, 10, 9, 10, 10, 10, 10, 3, 8, 3, 3, 8, 10, 10, 10, 10, 8, 3, 3, 8, 10, 9, 10, 10, 9, 10, 10, 10, 10, 8, 3, 13, 13, 9, 10, 10, 10, 10, 12, 13, 3, 14, 14, 9, 15, 15, 15, 15, 8, 3, 3, 8, 3, 9, 10, 10, 10, 10, 3, 8, 3, 8, 8, 9, 15, 15, 15, 15, 8, 3, 3, 8, 3, 16, 15, 15, 15, 15, 8, 3, 8, 8, 8, 16, 18, 18, 18, 18, 8, 6, 6, 8, 8, 16, 18, 18, 18, 18, 8, 8, 8, 6, 19, 16, 18, 18, 18, 18, 8, 3, 8, 6, 3, 9, 18, 18, 18, 18, 8, 3, 8, 6, 3, 9, 18, 18, 18, 18, 8, 3, 8, 6, 3, 9], [410, 410, 411, 411, 412, 413, 414, 415, 416, 417, 418, 418, 419, 419, 420, 421, 422, 423, 424, 425, 402, 402, 403, 403, 404, 405, 406, 407, 408, 409, 499, 508, 500, 501, 502, 503, 504, 505, 506, 507, 509, 510, 511, 511, 512, 513, 514, 515, 516, 517, 518, 527, 519, 519, 520, 521, 522, 523, 524, 525, 526, 594, 595, 596, 596, 597, 598, 599, 600, 601, 602, 603, 603, 612, 604, 604, 605, 606, 607, 608, 609, 610, 611, 613, 613, 614, 614, 615, 616, 617, 618, 619, 620, 621, 621, 622, 622, 623, 624, 625, 626, 627, 628, 683, 684, 685, 685, 686, 687, 688, 689, 690, 691, 692, 692, 693, 693, 694, 695, 696, 697, 698, 699, 700, 700, 701, 701, 702, 703, 704, 705, 706, 707, 772, 772, 773, 774, 775, 776, 777, 778, 779, 780, 781, 781, 782, 783, 784, 785, 786, 787, 788, 789, 790, 790, 791, 791, 792, 793, 794, 795, 796, 797, 790, 790, 791, 791, 792, 793, 794, 795, 796, 797, 790, 790, 791, 791, 792, 793, 794, 795, 796, 797], [1, 1, 1, 1, 1, 1, 1, 1, 1, 1, 1, 1, 1, 1, 1, 1, 1, 0, 1, 0, 1, 1, 1, 1, 0, 0, 1, 1, 1, 0, 1, 0, 1, 1, 1, 1, 1, 1, 1, 1, 1, 1, 1, 1, 1, 1, 1, 1, 1, 1, 1, 1, 1, 1, 0, 1, 1, 1, 1, 1, 1, 1, 1, 1, 1, 1, 0, 1, 1, 1, 1, 0, 1, 0, 1, 1, 1, 1, 1, 1, 1, 0, 0, 1, 1, 1, 1, 1, 1, 0, 1, 1, 1, 1, 1, 1, 1, 1, 1, 1, 1, 1, 1, 1, 1, 0, 1, 1, 0, 1, 1, 1, 1, 1, 1, 1, 1, 1, 1, 1, 1, 0, 1, 1, 1, 1, 1, 1, 1, 0, 1, 0, 1, 1, 1, 0, 1, 1, 1, 1, 1, 1, 0, 1, 1, 1, 1, 1, 1, 1, 1, 1, 0, 1, 1, 1, 1, 1, 1, 1, 1, 0, 1, 1, 1, 1, 1, 1, 1, 1, 1, 1, 1, 1, 1, 1, 1, 1, 1, 1, 1, 1, 1])
Before Remapping, max value of index 1 is 40
After Remapping, max value of index 1 is 40
Before Remapping, max value of index 2 is 40
After Remapping, max value of index 2 is 40
** After Remapping ProblemID **
**train**
The number of data is 74617
First data is ('000120a0-eee8-11ec-8b96-254279cd1714', [7, 7, 7, 7, 8, 3, 3, 3, 8, 9, 10, 9, 10, 10, 10, 8, 3, 8, 8, 3, 10, 9, 10, 10, 10, 8, 3, 8, 8, 3, 10, 10, 10, 10, 8, 3, 8, 10, 3, 9, 10, 9, 10, 10, 10, 10, 3, 8, 3, 3, 8], [7, 7, 7, 7, 8, 3, 3, 3, 8, 9, 10, 9, 10, 10, 10, 8, 3, 8, 8, 3, 10, 9, 10, 10, 10, 8, 3, 8, 8, 3, 10, 10, 10, 10, 8, 3, 8, 10, 3, 9, 10, 9, 10, 10, 10, 10, 3, 8, 3, 3, 8], [1, 1, 1, 1, 1, 1, 1, 1, 1, 1, 1, 0, 1, 1, 1, 1, 1, 1, 1, 1, 1, 1, 0, 1, 1, 1, 0, 0, 1, 1, 1, 1, 1, 1, 1, 1, 1, 0, 1, 1, 1, 1, 1, 1, 1, 1, 1, 1, 1, 1, 1])
**valid**
The number of data is 24940
First data is ('000ce720-e158-11ec-8870-5d4cb3b98715', [4, 4, 5, 5, 3, 3, 3, 3, 3, 3], [4, 4, 5, 5, 3, 3, 3, 3, 3, 3], [1, 1, 1, 1, 1, 1, 1, 1, 1, 1])
**test**
The number of data is 24668
First data is ('000d1500-7c74-11eb-991b-d3071bf4a710', [7, 7, 7, 7, 8, 3, 3, 3, 8, 9, 7, 7, 7, 7, 8, 3, 3, 3, 8, 9, 4, 4, 4, 4, 4, 3, 3, 3, 3, 3, 10, 9, 10, 10, 10, 8, 3, 8, 8, 3, 10, 10, 10, 10, 8, 3, 8, 10, 3, 9, 10, 9, 10, 10, 10, 10, 3, 8, 3, 3, 8, 10, 10, 10, 10, 8, 3, 3, 8, 10, 9, 10, 10, 9, 10, 10, 10, 10, 8, 3, 13, 13, 9, 10, 10, 10, 10, 12, 13, 3, 14, 14, 9, 15, 15, 15, 15, 8, 3, 3, 8, 3, 9, 10, 10, 10, 10, 3, 8, 3, 8, 8, 9, 15, 15, 15, 15, 8, 3, 3, 8, 3, 16, 15, 15, 15, 15, 8, 3, 8, 8, 8, 16, 18, 18, 18, 18, 8, 6, 6, 8, 8, 16, 18, 18, 18, 18, 8, 8, 8, 6, 19, 16, 18, 18, 18, 18, 8, 3, 8, 6, 3, 9, 18, 18, 18, 18, 8, 3, 8, 6, 3, 9, 18, 18, 18, 18, 8, 3, 8, 6, 3, 9], [7, 7, 7, 7, 8, 3, 3, 3, 8, 9, 7, 7, 7, 7, 8, 3, 3, 3, 8, 9, 4, 4, 4, 4, 4, 3, 3, 3, 3, 3, 10, 9, 10, 10, 10, 8, 3, 8, 8, 3, 10, 10, 10, 10, 8, 3, 8, 10, 3, 9, 10, 9, 10, 10, 10, 10, 3, 8, 3, 3, 8, 10, 10, 10, 10, 8, 3, 3, 8, 10, 9, 10, 10, 9, 10, 10, 10, 10, 8, 3, 13, 13, 9, 10, 10, 10, 10, 12, 13, 3, 14, 14, 9, 15, 15, 15, 15, 8, 3, 3, 8, 3, 9, 10, 10, 10, 10, 3, 8, 3, 8, 8, 9, 15, 15, 15, 15, 8, 3, 3, 8, 3, 16, 15, 15, 15, 15, 8, 3, 8, 8, 8, 16, 18, 18, 18, 18, 8, 6, 6, 8, 8, 16, 18, 18, 18, 18, 8, 8, 8, 6, 19, 16, 18, 18, 18, 18, 8, 3, 8, 6, 3, 9, 18, 18, 18, 18, 8, 3, 8, 6, 3, 9, 18, 18, 18, 18, 8, 3, 8, 6, 3, 9], [1, 1, 1, 1, 1, 1, 1, 1, 1, 1, 1, 1, 1, 1, 1, 1, 1, 0, 1, 0, 1, 1, 1, 1, 0, 0, 1, 1, 1, 0, 1, 0, 1, 1, 1, 1, 1, 1, 1, 1, 1, 1, 1, 1, 1, 1, 1, 1, 1, 1, 1, 1, 1, 1, 0, 1, 1, 1, 1, 1, 1, 1, 1, 1, 1, 1, 0, 1, 1, 1, 1, 0, 1, 0, 1, 1, 1, 1, 1, 1, 1, 0, 0, 1, 1, 1, 1, 1, 1, 0, 1, 1, 1, 1, 1, 1, 1, 1, 1, 1, 1, 1, 1, 1, 1, 0, 1, 1, 0, 1, 1, 1, 1, 1, 1, 1, 1, 1, 1, 1, 1, 0, 1, 1, 1, 1, 1, 1, 1, 0, 1, 0, 1, 1, 1, 0, 1, 1, 1, 1, 1, 1, 0, 1, 1, 1, 1, 1, 1, 1, 1, 1, 0, 1, 1, 1, 1, 1, 1, 1, 1, 0, 1, 1, 1, 1, 1, 1, 1, 1, 1, 1, 1, 1, 1, 1, 1, 1, 1, 1, 1, 1, 1])
**train**
The number of data is 74915
First data is ('000120a0-eee8-11ec-8b96-254279cd1714', [7, 7, 7, 7, 8, 3, 3, 3, 8, 9, 10, 9, 10, 10, 10, 8, 3, 8, 8, 3, 10, 9, 10, 10, 10, 8, 3, 8, 8, 3, 10, 10, 10, 10, 8, 3, 8, 10, 3, 9, 10, 9, 10, 10, 10, 10, 3, 8, 3, 3, 8], [418, 418, 419, 419, 420, 421, 422, 423, 424, 425, 426, 435, 427, 428, 429, 430, 431, 432, 433, 434, 499, 508, 500, 501, 502, 503, 504, 505, 506, 507, 509, 510, 511, 511, 512, 513, 514, 515, 516, 517, 518, 527, 519, 519, 520, 521, 522, 523, 524, 525, 526], [1, 1, 1, 1, 1, 1, 1, 1, 1, 1, 1, 0, 1, 1, 1, 1, 1, 1, 1, 1, 1, 1, 0, 1, 1, 1, 0, 0, 1, 1, 1, 1, 1, 1, 1, 1, 1, 0, 1, 1, 1, 1, 1, 1, 1, 1, 1, 1, 1, 1, 1])
**valid**
The number of data is 25041
First data is ('000ce720-e158-11ec-8870-5d4cb3b98715', [4, 4, 5, 5, 3, 3, 3, 3, 3, 3], [131, 132, 133, 133, 134, 135, 136, 137, 138, 139], [1, 1, 1, 1, 1, 1, 1, 1, 1, 1])
**test**
The number of data is 24782
First data is ('000d1500-7c74-11eb-991b-d3071bf4a710', [7, 7, 7, 7, 8, 3, 3, 3, 8, 9, 7, 7, 7, 7, 8, 3, 3, 3, 8, 9, 4, 4, 4, 4, 4, 3, 3, 3, 3, 3, 10, 9, 10, 10, 10, 8, 3, 8, 8, 3, 10, 10, 10, 10, 8, 3, 8, 10, 3, 9, 10, 9, 10, 10, 10, 10, 3, 8, 3, 3, 8, 10, 10, 10, 10, 8, 3, 3, 8, 10, 9, 10, 10, 9, 10, 10, 10, 10, 8, 3, 13, 13, 9, 10, 10, 10, 10, 12, 13, 3, 14, 14, 9, 15, 15, 15, 15, 8, 3, 3, 8, 3, 9, 10, 10, 10, 10, 3, 8, 3, 8, 8, 9, 15, 15, 15, 15, 8, 3, 3, 8, 3, 16, 15, 15, 15, 15, 8, 3, 8, 8, 8, 16, 18, 18, 18, 18, 8, 6, 6, 8, 8, 16, 18, 18, 18, 18, 8, 8, 8, 6, 19, 16, 18, 18, 18, 18, 8, 3, 8, 6, 3, 9, 18, 18, 18, 18, 8, 3, 8, 6, 3, 9, 18, 18, 18, 18, 8, 3, 8, 6, 3, 9], [410, 410, 411, 411, 412, 413, 414, 415, 416, 417, 418, 418, 419, 419, 420, 421, 422, 423, 424, 425, 402, 402, 403, 403, 404, 405, 406, 407, 408, 409, 499, 508, 500, 501, 502, 503, 504, 505, 506, 507, 509, 510, 511, 511, 512, 513, 514, 515, 516, 517, 518, 527, 519, 519, 520, 521, 522, 523, 524, 525, 526, 594, 595, 596, 596, 597, 598, 599, 600, 601, 602, 603, 603, 612, 604, 604, 605, 606, 607, 608, 609, 610, 611, 613, 613, 614, 614, 615, 616, 617, 618, 619, 620, 621, 621, 622, 622, 623, 624, 625, 626, 627, 628, 683, 684, 685, 685, 686, 687, 688, 689, 690, 691, 692, 692, 693, 693, 694, 695, 696, 697, 698, 699, 700, 700, 701, 701, 702, 703, 704, 705, 706, 707, 772, 772, 773, 774, 775, 776, 777, 778, 779, 780, 781, 781, 782, 783, 784, 785, 786, 787, 788, 789, 790, 790, 791, 791, 792, 793, 794, 795, 796, 797, 790, 790, 791, 791, 792, 793, 794, 795, 796, 797, 790, 790, 791, 791, 792, 793, 794, 795, 796, 797], [1, 1, 1, 1, 1, 1, 1, 1, 1, 1, 1, 1, 1, 1, 1, 1, 1, 0, 1, 0, 1, 1, 1, 1, 0, 0, 1, 1, 1, 0, 1, 0, 1, 1, 1, 1, 1, 1, 1, 1, 1, 1, 1, 1, 1, 1, 1, 1, 1, 1, 1, 1, 1, 1, 0, 1, 1, 1, 1, 1, 1, 1, 1, 1, 1, 1, 0, 1, 1, 1, 1, 0, 1, 0, 1, 1, 1, 1, 1, 1, 1, 0, 0, 1, 1, 1, 1, 1, 1, 0, 1, 1, 1, 1, 1, 1, 1, 1, 1, 1, 1, 1, 1, 1, 1, 0, 1, 1, 0, 1, 1, 1, 1, 1, 1, 1, 1, 1, 1, 1, 1, 0, 1, 1, 1, 1, 1, 1, 1, 0, 1, 0, 1, 1, 1, 0, 1, 1, 1, 1, 1, 1, 0, 1, 1, 1, 1, 1, 1, 1, 1, 1, 0, 1, 1, 1, 1, 1, 1, 1, 1, 0, 1, 1, 1, 1, 1, 1, 1, 1, 1, 1, 1, 1, 1, 1, 1, 1, 1, 1, 1, 1, 1])
Before Remapping, max value of index 1 is 40
After Remapping, max value of index 1 is 40
Before Remapping, max value of index 2 is 2378
After Remapping, max value of index 2 is 1859
** After Remapping ProblemID **
**train**
The number of data is 74617
First data is ('000120a0-eee8-11ec-8b96-254279cd1714', [7, 7, 7, 7, 8, 3, 3, 3, 8, 9, 10, 9, 10, 10, 10, 8, 3, 8, 8, 3, 10, 9, 10, 10, 10, 8, 3, 8, 8, 3, 10, 10, 10, 10, 8, 3, 8, 10, 3, 9, 10, 9, 10, 10, 10, 10, 3, 8, 3, 3, 8], [418, 418, 419, 419, 420, 421, 422, 423, 424, 425, 426, 435, 427, 428, 429, 430, 431, 432, 433, 434, 499, 508, 500, 501, 502, 503, 504, 505, 506, 507, 509, 510, 511, 511, 512, 513, 514, 515, 516, 517, 518, 527, 519, 519, 520, 521, 522, 523, 524, 525, 526], [1, 1, 1, 1, 1, 1, 1, 1, 1, 1, 1, 0, 1, 1, 1, 1, 1, 1, 1, 1, 1, 1, 0, 1, 1, 1, 0, 0, 1, 1, 1, 1, 1, 1, 1, 1, 1, 0, 1, 1, 1, 1, 1, 1, 1, 1, 1, 1, 1, 1, 1])
**valid**
The number of data is 24940
First data is ('000ce720-e158-11ec-8870-5d4cb3b98715', [4, 4, 5, 5, 3, 3, 3, 3, 3, 3], [131, 132, 133, 133, 134, 135, 136, 137, 138, 139], [1, 1, 1, 1, 1, 1, 1, 1, 1, 1])
**test**
The number of data is 24668
First data is ('000d1500-7c74-11eb-991b-d3071bf4a710', [7, 7, 7, 7, 8, 3, 3, 3, 8, 9, 7, 7, 7, 7, 8, 3, 3, 3, 8, 9, 4, 4, 4, 4, 4, 3, 3, 3, 3, 3, 10, 9, 10, 10, 10, 8, 3, 8, 8, 3, 10, 10, 10, 10, 8, 3, 8, 10, 3, 9, 10, 9, 10, 10, 10, 10, 3, 8, 3, 3, 8, 10, 10, 10, 10, 8, 3, 3, 8, 10, 9, 10, 10, 9, 10, 10, 10, 10, 8, 3, 13, 13, 9, 10, 10, 10, 10, 12, 13, 3, 14, 14, 9, 15, 15, 15, 15, 8, 3, 3, 8, 3, 9, 10, 10, 10, 10, 3, 8, 3, 8, 8, 9, 15, 15, 15, 15, 8, 3, 3, 8, 3, 16, 15, 15, 15, 15, 8, 3, 8, 8, 8, 16, 18, 18, 18, 18, 8, 6, 6, 8, 8, 16, 18, 18, 18, 18, 8, 8, 8, 6, 19, 16, 18, 18, 18, 18, 8, 3, 8, 6, 3, 9, 18, 18, 18, 18, 8, 3, 8, 6, 3, 9, 18, 18, 18, 18, 8, 3, 8, 6, 3, 9], [410, 410, 411, 411, 412, 413, 414, 415, 416, 417, 418, 418, 419, 419, 420, 421, 422, 423, 424, 425, 402, 402, 403, 403, 404, 405, 406, 407, 408, 409, 499, 508, 500, 501, 502, 503, 504, 505, 506, 507, 509, 510, 511, 511, 512, 513, 514, 515, 516, 517, 518, 527, 519, 519, 520, 521, 522, 523, 524, 525, 526, 594, 595, 596, 596, 597, 598, 599, 600, 601, 602, 603, 603, 612, 604, 604, 605, 606, 607, 608, 609, 610, 611, 613, 613, 614, 614, 615, 616, 617, 618, 619, 620, 621, 621, 622, 622, 623, 624, 625, 626, 627, 628, 683, 684, 685, 685, 686, 687, 688, 689, 690, 691, 692, 692, 693, 693, 694, 695, 696, 697, 698, 699, 700, 700, 701, 701, 702, 703, 704, 705, 706, 707, 772, 772, 773, 774, 775, 776, 777, 778, 779, 780, 781, 781, 782, 783, 784, 785, 786, 787, 788, 789, 790, 790, 791, 791, 792, 793, 794, 795, 796, 797, 790, 790, 791, 791, 792, 793, 794, 795, 796, 797, 790, 790, 791, 791, 792, 793, 794, 795, 796, 797], [1, 1, 1, 1, 1, 1, 1, 1, 1, 1, 1, 1, 1, 1, 1, 1, 1, 0, 1, 0, 1, 1, 1, 1, 0, 0, 1, 1, 1, 0, 1, 0, 1, 1, 1, 1, 1, 1, 1, 1, 1, 1, 1, 1, 1, 1, 1, 1, 1, 1, 1, 1, 1, 1, 0, 1, 1, 1, 1, 1, 1, 1, 1, 1, 1, 1, 0, 1, 1, 1, 1, 0, 1, 0, 1, 1, 1, 1, 1, 1, 1, 0, 0, 1, 1, 1, 1, 1, 1, 0, 1, 1, 1, 1, 1, 1, 1, 1, 1, 1, 1, 1, 1, 1, 1, 0, 1, 1, 0, 1, 1, 1, 1, 1, 1, 1, 1, 1, 1, 1, 1, 0, 1, 1, 1, 1, 1, 1, 1, 0, 1, 0, 1, 1, 1, 0, 1, 1, 1, 1, 1, 1, 0, 1, 1, 1, 1, 1, 1, 1, 1, 1, 0, 1, 1, 1, 1, 1, 1, 1, 1, 0, 1, 1, 1, 1, 1, 1, 1, 1, 1, 1, 1, 1, 1, 1, 1, 1, 1, 1, 1, 1, 1])
Before Remapping, max value of index 1 is 40
After Remapping, max value of index 1 is 40
**train**
The number of data is 74915
First data is ('000120a0-eee8-11ec-8b96-254279cd1714', [7, 7, 7, 7, 8, 3, 3, 3, 8, 9, 10, 9, 10, 10, 10, 8, 3, 8, 8, 3, 10, 9, 10, 10, 10, 8, 3, 8, 8, 3, 10, 10, 10, 10, 8, 3, 8, 10, 3, 9, 10, 9, 10, 10, 10, 10, 3, 8, 3, 3, 8], [418, 418, 419, 419, 420, 421, 422, 423, 424, 425, 426, 435, 427, 428, 429, 430, 431, 432, 433, 434, 499, 508, 500, 501, 502, 503, 504, 505, 506, 507, 509, 510, 511, 511, 512, 513, 514, 515, 516, 517, 518, 527, 519, 519, 520, 521, 522, 523, 524, 525, 526], [1, 1, 1, 1, 1, 1, 1, 1, 1, 1, 1, 0, 1, 1, 1, 1, 1, 1, 1, 1, 1, 1, 0, 1, 1, 1, 0, 0, 1, 1, 1, 1, 1, 1, 1, 1, 1, 0, 1, 1, 1, 1, 1, 1, 1, 1, 1, 1, 1, 1, 1])
**valid**
The number of data is 25041
First data is ('000ce720-e158-11ec-8870-5d4cb3b98715', [4, 4, 5, 5, 3, 3, 3, 3, 3, 3], [131, 132, 133, 133, 134, 135, 136, 137, 138, 139], [1, 1, 1, 1, 1, 1, 1, 1, 1, 1])
**test**
The number of data is 24782
First data is ('000d1500-7c74-11eb-991b-d3071bf4a710', [7, 7, 7, 7, 8, 3, 3, 3, 8, 9, 7, 7, 7, 7, 8, 3, 3, 3, 8, 9, 4, 4, 4, 4, 4, 3, 3, 3, 3, 3, 10, 9, 10, 10, 10, 8, 3, 8, 8, 3, 10, 10, 10, 10, 8, 3, 8, 10, 3, 9, 10, 9, 10, 10, 10, 10, 3, 8, 3, 3, 8, 10, 10, 10, 10, 8, 3, 3, 8, 10, 9, 10, 10, 9, 10, 10, 10, 10, 8, 3, 13, 13, 9, 10, 10, 10, 10, 12, 13, 3, 14, 14, 9, 15, 15, 15, 15, 8, 3, 3, 8, 3, 9, 10, 10, 10, 10, 3, 8, 3, 8, 8, 9, 15, 15, 15, 15, 8, 3, 3, 8, 3, 16, 15, 15, 15, 15, 8, 3, 8, 8, 8, 16, 18, 18, 18, 18, 8, 6, 6, 8, 8, 16, 18, 18, 18, 18, 8, 8, 8, 6, 19, 16, 18, 18, 18, 18, 8, 3, 8, 6, 3, 9, 18, 18, 18, 18, 8, 3, 8, 6, 3, 9, 18, 18, 18, 18, 8, 3, 8, 6, 3, 9], [410, 410, 411, 411, 412, 413, 414, 415, 416, 417, 418, 418, 419, 419, 420, 421, 422, 423, 424, 425, 402, 402, 403, 403, 404, 405, 406, 407, 408, 409, 499, 508, 500, 501, 502, 503, 504, 505, 506, 507, 509, 510, 511, 511, 512, 513, 514, 515, 516, 517, 518, 527, 519, 519, 520, 521, 522, 523, 524, 525, 526, 594, 595, 596, 596, 597, 598, 599, 600, 601, 602, 603, 603, 612, 604, 604, 605, 606, 607, 608, 609, 610, 611, 613, 613, 614, 614, 615, 616, 617, 618, 619, 620, 621, 621, 622, 622, 623, 624, 625, 626, 627, 628, 683, 684, 685, 685, 686, 687, 688, 689, 690, 691, 692, 692, 693, 693, 694, 695, 696, 697, 698, 699, 700, 700, 701, 701, 702, 703, 704, 705, 706, 707, 772, 772, 773, 774, 775, 776, 777, 778, 779, 780, 781, 781, 782, 783, 784, 785, 786, 787, 788, 789, 790, 790, 791, 791, 792, 793, 794, 795, 796, 797, 790, 790, 791, 791, 792, 793, 794, 795, 796, 797, 790, 790, 791, 791, 792, 793, 794, 795, 796, 797], [1, 1, 1, 1, 1, 1, 1, 1, 1, 1, 1, 1, 1, 1, 1, 1, 1, 0, 1, 0, 1, 1, 1, 1, 0, 0, 1, 1, 1, 0, 1, 0, 1, 1, 1, 1, 1, 1, 1, 1, 1, 1, 1, 1, 1, 1, 1, 1, 1, 1, 1, 1, 1, 1, 0, 1, 1, 1, 1, 1, 1, 1, 1, 1, 1, 1, 0, 1, 1, 1, 1, 0, 1, 0, 1, 1, 1, 1, 1, 1, 1, 0, 0, 1, 1, 1, 1, 1, 1, 0, 1, 1, 1, 1, 1, 1, 1, 1, 1, 1, 1, 1, 1, 1, 1, 0, 1, 1, 0, 1, 1, 1, 1, 1, 1, 1, 1, 1, 1, 1, 1, 0, 1, 1, 1, 1, 1, 1, 1, 0, 1, 0, 1, 1, 1, 0, 1, 1, 1, 1, 1, 1, 0, 1, 1, 1, 1, 1, 1, 1, 1, 1, 0, 1, 1, 1, 1, 1, 1, 1, 1, 0, 1, 1, 1, 1, 1, 1, 1, 1, 1, 1, 1, 1, 1, 1, 1, 1, 1, 1, 1, 1, 1])
Before Remapping, max value of index 1 is 40
After Remapping, max value of index 1 is 38
** After Remapping ProblemID **
**train**
The number of data is 74617
First data is ('000120a0-eee8-11ec-8b96-254279cd1714', [7, 7, 7, 7, 8, 3, 3, 3, 8, 9, 10, 9, 10, 10, 10, 8, 3, 8, 8, 3, 10, 9, 10, 10, 10, 8, 3, 8, 8, 3, 10, 10, 10, 10, 8, 3, 8, 10, 3, 9, 10, 9, 10, 10, 10, 10, 3, 8, 3, 3, 8], [418, 418, 419, 419, 420, 421, 422, 423, 424, 425, 426, 435, 427, 428, 429, 430, 431, 432, 433, 434, 499, 508, 500, 501, 502, 503, 504, 505, 506, 507, 509, 510, 511, 511, 512, 513, 514, 515, 516, 517, 518, 527, 519, 519, 520, 521, 522, 523, 524, 525, 526], [1, 1, 1, 1, 1, 1, 1, 1, 1, 1, 1, 0, 1, 1, 1, 1, 1, 1, 1, 1, 1, 1, 0, 1, 1, 1, 0, 0, 1, 1, 1, 1, 1, 1, 1, 1, 1, 0, 1, 1, 1, 1, 1, 1, 1, 1, 1, 1, 1, 1, 1])
**valid**
The number of data is 24940
First data is ('000ce720-e158-11ec-8870-5d4cb3b98715', [4, 4, 5, 5, 3, 3, 3, 3, 3, 3], [131, 132, 133, 133, 134, 135, 136, 137, 138, 139], [1, 1, 1, 1, 1, 1, 1, 1, 1, 1])
**test**
The number of data is 24668
First data is ('000d1500-7c74-11eb-991b-d3071bf4a710', [7, 7, 7, 7, 8, 3, 3, 3, 8, 9, 7, 7, 7, 7, 8, 3, 3, 3, 8, 9, 4, 4, 4, 4, 4, 3, 3, 3, 3, 3, 10, 9, 10, 10, 10, 8, 3, 8, 8, 3, 10, 10, 10, 10, 8, 3, 8, 10, 3, 9, 10, 9, 10, 10, 10, 10, 3, 8, 3, 3, 8, 10, 10, 10, 10, 8, 3, 3, 8, 10, 9, 10, 10, 9, 10, 10, 10, 10, 8, 3, 13, 13, 9, 10, 10, 10, 10, 12, 13, 3, 14, 14, 9, 15, 15, 15, 15, 8, 3, 3, 8, 3, 9, 10, 10, 10, 10, 3, 8, 3, 8, 8, 9, 15, 15, 15, 15, 8, 3, 3, 8, 3, 16, 15, 15, 15, 15, 8, 3, 8, 8, 8, 16, 18, 18, 18, 18, 8, 6, 6, 8, 8, 16, 18, 18, 18, 18, 8, 8, 8, 6, 19, 16, 18, 18, 18, 18, 8, 3, 8, 6, 3, 9, 18, 18, 18, 18, 8, 3, 8, 6, 3, 9, 18, 18, 18, 18, 8, 3, 8, 6, 3, 9], [410, 410, 411, 411, 412, 413, 414, 415, 416, 417, 418, 418, 419, 419, 420, 421, 422, 423, 424, 425, 402, 402, 403, 403, 404, 405, 406, 407, 408, 409, 499, 508, 500, 501, 502, 503, 504, 505, 506, 507, 509, 510, 511, 511, 512, 513, 514, 515, 516, 517, 518, 527, 519, 519, 520, 521, 522, 523, 524, 525, 526, 594, 595, 596, 596, 597, 598, 599, 600, 601, 602, 603, 603, 612, 604, 604, 605, 606, 607, 608, 609, 610, 611, 613, 613, 614, 614, 615, 616, 617, 618, 619, 620, 621, 621, 622, 622, 623, 624, 625, 626, 627, 628, 683, 684, 685, 685, 686, 687, 688, 689, 690, 691, 692, 692, 693, 693, 694, 695, 696, 697, 698, 699, 700, 700, 701, 701, 702, 703, 704, 705, 706, 707, 772, 772, 773, 774, 775, 776, 777, 778, 779, 780, 781, 781, 782, 783, 784, 785, 786, 787, 788, 789, 790, 790, 791, 791, 792, 793, 794, 795, 796, 797, 790, 790, 791, 791, 792, 793, 794, 795, 796, 797, 790, 790, 791, 791, 792, 793, 794, 795, 796, 797], [1, 1, 1, 1, 1, 1, 1, 1, 1, 1, 1, 1, 1, 1, 1, 1, 1, 0, 1, 0, 1, 1, 1, 1, 0, 0, 1, 1, 1, 0, 1, 0, 1, 1, 1, 1, 1, 1, 1, 1, 1, 1, 1, 1, 1, 1, 1, 1, 1, 1, 1, 1, 1, 1, 0, 1, 1, 1, 1, 1, 1, 1, 1, 1, 1, 1, 0, 1, 1, 1, 1, 0, 1, 0, 1, 1, 1, 1, 1, 1, 1, 0, 0, 1, 1, 1, 1, 1, 1, 0, 1, 1, 1, 1, 1, 1, 1, 1, 1, 1, 1, 1, 1, 1, 1, 0, 1, 1, 0, 1, 1, 1, 1, 1, 1, 1, 1, 1, 1, 1, 1, 0, 1, 1, 1, 1, 1, 1, 1, 0, 1, 0, 1, 1, 1, 0, 1, 1, 1, 1, 1, 1, 0, 1, 1, 1, 1, 1, 1, 1, 1, 1, 0, 1, 1, 1, 1, 1, 1, 1, 1, 0, 1, 1, 1, 1, 1, 1, 1, 1, 1, 1, 1, 1, 1, 1, 1, 1, 1, 1, 1, 1, 1])
Before Remapping, max value of index 2 is 2378
After Remapping, max value of index 2 is 1797
** After Remapping ProblemID **
**train**
The number of data is 74617
First data is ('000120a0-eee8-11ec-8b96-254279cd1714', [7, 7, 7, 7, 8, 3, 3, 3, 8, 9, 10, 9, 10, 10, 10, 8, 3, 8, 8, 3, 10, 9, 10, 10, 10, 8, 3, 8, 8, 3, 10, 10, 10, 10, 8, 3, 8, 10, 3, 9, 10, 9, 10, 10, 10, 10, 3, 8, 3, 3, 8], [418, 418, 419, 419, 420, 421, 422, 423, 424, 425, 426, 435, 427, 428, 429, 430, 431, 432, 433, 434, 499, 508, 500, 501, 502, 503, 504, 505, 506, 507, 509, 510, 511, 511, 512, 513, 514, 515, 516, 517, 518, 527, 519, 519, 520, 521, 522, 523, 524, 525, 526], [1, 1, 1, 1, 1, 1, 1, 1, 1, 1, 1, 0, 1, 1, 1, 1, 1, 1, 1, 1, 1, 1, 0, 1, 1, 1, 0, 0, 1, 1, 1, 1, 1, 1, 1, 1, 1, 0, 1, 1, 1, 1, 1, 1, 1, 1, 1, 1, 1, 1, 1])
**valid**
The number of data is 24940
First data is ('000ce720-e158-11ec-8870-5d4cb3b98715', [4, 4, 5, 5, 3, 3, 3, 3, 3, 3], [131, 132, 133, 133, 134, 135, 136, 137, 138, 139], [1, 1, 1, 1, 1, 1, 1, 1, 1, 1])
**test**
The number of data is 24668
First data is ('000d1500-7c74-11eb-991b-d3071bf4a710', [7, 7, 7, 7, 8, 3, 3, 3, 8, 9, 7, 7, 7, 7, 8, 3, 3, 3, 8, 9, 4, 4, 4, 4, 4, 3, 3, 3, 3, 3, 10, 9, 10, 10, 10, 8, 3, 8, 8, 3, 10, 10, 10, 10, 8, 3, 8, 10, 3, 9, 10, 9, 10, 10, 10, 10, 3, 8, 3, 3, 8, 10, 10, 10, 10, 8, 3, 3, 8, 10, 9, 10, 10, 9, 10, 10, 10, 10, 8, 3, 13, 13, 9, 10, 10, 10, 10, 12, 13, 3, 14, 14, 9, 15, 15, 15, 15, 8, 3, 3, 8, 3, 9, 10, 10, 10, 10, 3, 8, 3, 8, 8, 9, 15, 15, 15, 15, 8, 3, 3, 8, 3, 16, 15, 15, 15, 15, 8, 3, 8, 8, 8, 16, 18, 18, 18, 18, 8, 6, 6, 8, 8, 16, 18, 18, 18, 18, 8, 8, 8, 6, 19, 16, 18, 18, 18, 18, 8, 3, 8, 6, 3, 9, 18, 18, 18, 18, 8, 3, 8, 6, 3, 9, 18, 18, 18, 18, 8, 3, 8, 6, 3, 9], [410, 410, 411, 411, 412, 413, 414, 415, 416, 417, 418, 418, 419, 419, 420, 421, 422, 423, 424, 425, 402, 402, 403, 403, 404, 405, 406, 407, 408, 409, 499, 508, 500, 501, 502, 503, 504, 505, 506, 507, 509, 510, 511, 511, 512, 513, 514, 515, 516, 517, 518, 527, 519, 519, 520, 521, 522, 523, 524, 525, 526, 594, 595, 596, 596, 597, 598, 599, 600, 601, 602, 603, 603, 612, 604, 604, 605, 606, 607, 608, 609, 610, 611, 613, 613, 614, 614, 615, 616, 617, 618, 619, 620, 621, 621, 622, 622, 623, 624, 625, 626, 627, 628, 683, 684, 685, 685, 686, 687, 688, 689, 690, 691, 692, 692, 693, 693, 694, 695, 696, 697, 698, 699, 700, 700, 701, 701, 702, 703, 704, 705, 706, 707, 772, 772, 773, 774, 775, 776, 777, 778, 779, 780, 781, 781, 782, 783, 784, 785, 786, 787, 788, 789, 790, 790, 791, 791, 792, 793, 794, 795, 796, 797, 790, 790, 791, 791, 792, 793, 794, 795, 796, 797, 790, 790, 791, 791, 792, 793, 794, 795, 796, 797], [1, 1, 1, 1, 1, 1, 1, 1, 1, 1, 1, 1, 1, 1, 1, 1, 1, 0, 1, 0, 1, 1, 1, 1, 0, 0, 1, 1, 1, 0, 1, 0, 1, 1, 1, 1, 1, 1, 1, 1, 1, 1, 1, 1, 1, 1, 1, 1, 1, 1, 1, 1, 1, 1, 0, 1, 1, 1, 1, 1, 1, 1, 1, 1, 1, 1, 0, 1, 1, 1, 1, 0, 1, 0, 1, 1, 1, 1, 1, 1, 1, 0, 0, 1, 1, 1, 1, 1, 1, 0, 1, 1, 1, 1, 1, 1, 1, 1, 1, 1, 1, 1, 1, 1, 1, 0, 1, 1, 0, 1, 1, 1, 1, 1, 1, 1, 1, 1, 1, 1, 1, 0, 1, 1, 1, 1, 1, 1, 1, 0, 1, 0, 1, 1, 1, 0, 1, 1, 1, 1, 1, 1, 0, 1, 1, 1, 1, 1, 1, 1, 1, 1, 0, 1, 1, 1, 1, 1, 1, 1, 1, 0, 1, 1, 1, 1, 1, 1, 1, 1, 1, 1, 1, 1, 1, 1, 1, 1, 1, 1, 1, 1, 1])
Before splitted train length 74617, After splitted train length 104438
Before splitted valid length 24940, After splitted valid length 34702
Before splitted test length 24668, After splitted test length 34412
Current time : 2023-08-22 11:02:04 KST, TensorFlow version :2.12.0
Current time : 2023-08-22 11:02:04 KST,  OS infromation :Linux
Current time : 2023-08-22 11:02:04 KST, OS version :#1 SMP Fri Jun 9 10:57:30 UTC 2023
Current time : 2023-08-22 11:02:04 KST,  Process information :x86_64
Current time : 2023-08-22 11:02:04 KST,  CPU_count :2
Current time : 2023-08-22 11:02:04 KST,  RAM_size :13(GB)
**train**
The number of data is 74915
First data is ('000120a0-eee8-11ec-8b96-254279cd1714', [7, 7, 7, 7, 8, 3, 3, 3, 8, 9, 10, 9, 10, 10, 10, 8, 3, 8, 8, 3, 10, 9, 10, 10, 10, 8, 3, 8, 8, 3, 10, 10, 10, 10, 8, 3, 8, 10, 3, 9, 10, 9, 10, 10, 10, 10, 3, 8, 3, 3, 8], [418, 418, 419, 419, 420, 421, 422, 423, 424, 425, 426, 435, 427, 428, 429, 430, 431, 432, 433, 434, 499, 508, 500, 501, 502, 503, 504, 505, 506, 507, 509, 510, 511, 511, 512, 513, 514, 515, 516, 517, 518, 527, 519, 519, 520, 521, 522, 523, 524, 525, 526], [1, 1, 1, 1, 1, 1, 1, 1, 1, 1, 1, 0, 1, 1, 1, 1, 1, 1, 1, 1, 1, 1, 0, 1, 1, 1, 0, 0, 1, 1, 1, 1, 1, 1, 1, 1, 1, 0, 1, 1, 1, 1, 1, 1, 1, 1, 1, 1, 1, 1, 1])
**valid**
The number of data is 25041
First data is ('000ce720-e158-11ec-8870-5d4cb3b98715', [4, 4, 5, 5, 3, 3, 3, 3, 3, 3], [131, 132, 133, 133, 134, 135, 136, 137, 138, 139], [1, 1, 1, 1, 1, 1, 1, 1, 1, 1])
**test**
The number of data is 24782
First data is ('000d1500-7c74-11eb-991b-d3071bf4a710', [7, 7, 7, 7, 8, 3, 3, 3, 8, 9, 7, 7, 7, 7, 8, 3, 3, 3, 8, 9, 4, 4, 4, 4, 4, 3, 3, 3, 3, 3, 10, 9, 10, 10, 10, 8, 3, 8, 8, 3, 10, 10, 10, 10, 8, 3, 8, 10, 3, 9, 10, 9, 10, 10, 10, 10, 3, 8, 3, 3, 8, 10, 10, 10, 10, 8, 3, 3, 8, 10, 9, 10, 10, 9, 10, 10, 10, 10, 8, 3, 13, 13, 9, 10, 10, 10, 10, 12, 13, 3, 14, 14, 9, 15, 15, 15, 15, 8, 3, 3, 8, 3, 9, 10, 10, 10, 10, 3, 8, 3, 8, 8, 9, 15, 15, 15, 15, 8, 3, 3, 8, 3, 16, 15, 15, 15, 15, 8, 3, 8, 8, 8, 16, 18, 18, 18, 18, 8, 6, 6, 8, 8, 16, 18, 18, 18, 18, 8, 8, 8, 6, 19, 16, 18, 18, 18, 18, 8, 3, 8, 6, 3, 9, 18, 18, 18, 18, 8, 3, 8, 6, 3, 9, 18, 18, 18, 18, 8, 3, 8, 6, 3, 9], [410, 410, 411, 411, 412, 413, 414, 415, 416, 417, 418, 418, 419, 419, 420, 421, 422, 423, 424, 425, 402, 402, 403, 403, 404, 405, 406, 407, 408, 409, 499, 508, 500, 501, 502, 503, 504, 505, 506, 507, 509, 510, 511, 511, 512, 513, 514, 515, 516, 517, 518, 527, 519, 519, 520, 521, 522, 523, 524, 525, 526, 594, 595, 596, 596, 597, 598, 599, 600, 601, 602, 603, 603, 612, 604, 604, 605, 606, 607, 608, 609, 610, 611, 613, 613, 614, 614, 615, 616, 617, 618, 619, 620, 621, 621, 622, 622, 623, 624, 625, 626, 627, 628, 683, 684, 685, 685, 686, 687, 688, 689, 690, 691, 692, 692, 693, 693, 694, 695, 696, 697, 698, 699, 700, 700, 701, 701, 702, 703, 704, 705, 706, 707, 772, 772, 773, 774, 775, 776, 777, 778, 779, 780, 781, 781, 782, 783, 784, 785, 786, 787, 788, 789, 790, 790, 791, 791, 792, 793, 794, 795, 796, 797, 790, 790, 791, 791, 792, 793, 794, 795, 796, 797, 790, 790, 791, 791, 792, 793, 794, 795, 796, 797], [1, 1, 1, 1, 1, 1, 1, 1, 1, 1, 1, 1, 1, 1, 1, 1, 1, 0, 1, 0, 1, 1, 1, 1, 0, 0, 1, 1, 1, 0, 1, 0, 1, 1, 1, 1, 1, 1, 1, 1, 1, 1, 1, 1, 1, 1, 1, 1, 1, 1, 1, 1, 1, 1, 0, 1, 1, 1, 1, 1, 1, 1, 1, 1, 1, 1, 0, 1, 1, 1, 1, 0, 1, 0, 1, 1, 1, 1, 1, 1, 1, 0, 0, 1, 1, 1, 1, 1, 1, 0, 1, 1, 1, 1, 1, 1, 1, 1, 1, 1, 1, 1, 1, 1, 1, 0, 1, 1, 0, 1, 1, 1, 1, 1, 1, 1, 1, 1, 1, 1, 1, 0, 1, 1, 1, 1, 1, 1, 1, 0, 1, 0, 1, 1, 1, 0, 1, 1, 1, 1, 1, 1, 0, 1, 1, 1, 1, 1, 1, 1, 1, 1, 0, 1, 1, 1, 1, 1, 1, 1, 1, 0, 1, 1, 1, 1, 1, 1, 1, 1, 1, 1, 1, 1, 1, 1, 1, 1, 1, 1, 1, 1, 1])
Before Remapping, max value of index 1 is 40
After Remapping, max value of index 1 is 38
Before Remapping, max value of index 2 is 2378
After Remapping, max value of index 2 is 1797
** After Remapping ProblemID **
**train**
The number of data is 74617
First data is ('000120a0-eee8-11ec-8b96-254279cd1714', [7, 7, 7, 7, 8, 3, 3, 3, 8, 9, 10, 9, 10, 10, 10, 8, 3, 8, 8, 3, 10, 9, 10, 10, 10, 8, 3, 8, 8, 3, 10, 10, 10, 10, 8, 3, 8, 10, 3, 9, 10, 9, 10, 10, 10, 10, 3, 8, 3, 3, 8], [418, 418, 419, 419, 420, 421, 422, 423, 424, 425, 426, 435, 427, 428, 429, 430, 431, 432, 433, 434, 499, 508, 500, 501, 502, 503, 504, 505, 506, 507, 509, 510, 511, 511, 512, 513, 514, 515, 516, 517, 518, 527, 519, 519, 520, 521, 522, 523, 524, 525, 526], [1, 1, 1, 1, 1, 1, 1, 1, 1, 1, 1, 0, 1, 1, 1, 1, 1, 1, 1, 1, 1, 1, 0, 1, 1, 1, 0, 0, 1, 1, 1, 1, 1, 1, 1, 1, 1, 0, 1, 1, 1, 1, 1, 1, 1, 1, 1, 1, 1, 1, 1])
**valid**
The number of data is 24940
First data is ('000ce720-e158-11ec-8870-5d4cb3b98715', [4, 4, 5, 5, 3, 3, 3, 3, 3, 3], [131, 132, 133, 133, 134, 135, 136, 137, 138, 139], [1, 1, 1, 1, 1, 1, 1, 1, 1, 1])
**test**
The number of data is 24668
First data is ('000d1500-7c74-11eb-991b-d3071bf4a710', [7, 7, 7, 7, 8, 3, 3, 3, 8, 9, 7, 7, 7, 7, 8, 3, 3, 3, 8, 9, 4, 4, 4, 4, 4, 3, 3, 3, 3, 3, 10, 9, 10, 10, 10, 8, 3, 8, 8, 3, 10, 10, 10, 10, 8, 3, 8, 10, 3, 9, 10, 9, 10, 10, 10, 10, 3, 8, 3, 3, 8, 10, 10, 10, 10, 8, 3, 3, 8, 10, 9, 10, 10, 9, 10, 10, 10, 10, 8, 3, 13, 13, 9, 10, 10, 10, 10, 12, 13, 3, 14, 14, 9, 15, 15, 15, 15, 8, 3, 3, 8, 3, 9, 10, 10, 10, 10, 3, 8, 3, 8, 8, 9, 15, 15, 15, 15, 8, 3, 3, 8, 3, 16, 15, 15, 15, 15, 8, 3, 8, 8, 8, 16, 18, 18, 18, 18, 8, 6, 6, 8, 8, 16, 18, 18, 18, 18, 8, 8, 8, 6, 19, 16, 18, 18, 18, 18, 8, 3, 8, 6, 3, 9, 18, 18, 18, 18, 8, 3, 8, 6, 3, 9, 18, 18, 18, 18, 8, 3, 8, 6, 3, 9], [410, 410, 411, 411, 412, 413, 414, 415, 416, 417, 418, 418, 419, 419, 420, 421, 422, 423, 424, 425, 402, 402, 403, 403, 404, 405, 406, 407, 408, 409, 499, 508, 500, 501, 502, 503, 504, 505, 506, 507, 509, 510, 511, 511, 512, 513, 514, 515, 516, 517, 518, 527, 519, 519, 520, 521, 522, 523, 524, 525, 526, 594, 595, 596, 596, 597, 598, 599, 600, 601, 602, 603, 603, 612, 604, 604, 605, 606, 607, 608, 609, 610, 611, 613, 613, 614, 614, 615, 616, 617, 618, 619, 620, 621, 621, 622, 622, 623, 624, 625, 626, 627, 628, 683, 684, 685, 685, 686, 687, 688, 689, 690, 691, 692, 692, 693, 693, 694, 695, 696, 697, 698, 699, 700, 700, 701, 701, 702, 703, 704, 705, 706, 707, 772, 772, 773, 774, 775, 776, 777, 778, 779, 780, 781, 781, 782, 783, 784, 785, 786, 787, 788, 789, 790, 790, 791, 791, 792, 793, 794, 795, 796, 797, 790, 790, 791, 791, 792, 793, 794, 795, 796, 797, 790, 790, 791, 791, 792, 793, 794, 795, 796, 797], [1, 1, 1, 1, 1, 1, 1, 1, 1, 1, 1, 1, 1, 1, 1, 1, 1, 0, 1, 0, 1, 1, 1, 1, 0, 0, 1, 1, 1, 0, 1, 0, 1, 1, 1, 1, 1, 1, 1, 1, 1, 1, 1, 1, 1, 1, 1, 1, 1, 1, 1, 1, 1, 1, 0, 1, 1, 1, 1, 1, 1, 1, 1, 1, 1, 1, 0, 1, 1, 1, 1, 0, 1, 0, 1, 1, 1, 1, 1, 1, 1, 0, 0, 1, 1, 1, 1, 1, 1, 0, 1, 1, 1, 1, 1, 1, 1, 1, 1, 1, 1, 1, 1, 1, 1, 0, 1, 1, 0, 1, 1, 1, 1, 1, 1, 1, 1, 1, 1, 1, 1, 0, 1, 1, 1, 1, 1, 1, 1, 0, 1, 0, 1, 1, 1, 0, 1, 1, 1, 1, 1, 1, 0, 1, 1, 1, 1, 1, 1, 1, 1, 1, 0, 1, 1, 1, 1, 1, 1, 1, 1, 0, 1, 1, 1, 1, 1, 1, 1, 1, 1, 1, 1, 1, 1, 1, 1, 1, 1, 1, 1, 1, 1])
Before splitted train length 74617, After splitted train length 104438
Before splitted valid length 24940, After splitted valid length 34702
Before splitted test length 24668, After splitted test length 34412
Current time : 2023-08-22 15:01:01 KST, TensorFlow version :2.12.0
Current time : 2023-08-22 15:01:01 KST,  OS infromation :Linux
Current time : 2023-08-22 15:01:01 KST, OS version :#1 SMP Fri Jun 9 10:57:30 UTC 2023
Current time : 2023-08-22 15:01:01 KST,  Process information :x86_64
Current time : 2023-08-22 15:01:01 KST,  CPU_count :2
Current time : 2023-08-22 15:01:01 KST,  RAM_size :13(GB)
Model: "model"
__________________________________________________________________________________________________
 Layer (type)                   Output Shape         Param #     Connected to                     
==================================================================================================
 input_1 (InputLayer)           [(None, 99)]         0           []                               
                                                                                                  
 input_2 (InputLayer)           [(None, 99)]         0           []                               
                                                                                                  
 embedding (Embedding)          (None, 99, 8)        312         ['input_1[0][0]']                
                                                                                                  
 embedding_1 (Embedding)        (None, 99, 32)       57536       ['input_2[0][0]']                
                                                                                                  
 input_3 (InputLayer)           [(None, 99, 3)]      0           []                               
                                                                                                  
 concatenate (Concatenate)      (None, 99, 43)       0           ['embedding[0][0]',              
                                                                  'embedding_1[0][0]',            
                                                                  'input_3[0][0]']                
                                                                                                  
 lstm (LSTM)                    (None, 99, 64)       27648       ['concatenate[0][0]']            
                                                                                                  
 dense (Dense)                  (None, 99, 128)      8320        ['lstm[0][0]']                   
                                                                                                  
 batch_normalization (BatchNorm  (None, 99, 128)     512         ['dense[0][0]']                  
 alization)                                                                                       
                                                                                                  
 activation (Activation)        (None, 99, 128)      0           ['batch_normalization[0][0]']    
                                                                                                  
 dense_1 (Dense)                (None, 99, 39)       5031        ['activation[0][0]']             
                                                                                                  
 dense_2 (Dense)                (None, 99, 1798)     231942      ['activation[0][0]']             
                                                                                                  
 dense_3 (Dense)                (None, 99, 3)        387         ['activation[0][0]']             
                                                                                                  
==================================================================================================
Total params: 331,688
Trainable params: 331,432
Non-trainable params: 256
__________________________________________________________________________________________________
Epoch 1/100000
816/816 [==============================] - 92s 99ms/step - loss: 1.4996 - dense_1_loss: 0.2377 - dense_2_loss: 1.0443 - dense_3_loss: 0.2176 - dense_1_accuracy: 0.9456 - dense_2_accuracy: 0.8609 - dense_3_accuracy: 0.9166 - val_loss: 0.4812 - val_dense_1_loss: 0.0879 - val_dense_2_loss: 0.1943 - val_dense_3_loss: 0.1990 - val_dense_1_accuracy: 0.9758 - val_dense_2_accuracy: 0.9551 - val_dense_3_accuracy: 0.9197
Epoch 2/100000
816/816 [==============================] - 28s 35ms/step - loss: 0.4511 - dense_1_loss: 0.0817 - dense_2_loss: 0.1743 - dense_3_loss: 0.1952 - dense_1_accuracy: 0.9762 - dense_2_accuracy: 0.9564 - dense_3_accuracy: 0.9200 - val_loss: 0.4266 - val_dense_1_loss: 0.0768 - val_dense_2_loss: 0.1572 - val_dense_3_loss: 0.1926 - val_dense_1_accuracy: 0.9770 - val_dense_2_accuracy: 0.9584 - val_dense_3_accuracy: 0.9200
Epoch 3/100000
816/816 [==============================] - 25s 30ms/step - loss: 0.4215 - dense_1_loss: 0.0747 - dense_2_loss: 0.1545 - dense_3_loss: 0.1924 - dense_1_accuracy: 0.9770 - dense_2_accuracy: 0.9586 - dense_3_accuracy: 0.9201 - val_loss: 0.4104 - val_dense_1_loss: 0.0715 - val_dense_2_loss: 0.1475 - val_dense_3_loss: 0.1914 - val_dense_1_accuracy: 0.9776 - val_dense_2_accuracy: 0.9588 - val_dense_3_accuracy: 0.9202
Epoch 4/100000
816/816 [==============================] - 27s 33ms/step - loss: 0.4075 - dense_1_loss: 0.0710 - dense_2_loss: 0.1456 - dense_3_loss: 0.1908 - dense_1_accuracy: 0.9773 - dense_2_accuracy: 0.9595 - dense_3_accuracy: 0.9204 - val_loss: 0.3992 - val_dense_1_loss: 0.0690 - val_dense_2_loss: 0.1403 - val_dense_3_loss: 0.1900 - val_dense_1_accuracy: 0.9779 - val_dense_2_accuracy: 0.9604 - val_dense_3_accuracy: 0.9204
Epoch 5/100000
816/816 [==============================] - 19s 23ms/step - loss: 0.3991 - dense_1_loss: 0.0690 - dense_2_loss: 0.1402 - dense_3_loss: 0.1899 - dense_1_accuracy: 0.9776 - dense_2_accuracy: 0.9601 - dense_3_accuracy: 0.9206 - val_loss: 0.3961 - val_dense_1_loss: 0.0683 - val_dense_2_loss: 0.1373 - val_dense_3_loss: 0.1905 - val_dense_1_accuracy: 0.9781 - val_dense_2_accuracy: 0.9608 - val_dense_3_accuracy: 0.9197
Epoch 6/100000
816/816 [==============================] - 21s 25ms/step - loss: 0.3932 - dense_1_loss: 0.0677 - dense_2_loss: 0.1363 - dense_3_loss: 0.1892 - dense_1_accuracy: 0.9779 - dense_2_accuracy: 0.9606 - dense_3_accuracy: 0.9208 - val_loss: 0.3886 - val_dense_1_loss: 0.0663 - val_dense_2_loss: 0.1333 - val_dense_3_loss: 0.1891 - val_dense_1_accuracy: 0.9782 - val_dense_2_accuracy: 0.9613 - val_dense_3_accuracy: 0.9210
Epoch 7/100000
816/816 [==============================] - 17s 21ms/step - loss: 0.3891 - dense_1_loss: 0.0668 - dense_2_loss: 0.1337 - dense_3_loss: 0.1886 - dense_1_accuracy: 0.9780 - dense_2_accuracy: 0.9609 - dense_3_accuracy: 0.9210 - val_loss: 0.3868 - val_dense_1_loss: 0.0655 - val_dense_2_loss: 0.1318 - val_dense_3_loss: 0.1896 - val_dense_1_accuracy: 0.9783 - val_dense_2_accuracy: 0.9613 - val_dense_3_accuracy: 0.9209
Epoch 8/100000
816/816 [==============================] - 17s 21ms/step - loss: 0.3859 - dense_1_loss: 0.0660 - dense_2_loss: 0.1317 - dense_3_loss: 0.1882 - dense_1_accuracy: 0.9781 - dense_2_accuracy: 0.9612 - dense_3_accuracy: 0.9211 - val_loss: 0.3826 - val_dense_1_loss: 0.0650 - val_dense_2_loss: 0.1294 - val_dense_3_loss: 0.1881 - val_dense_1_accuracy: 0.9783 - val_dense_2_accuracy: 0.9619 - val_dense_3_accuracy: 0.9210
Epoch 9/100000
816/816 [==============================] - 21s 25ms/step - loss: 0.3834 - dense_1_loss: 0.0654 - dense_2_loss: 0.1302 - dense_3_loss: 0.1878 - dense_1_accuracy: 0.9782 - dense_2_accuracy: 0.9615 - dense_3_accuracy: 0.9213 - val_loss: 0.3819 - val_dense_1_loss: 0.0647 - val_dense_2_loss: 0.1287 - val_dense_3_loss: 0.1886 - val_dense_1_accuracy: 0.9786 - val_dense_2_accuracy: 0.9620 - val_dense_3_accuracy: 0.9209
Epoch 10/100000
816/816 [==============================] - 17s 21ms/step - loss: 0.3817 - dense_1_loss: 0.0650 - dense_2_loss: 0.1291 - dense_3_loss: 0.1875 - dense_1_accuracy: 0.9783 - dense_2_accuracy: 0.9616 - dense_3_accuracy: 0.9213 - val_loss: 0.3793 - val_dense_1_loss: 0.0643 - val_dense_2_loss: 0.1276 - val_dense_3_loss: 0.1875 - val_dense_1_accuracy: 0.9786 - val_dense_2_accuracy: 0.9619 - val_dense_3_accuracy: 0.9212
Epoch 11/100000
816/816 [==============================] - 17s 21ms/step - loss: 0.3800 - dense_1_loss: 0.0646 - dense_2_loss: 0.1282 - dense_3_loss: 0.1873 - dense_1_accuracy: 0.9784 - dense_2_accuracy: 0.9618 - dense_3_accuracy: 0.9214 - val_loss: 0.3783 - val_dense_1_loss: 0.0641 - val_dense_2_loss: 0.1272 - val_dense_3_loss: 0.1870 - val_dense_1_accuracy: 0.9785 - val_dense_2_accuracy: 0.9620 - val_dense_3_accuracy: 0.9214
Epoch 12/100000
816/816 [==============================] - 16s 20ms/step - loss: 0.3785 - dense_1_loss: 0.0642 - dense_2_loss: 0.1273 - dense_3_loss: 0.1870 - dense_1_accuracy: 0.9785 - dense_2_accuracy: 0.9619 - dense_3_accuracy: 0.9215 - val_loss: 0.3771 - val_dense_1_loss: 0.0637 - val_dense_2_loss: 0.1265 - val_dense_3_loss: 0.1870 - val_dense_1_accuracy: 0.9786 - val_dense_2_accuracy: 0.9622 - val_dense_3_accuracy: 0.9214
Epoch 13/100000
816/816 [==============================] - 20s 24ms/step - loss: 0.3774 - dense_1_loss: 0.0639 - dense_2_loss: 0.1266 - dense_3_loss: 0.1868 - dense_1_accuracy: 0.9785 - dense_2_accuracy: 0.9621 - dense_3_accuracy: 0.9216 - val_loss: 0.3761 - val_dense_1_loss: 0.0631 - val_dense_2_loss: 0.1254 - val_dense_3_loss: 0.1876 - val_dense_1_accuracy: 0.9788 - val_dense_2_accuracy: 0.9625 - val_dense_3_accuracy: 0.9210
Epoch 14/100000
816/816 [==============================] - 17s 20ms/step - loss: 0.3764 - dense_1_loss: 0.0637 - dense_2_loss: 0.1260 - dense_3_loss: 0.1867 - dense_1_accuracy: 0.9786 - dense_2_accuracy: 0.9622 - dense_3_accuracy: 0.9216 - val_loss: 0.3750 - val_dense_1_loss: 0.0632 - val_dense_2_loss: 0.1253 - val_dense_3_loss: 0.1866 - val_dense_1_accuracy: 0.9788 - val_dense_2_accuracy: 0.9624 - val_dense_3_accuracy: 0.9216
Epoch 15/100000
816/816 [==============================] - 18s 22ms/step - loss: 0.3754 - dense_1_loss: 0.0634 - dense_2_loss: 0.1254 - dense_3_loss: 0.1866 - dense_1_accuracy: 0.9786 - dense_2_accuracy: 0.9623 - dense_3_accuracy: 0.9217 - val_loss: 0.3746 - val_dense_1_loss: 0.0632 - val_dense_2_loss: 0.1248 - val_dense_3_loss: 0.1865 - val_dense_1_accuracy: 0.9788 - val_dense_2_accuracy: 0.9626 - val_dense_3_accuracy: 0.9216
Epoch 16/100000
816/816 [==============================] - 17s 21ms/step - loss: 0.3745 - dense_1_loss: 0.0632 - dense_2_loss: 0.1249 - dense_3_loss: 0.1863 - dense_1_accuracy: 0.9787 - dense_2_accuracy: 0.9624 - dense_3_accuracy: 0.9217 - val_loss: 0.3734 - val_dense_1_loss: 0.0629 - val_dense_2_loss: 0.1241 - val_dense_3_loss: 0.1864 - val_dense_1_accuracy: 0.9789 - val_dense_2_accuracy: 0.9628 - val_dense_3_accuracy: 0.9216
Epoch 17/100000
816/816 [==============================] - 18s 23ms/step - loss: 0.3738 - dense_1_loss: 0.0631 - dense_2_loss: 0.1245 - dense_3_loss: 0.1863 - dense_1_accuracy: 0.9787 - dense_2_accuracy: 0.9625 - dense_3_accuracy: 0.9218 - val_loss: 0.3730 - val_dense_1_loss: 0.0627 - val_dense_2_loss: 0.1240 - val_dense_3_loss: 0.1863 - val_dense_1_accuracy: 0.9789 - val_dense_2_accuracy: 0.9627 - val_dense_3_accuracy: 0.9215
Epoch 18/100000
816/816 [==============================] - 17s 21ms/step - loss: 0.3730 - dense_1_loss: 0.0629 - dense_2_loss: 0.1240 - dense_3_loss: 0.1861 - dense_1_accuracy: 0.9788 - dense_2_accuracy: 0.9626 - dense_3_accuracy: 0.9218 - val_loss: 0.3723 - val_dense_1_loss: 0.0625 - val_dense_2_loss: 0.1236 - val_dense_3_loss: 0.1862 - val_dense_1_accuracy: 0.9789 - val_dense_2_accuracy: 0.9626 - val_dense_3_accuracy: 0.9217
Epoch 19/100000
816/816 [==============================] - 17s 21ms/step - loss: 0.3724 - dense_1_loss: 0.0627 - dense_2_loss: 0.1237 - dense_3_loss: 0.1860 - dense_1_accuracy: 0.9788 - dense_2_accuracy: 0.9626 - dense_3_accuracy: 0.9218 - val_loss: 0.3716 - val_dense_1_loss: 0.0624 - val_dense_2_loss: 0.1230 - val_dense_3_loss: 0.1862 - val_dense_1_accuracy: 0.9789 - val_dense_2_accuracy: 0.9630 - val_dense_3_accuracy: 0.9215
Epoch 20/100000
816/816 [==============================] - 17s 20ms/step - loss: 0.3718 - dense_1_loss: 0.0626 - dense_2_loss: 0.1233 - dense_3_loss: 0.1859 - dense_1_accuracy: 0.9788 - dense_2_accuracy: 0.9627 - dense_3_accuracy: 0.9219 - val_loss: 0.3714 - val_dense_1_loss: 0.0624 - val_dense_2_loss: 0.1229 - val_dense_3_loss: 0.1861 - val_dense_1_accuracy: 0.9789 - val_dense_2_accuracy: 0.9629 - val_dense_3_accuracy: 0.9217
Epoch 21/100000
816/816 [==============================] - 19s 24ms/step - loss: 0.3713 - dense_1_loss: 0.0625 - dense_2_loss: 0.1230 - dense_3_loss: 0.1858 - dense_1_accuracy: 0.9788 - dense_2_accuracy: 0.9628 - dense_3_accuracy: 0.9219 - val_loss: 0.3706 - val_dense_1_loss: 0.0621 - val_dense_2_loss: 0.1226 - val_dense_3_loss: 0.1859 - val_dense_1_accuracy: 0.9790 - val_dense_2_accuracy: 0.9629 - val_dense_3_accuracy: 0.9217
Epoch 22/100000
816/816 [==============================] - 17s 21ms/step - loss: 0.3707 - dense_1_loss: 0.0623 - dense_2_loss: 0.1226 - dense_3_loss: 0.1858 - dense_1_accuracy: 0.9789 - dense_2_accuracy: 0.9628 - dense_3_accuracy: 0.9219 - val_loss: 0.3706 - val_dense_1_loss: 0.0621 - val_dense_2_loss: 0.1226 - val_dense_3_loss: 0.1859 - val_dense_1_accuracy: 0.9791 - val_dense_2_accuracy: 0.9630 - val_dense_3_accuracy: 0.9217
Epoch 23/100000
816/816 [==============================] - 16s 20ms/step - loss: 0.3702 - dense_1_loss: 0.0622 - dense_2_loss: 0.1224 - dense_3_loss: 0.1857 - dense_1_accuracy: 0.9789 - dense_2_accuracy: 0.9629 - dense_3_accuracy: 0.9219 - val_loss: 0.3700 - val_dense_1_loss: 0.0618 - val_dense_2_loss: 0.1222 - val_dense_3_loss: 0.1860 - val_dense_1_accuracy: 0.9791 - val_dense_2_accuracy: 0.9631 - val_dense_3_accuracy: 0.9217
Epoch 24/100000
816/816 [==============================] - 16s 20ms/step - loss: 0.3698 - dense_1_loss: 0.0621 - dense_2_loss: 0.1221 - dense_3_loss: 0.1856 - dense_1_accuracy: 0.9789 - dense_2_accuracy: 0.9629 - dense_3_accuracy: 0.9219 - val_loss: 0.3698 - val_dense_1_loss: 0.0618 - val_dense_2_loss: 0.1221 - val_dense_3_loss: 0.1858 - val_dense_1_accuracy: 0.9791 - val_dense_2_accuracy: 0.9631 - val_dense_3_accuracy: 0.9218
Epoch 25/100000
816/816 [==============================] - 17s 21ms/step - loss: 0.3694 - dense_1_loss: 0.0620 - dense_2_loss: 0.1218 - dense_3_loss: 0.1856 - dense_1_accuracy: 0.9789 - dense_2_accuracy: 0.9630 - dense_3_accuracy: 0.9219 - val_loss: 0.3691 - val_dense_1_loss: 0.0617 - val_dense_2_loss: 0.1217 - val_dense_3_loss: 0.1857 - val_dense_1_accuracy: 0.9791 - val_dense_2_accuracy: 0.9632 - val_dense_3_accuracy: 0.9218
Epoch 26/100000
816/816 [==============================] - 18s 22ms/step - loss: 0.3690 - dense_1_loss: 0.0619 - dense_2_loss: 0.1216 - dense_3_loss: 0.1855 - dense_1_accuracy: 0.9789 - dense_2_accuracy: 0.9630 - dense_3_accuracy: 0.9220 - val_loss: 0.3690 - val_dense_1_loss: 0.0618 - val_dense_2_loss: 0.1215 - val_dense_3_loss: 0.1858 - val_dense_1_accuracy: 0.9791 - val_dense_2_accuracy: 0.9633 - val_dense_3_accuracy: 0.9218
Epoch 27/100000
816/816 [==============================] - 16s 20ms/step - loss: 0.3686 - dense_1_loss: 0.0618 - dense_2_loss: 0.1213 - dense_3_loss: 0.1855 - dense_1_accuracy: 0.9790 - dense_2_accuracy: 0.9631 - dense_3_accuracy: 0.9220 - val_loss: 0.3691 - val_dense_1_loss: 0.0618 - val_dense_2_loss: 0.1214 - val_dense_3_loss: 0.1858 - val_dense_1_accuracy: 0.9791 - val_dense_2_accuracy: 0.9633 - val_dense_3_accuracy: 0.9217
Epoch 28/100000
816/816 [==============================] - 17s 21ms/step - loss: 0.3682 - dense_1_loss: 0.0617 - dense_2_loss: 0.1211 - dense_3_loss: 0.1854 - dense_1_accuracy: 0.9790 - dense_2_accuracy: 0.9631 - dense_3_accuracy: 0.9220 - val_loss: 0.3685 - val_dense_1_loss: 0.0616 - val_dense_2_loss: 0.1213 - val_dense_3_loss: 0.1856 - val_dense_1_accuracy: 0.9791 - val_dense_2_accuracy: 0.9633 - val_dense_3_accuracy: 0.9218
Epoch 29/100000
816/816 [==============================] - 16s 20ms/step - loss: 0.3678 - dense_1_loss: 0.0616 - dense_2_loss: 0.1208 - dense_3_loss: 0.1853 - dense_1_accuracy: 0.9790 - dense_2_accuracy: 0.9632 - dense_3_accuracy: 0.9220 - val_loss: 0.3682 - val_dense_1_loss: 0.0614 - val_dense_2_loss: 0.1209 - val_dense_3_loss: 0.1859 - val_dense_1_accuracy: 0.9792 - val_dense_2_accuracy: 0.9634 - val_dense_3_accuracy: 0.9217
Epoch 30/100000
816/816 [==============================] - 18s 23ms/step - loss: 0.3675 - dense_1_loss: 0.0616 - dense_2_loss: 0.1207 - dense_3_loss: 0.1853 - dense_1_accuracy: 0.9790 - dense_2_accuracy: 0.9632 - dense_3_accuracy: 0.9220 - val_loss: 0.3681 - val_dense_1_loss: 0.0616 - val_dense_2_loss: 0.1208 - val_dense_3_loss: 0.1858 - val_dense_1_accuracy: 0.9791 - val_dense_2_accuracy: 0.9634 - val_dense_3_accuracy: 0.9218
Epoch 31/100000
816/816 [==============================] - 16s 20ms/step - loss: 0.3673 - dense_1_loss: 0.0615 - dense_2_loss: 0.1205 - dense_3_loss: 0.1853 - dense_1_accuracy: 0.9790 - dense_2_accuracy: 0.9632 - dense_3_accuracy: 0.9221 - val_loss: 0.3683 - val_dense_1_loss: 0.0615 - val_dense_2_loss: 0.1211 - val_dense_3_loss: 0.1857 - val_dense_1_accuracy: 0.9791 - val_dense_2_accuracy: 0.9632 - val_dense_3_accuracy: 0.9217
Epoch 32/100000
816/816 [==============================] - 17s 21ms/step - loss: 0.3669 - dense_1_loss: 0.0614 - dense_2_loss: 0.1203 - dense_3_loss: 0.1852 - dense_1_accuracy: 0.9791 - dense_2_accuracy: 0.9633 - dense_3_accuracy: 0.9221 - val_loss: 0.3675 - val_dense_1_loss: 0.0614 - val_dense_2_loss: 0.1207 - val_dense_3_loss: 0.1855 - val_dense_1_accuracy: 0.9792 - val_dense_2_accuracy: 0.9634 - val_dense_3_accuracy: 0.9218
Epoch 33/100000
816/816 [==============================] - 16s 20ms/step - loss: 0.3666 - dense_1_loss: 0.0613 - dense_2_loss: 0.1201 - dense_3_loss: 0.1852 - dense_1_accuracy: 0.9791 - dense_2_accuracy: 0.9633 - dense_3_accuracy: 0.9221 - val_loss: 0.3678 - val_dense_1_loss: 0.0613 - val_dense_2_loss: 0.1205 - val_dense_3_loss: 0.1859 - val_dense_1_accuracy: 0.9792 - val_dense_2_accuracy: 0.9634 - val_dense_3_accuracy: 0.9217
Epoch 34/100000
816/816 [==============================] - 17s 20ms/step - loss: 0.3664 - dense_1_loss: 0.0613 - dense_2_loss: 0.1199 - dense_3_loss: 0.1852 - dense_1_accuracy: 0.9791 - dense_2_accuracy: 0.9634 - dense_3_accuracy: 0.9221 - val_loss: 0.3671 - val_dense_1_loss: 0.0612 - val_dense_2_loss: 0.1203 - val_dense_3_loss: 0.1856 - val_dense_1_accuracy: 0.9792 - val_dense_2_accuracy: 0.9635 - val_dense_3_accuracy: 0.9218
Epoch 35/100000
816/816 [==============================] - 17s 21ms/step - loss: 0.3661 - dense_1_loss: 0.0612 - dense_2_loss: 0.1198 - dense_3_loss: 0.1851 - dense_1_accuracy: 0.9791 - dense_2_accuracy: 0.9634 - dense_3_accuracy: 0.9221 - val_loss: 0.3676 - val_dense_1_loss: 0.0615 - val_dense_2_loss: 0.1207 - val_dense_3_loss: 0.1854 - val_dense_1_accuracy: 0.9791 - val_dense_2_accuracy: 0.9635 - val_dense_3_accuracy: 0.9219
Epoch 36/100000
816/816 [==============================] - 17s 20ms/step - loss: 0.3658 - dense_1_loss: 0.0611 - dense_2_loss: 0.1196 - dense_3_loss: 0.1851 - dense_1_accuracy: 0.9791 - dense_2_accuracy: 0.9635 - dense_3_accuracy: 0.9221 - val_loss: 0.3667 - val_dense_1_loss: 0.0611 - val_dense_2_loss: 0.1203 - val_dense_3_loss: 0.1854 - val_dense_1_accuracy: 0.9793 - val_dense_2_accuracy: 0.9636 - val_dense_3_accuracy: 0.9219
Epoch 37/100000
816/816 [==============================] - 17s 21ms/step - loss: 0.3655 - dense_1_loss: 0.0611 - dense_2_loss: 0.1194 - dense_3_loss: 0.1850 - dense_1_accuracy: 0.9791 - dense_2_accuracy: 0.9635 - dense_3_accuracy: 0.9221 - val_loss: 0.3673 - val_dense_1_loss: 0.0614 - val_dense_2_loss: 0.1203 - val_dense_3_loss: 0.1856 - val_dense_1_accuracy: 0.9792 - val_dense_2_accuracy: 0.9635 - val_dense_3_accuracy: 0.9218
Epoch 38/100000
816/816 [==============================] - 16s 20ms/step - loss: 0.3653 - dense_1_loss: 0.0610 - dense_2_loss: 0.1193 - dense_3_loss: 0.1850 - dense_1_accuracy: 0.9792 - dense_2_accuracy: 0.9636 - dense_3_accuracy: 0.9221 - val_loss: 0.3662 - val_dense_1_loss: 0.0610 - val_dense_2_loss: 0.1198 - val_dense_3_loss: 0.1854 - val_dense_1_accuracy: 0.9793 - val_dense_2_accuracy: 0.9637 - val_dense_3_accuracy: 0.9219
Epoch 39/100000
816/816 [==============================] - 17s 21ms/step - loss: 0.3650 - dense_1_loss: 0.0610 - dense_2_loss: 0.1191 - dense_3_loss: 0.1849 - dense_1_accuracy: 0.9792 - dense_2_accuracy: 0.9636 - dense_3_accuracy: 0.9222 - val_loss: 0.3664 - val_dense_1_loss: 0.0611 - val_dense_2_loss: 0.1199 - val_dense_3_loss: 0.1853 - val_dense_1_accuracy: 0.9792 - val_dense_2_accuracy: 0.9636 - val_dense_3_accuracy: 0.9219
Epoch 40/100000
816/816 [==============================] - 18s 22ms/step - loss: 0.3648 - dense_1_loss: 0.0609 - dense_2_loss: 0.1190 - dense_3_loss: 0.1850 - dense_1_accuracy: 0.9792 - dense_2_accuracy: 0.9636 - dense_3_accuracy: 0.9221 - val_loss: 0.3664 - val_dense_1_loss: 0.0610 - val_dense_2_loss: 0.1200 - val_dense_3_loss: 0.1854 - val_dense_1_accuracy: 0.9793 - val_dense_2_accuracy: 0.9637 - val_dense_3_accuracy: 0.9218
Epoch 41/100000
816/816 [==============================] - 17s 20ms/step - loss: 0.3646 - dense_1_loss: 0.0608 - dense_2_loss: 0.1188 - dense_3_loss: 0.1849 - dense_1_accuracy: 0.9792 - dense_2_accuracy: 0.9636 - dense_3_accuracy: 0.9221 - val_loss: 0.3660 - val_dense_1_loss: 0.0611 - val_dense_2_loss: 0.1197 - val_dense_3_loss: 0.1852 - val_dense_1_accuracy: 0.9792 - val_dense_2_accuracy: 0.9636 - val_dense_3_accuracy: 0.9219
Epoch 42/100000
816/816 [==============================] - 16s 20ms/step - loss: 0.3643 - dense_1_loss: 0.0608 - dense_2_loss: 0.1187 - dense_3_loss: 0.1848 - dense_1_accuracy: 0.9792 - dense_2_accuracy: 0.9637 - dense_3_accuracy: 0.9222 - val_loss: 0.3659 - val_dense_1_loss: 0.0610 - val_dense_2_loss: 0.1196 - val_dense_3_loss: 0.1853 - val_dense_1_accuracy: 0.9793 - val_dense_2_accuracy: 0.9637 - val_dense_3_accuracy: 0.9219
Epoch 43/100000
816/816 [==============================] - 17s 20ms/step - loss: 0.3642 - dense_1_loss: 0.0608 - dense_2_loss: 0.1187 - dense_3_loss: 0.1848 - dense_1_accuracy: 0.9792 - dense_2_accuracy: 0.9637 - dense_3_accuracy: 0.9222 - val_loss: 0.3654 - val_dense_1_loss: 0.0609 - val_dense_2_loss: 0.1194 - val_dense_3_loss: 0.1852 - val_dense_1_accuracy: 0.9793 - val_dense_2_accuracy: 0.9638 - val_dense_3_accuracy: 0.9219
Epoch 44/100000
816/816 [==============================] - 18s 22ms/step - loss: 0.3640 - dense_1_loss: 0.0607 - dense_2_loss: 0.1185 - dense_3_loss: 0.1848 - dense_1_accuracy: 0.9792 - dense_2_accuracy: 0.9637 - dense_3_accuracy: 0.9222 - val_loss: 0.3655 - val_dense_1_loss: 0.0609 - val_dense_2_loss: 0.1194 - val_dense_3_loss: 0.1852 - val_dense_1_accuracy: 0.9793 - val_dense_2_accuracy: 0.9638 - val_dense_3_accuracy: 0.9219
Epoch 45/100000
816/816 [==============================] - 17s 21ms/step - loss: 0.3637 - dense_1_loss: 0.0606 - dense_2_loss: 0.1183 - dense_3_loss: 0.1848 - dense_1_accuracy: 0.9793 - dense_2_accuracy: 0.9637 - dense_3_accuracy: 0.9222 - val_loss: 0.3653 - val_dense_1_loss: 0.0608 - val_dense_2_loss: 0.1193 - val_dense_3_loss: 0.1852 - val_dense_1_accuracy: 0.9793 - val_dense_2_accuracy: 0.9637 - val_dense_3_accuracy: 0.9219
Epoch 46/100000
816/816 [==============================] - 17s 21ms/step - loss: 0.3635 - dense_1_loss: 0.0606 - dense_2_loss: 0.1182 - dense_3_loss: 0.1847 - dense_1_accuracy: 0.9793 - dense_2_accuracy: 0.9638 - dense_3_accuracy: 0.9222 - val_loss: 0.3655 - val_dense_1_loss: 0.0609 - val_dense_2_loss: 0.1194 - val_dense_3_loss: 0.1853 - val_dense_1_accuracy: 0.9793 - val_dense_2_accuracy: 0.9637 - val_dense_3_accuracy: 0.9220
Epoch 47/100000
816/816 [==============================] - 17s 20ms/step - loss: 0.3633 - dense_1_loss: 0.0606 - dense_2_loss: 0.1181 - dense_3_loss: 0.1847 - dense_1_accuracy: 0.9793 - dense_2_accuracy: 0.9638 - dense_3_accuracy: 0.9222 - val_loss: 0.3654 - val_dense_1_loss: 0.0609 - val_dense_2_loss: 0.1191 - val_dense_3_loss: 0.1854 - val_dense_1_accuracy: 0.9793 - val_dense_2_accuracy: 0.9638 - val_dense_3_accuracy: 0.9217
Epoch 48/100000
816/816 [==============================] - 18s 22ms/step - loss: 0.3632 - dense_1_loss: 0.0605 - dense_2_loss: 0.1180 - dense_3_loss: 0.1847 - dense_1_accuracy: 0.9793 - dense_2_accuracy: 0.9638 - dense_3_accuracy: 0.9222 - val_loss: 0.3649 - val_dense_1_loss: 0.0607 - val_dense_2_loss: 0.1191 - val_dense_3_loss: 0.1851 - val_dense_1_accuracy: 0.9794 - val_dense_2_accuracy: 0.9638 - val_dense_3_accuracy: 0.9219
Epoch 49/100000
816/816 [==============================] - 17s 21ms/step - loss: 0.3630 - dense_1_loss: 0.0605 - dense_2_loss: 0.1179 - dense_3_loss: 0.1847 - dense_1_accuracy: 0.9793 - dense_2_accuracy: 0.9639 - dense_3_accuracy: 0.9222 - val_loss: 0.3653 - val_dense_1_loss: 0.0609 - val_dense_2_loss: 0.1192 - val_dense_3_loss: 0.1851 - val_dense_1_accuracy: 0.9793 - val_dense_2_accuracy: 0.9638 - val_dense_3_accuracy: 0.9219
Epoch 50/100000
816/816 [==============================] - 17s 21ms/step - loss: 0.3629 - dense_1_loss: 0.0604 - dense_2_loss: 0.1178 - dense_3_loss: 0.1847 - dense_1_accuracy: 0.9793 - dense_2_accuracy: 0.9639 - dense_3_accuracy: 0.9222 - val_loss: 0.3648 - val_dense_1_loss: 0.0607 - val_dense_2_loss: 0.1190 - val_dense_3_loss: 0.1851 - val_dense_1_accuracy: 0.9793 - val_dense_2_accuracy: 0.9638 - val_dense_3_accuracy: 0.9219
Epoch 51/100000
816/816 [==============================] - 17s 20ms/step - loss: 0.3627 - dense_1_loss: 0.0604 - dense_2_loss: 0.1177 - dense_3_loss: 0.1846 - dense_1_accuracy: 0.9793 - dense_2_accuracy: 0.9639 - dense_3_accuracy: 0.9223 - val_loss: 0.3643 - val_dense_1_loss: 0.0605 - val_dense_2_loss: 0.1187 - val_dense_3_loss: 0.1851 - val_dense_1_accuracy: 0.9794 - val_dense_2_accuracy: 0.9639 - val_dense_3_accuracy: 0.9219
Epoch 52/100000
816/816 [==============================] - 17s 20ms/step - loss: 0.3625 - dense_1_loss: 0.0603 - dense_2_loss: 0.1176 - dense_3_loss: 0.1846 - dense_1_accuracy: 0.9793 - dense_2_accuracy: 0.9639 - dense_3_accuracy: 0.9222 - val_loss: 0.3648 - val_dense_1_loss: 0.0607 - val_dense_2_loss: 0.1190 - val_dense_3_loss: 0.1851 - val_dense_1_accuracy: 0.9794 - val_dense_2_accuracy: 0.9639 - val_dense_3_accuracy: 0.9219
Epoch 53/100000
816/816 [==============================] - 17s 21ms/step - loss: 0.3623 - dense_1_loss: 0.0603 - dense_2_loss: 0.1175 - dense_3_loss: 0.1846 - dense_1_accuracy: 0.9793 - dense_2_accuracy: 0.9639 - dense_3_accuracy: 0.9223 - val_loss: 0.3649 - val_dense_1_loss: 0.0607 - val_dense_2_loss: 0.1191 - val_dense_3_loss: 0.1851 - val_dense_1_accuracy: 0.9794 - val_dense_2_accuracy: 0.9638 - val_dense_3_accuracy: 0.9220
Epoch 54/100000
816/816 [==============================] - 17s 21ms/step - loss: 0.3622 - dense_1_loss: 0.0603 - dense_2_loss: 0.1174 - dense_3_loss: 0.1845 - dense_1_accuracy: 0.9793 - dense_2_accuracy: 0.9639 - dense_3_accuracy: 0.9222 - val_loss: 0.3642 - val_dense_1_loss: 0.0606 - val_dense_2_loss: 0.1187 - val_dense_3_loss: 0.1849 - val_dense_1_accuracy: 0.9794 - val_dense_2_accuracy: 0.9639 - val_dense_3_accuracy: 0.9219
Epoch 55/100000
816/816 [==============================] - 17s 20ms/step - loss: 0.3621 - dense_1_loss: 0.0602 - dense_2_loss: 0.1173 - dense_3_loss: 0.1845 - dense_1_accuracy: 0.9793 - dense_2_accuracy: 0.9640 - dense_3_accuracy: 0.9223 - val_loss: 0.3644 - val_dense_1_loss: 0.0606 - val_dense_2_loss: 0.1186 - val_dense_3_loss: 0.1851 - val_dense_1_accuracy: 0.9793 - val_dense_2_accuracy: 0.9639 - val_dense_3_accuracy: 0.9220
Epoch 56/100000
816/816 [==============================] - 16s 20ms/step - loss: 0.3619 - dense_1_loss: 0.0602 - dense_2_loss: 0.1172 - dense_3_loss: 0.1845 - dense_1_accuracy: 0.9794 - dense_2_accuracy: 0.9640 - dense_3_accuracy: 0.9223 - val_loss: 0.3644 - val_dense_1_loss: 0.0607 - val_dense_2_loss: 0.1187 - val_dense_3_loss: 0.1849 - val_dense_1_accuracy: 0.9793 - val_dense_2_accuracy: 0.9639 - val_dense_3_accuracy: 0.9220
Epoch 57/100000
816/816 [==============================] - 17s 21ms/step - loss: 0.3618 - dense_1_loss: 0.0601 - dense_2_loss: 0.1171 - dense_3_loss: 0.1845 - dense_1_accuracy: 0.9794 - dense_2_accuracy: 0.9640 - dense_3_accuracy: 0.9223 - val_loss: 0.3641 - val_dense_1_loss: 0.0606 - val_dense_2_loss: 0.1185 - val_dense_3_loss: 0.1850 - val_dense_1_accuracy: 0.9794 - val_dense_2_accuracy: 0.9640 - val_dense_3_accuracy: 0.9219
Epoch 58/100000
816/816 [==============================] - 18s 22ms/step - loss: 0.3616 - dense_1_loss: 0.0601 - dense_2_loss: 0.1170 - dense_3_loss: 0.1844 - dense_1_accuracy: 0.9794 - dense_2_accuracy: 0.9640 - dense_3_accuracy: 0.9223 - val_loss: 0.3640 - val_dense_1_loss: 0.0605 - val_dense_2_loss: 0.1186 - val_dense_3_loss: 0.1849 - val_dense_1_accuracy: 0.9794 - val_dense_2_accuracy: 0.9640 - val_dense_3_accuracy: 0.9220
Epoch 59/100000
816/816 [==============================] - 17s 21ms/step - loss: 0.3615 - dense_1_loss: 0.0601 - dense_2_loss: 0.1170 - dense_3_loss: 0.1845 - dense_1_accuracy: 0.9794 - dense_2_accuracy: 0.9641 - dense_3_accuracy: 0.9223 - val_loss: 0.3642 - val_dense_1_loss: 0.0606 - val_dense_2_loss: 0.1186 - val_dense_3_loss: 0.1850 - val_dense_1_accuracy: 0.9794 - val_dense_2_accuracy: 0.9640 - val_dense_3_accuracy: 0.9220
Epoch 60/100000
816/816 [==============================] - 18s 21ms/step - loss: 0.3613 - dense_1_loss: 0.0601 - dense_2_loss: 0.1169 - dense_3_loss: 0.1844 - dense_1_accuracy: 0.9794 - dense_2_accuracy: 0.9641 - dense_3_accuracy: 0.9223 - val_loss: 0.3642 - val_dense_1_loss: 0.0606 - val_dense_2_loss: 0.1185 - val_dense_3_loss: 0.1851 - val_dense_1_accuracy: 0.9794 - val_dense_2_accuracy: 0.9640 - val_dense_3_accuracy: 0.9220
Epoch 61/100000
816/816 [==============================] - 17s 21ms/step - loss: 0.3612 - dense_1_loss: 0.0600 - dense_2_loss: 0.1168 - dense_3_loss: 0.1844 - dense_1_accuracy: 0.9794 - dense_2_accuracy: 0.9641 - dense_3_accuracy: 0.9223 - val_loss: 0.3638 - val_dense_1_loss: 0.0605 - val_dense_2_loss: 0.1185 - val_dense_3_loss: 0.1848 - val_dense_1_accuracy: 0.9794 - val_dense_2_accuracy: 0.9640 - val_dense_3_accuracy: 0.9221
Epoch 62/100000
816/816 [==============================] - 17s 21ms/step - loss: 0.3611 - dense_1_loss: 0.0600 - dense_2_loss: 0.1167 - dense_3_loss: 0.1844 - dense_1_accuracy: 0.9794 - dense_2_accuracy: 0.9641 - dense_3_accuracy: 0.9223 - val_loss: 0.3635 - val_dense_1_loss: 0.0604 - val_dense_2_loss: 0.1182 - val_dense_3_loss: 0.1850 - val_dense_1_accuracy: 0.9794 - val_dense_2_accuracy: 0.9641 - val_dense_3_accuracy: 0.9220
Epoch 63/100000
816/816 [==============================] - 17s 21ms/step - loss: 0.3609 - dense_1_loss: 0.0599 - dense_2_loss: 0.1166 - dense_3_loss: 0.1844 - dense_1_accuracy: 0.9794 - dense_2_accuracy: 0.9641 - dense_3_accuracy: 0.9223 - val_loss: 0.3639 - val_dense_1_loss: 0.0605 - val_dense_2_loss: 0.1183 - val_dense_3_loss: 0.1851 - val_dense_1_accuracy: 0.9795 - val_dense_2_accuracy: 0.9640 - val_dense_3_accuracy: 0.9219
Epoch 64/100000
816/816 [==============================] - 18s 22ms/step - loss: 0.3608 - dense_1_loss: 0.0599 - dense_2_loss: 0.1165 - dense_3_loss: 0.1844 - dense_1_accuracy: 0.9794 - dense_2_accuracy: 0.9642 - dense_3_accuracy: 0.9223 - val_loss: 0.3635 - val_dense_1_loss: 0.0604 - val_dense_2_loss: 0.1182 - val_dense_3_loss: 0.1849 - val_dense_1_accuracy: 0.9794 - val_dense_2_accuracy: 0.9640 - val_dense_3_accuracy: 0.9220
Epoch 65/100000
816/816 [==============================] - 17s 21ms/step - loss: 0.3606 - dense_1_loss: 0.0599 - dense_2_loss: 0.1165 - dense_3_loss: 0.1843 - dense_1_accuracy: 0.9795 - dense_2_accuracy: 0.9642 - dense_3_accuracy: 0.9223 - val_loss: 0.3637 - val_dense_1_loss: 0.0604 - val_dense_2_loss: 0.1184 - val_dense_3_loss: 0.1849 - val_dense_1_accuracy: 0.9794 - val_dense_2_accuracy: 0.9640 - val_dense_3_accuracy: 0.9220
Epoch 66/100000
816/816 [==============================] - 17s 21ms/step - loss: 0.3605 - dense_1_loss: 0.0598 - dense_2_loss: 0.1164 - dense_3_loss: 0.1843 - dense_1_accuracy: 0.9794 - dense_2_accuracy: 0.9642 - dense_3_accuracy: 0.9223 - val_loss: 0.3638 - val_dense_1_loss: 0.0605 - val_dense_2_loss: 0.1184 - val_dense_3_loss: 0.1849 - val_dense_1_accuracy: 0.9795 - val_dense_2_accuracy: 0.9640 - val_dense_3_accuracy: 0.9219
Epoch 67/100000
816/816 [==============================] - 17s 20ms/step - loss: 0.3605 - dense_1_loss: 0.0598 - dense_2_loss: 0.1163 - dense_3_loss: 0.1843 - dense_1_accuracy: 0.9795 - dense_2_accuracy: 0.9642 - dense_3_accuracy: 0.9224 - val_loss: 0.3638 - val_dense_1_loss: 0.0605 - val_dense_2_loss: 0.1184 - val_dense_3_loss: 0.1849 - val_dense_1_accuracy: 0.9794 - val_dense_2_accuracy: 0.9640 - val_dense_3_accuracy: 0.9220
Epoch 68/100000
816/816 [==============================] - 17s 21ms/step - loss: 0.3604 - dense_1_loss: 0.0598 - dense_2_loss: 0.1163 - dense_3_loss: 0.1843 - dense_1_accuracy: 0.9794 - dense_2_accuracy: 0.9642 - dense_3_accuracy: 0.9223 - val_loss: 0.3636 - val_dense_1_loss: 0.0606 - val_dense_2_loss: 0.1183 - val_dense_3_loss: 0.1848 - val_dense_1_accuracy: 0.9795 - val_dense_2_accuracy: 0.9641 - val_dense_3_accuracy: 0.9221
Epoch 69/100000
816/816 [==============================] - 20s 24ms/step - loss: 0.3602 - dense_1_loss: 0.0598 - dense_2_loss: 0.1161 - dense_3_loss: 0.1843 - dense_1_accuracy: 0.9794 - dense_2_accuracy: 0.9642 - dense_3_accuracy: 0.9224 - val_loss: 0.3634 - val_dense_1_loss: 0.0603 - val_dense_2_loss: 0.1181 - val_dense_3_loss: 0.1850 - val_dense_1_accuracy: 0.9795 - val_dense_2_accuracy: 0.9641 - val_dense_3_accuracy: 0.9220
Epoch 70/100000
816/816 [==============================] - 17s 21ms/step - loss: 0.3601 - dense_1_loss: 0.0597 - dense_2_loss: 0.1161 - dense_3_loss: 0.1843 - dense_1_accuracy: 0.9795 - dense_2_accuracy: 0.9643 - dense_3_accuracy: 0.9224 - val_loss: 0.3636 - val_dense_1_loss: 0.0605 - val_dense_2_loss: 0.1182 - val_dense_3_loss: 0.1849 - val_dense_1_accuracy: 0.9794 - val_dense_2_accuracy: 0.9640 - val_dense_3_accuracy: 0.9220
Epoch 71/100000
816/816 [==============================] - 19s 23ms/step - loss: 0.3599 - dense_1_loss: 0.0597 - dense_2_loss: 0.1160 - dense_3_loss: 0.1842 - dense_1_accuracy: 0.9795 - dense_2_accuracy: 0.9643 - dense_3_accuracy: 0.9224 - val_loss: 0.3633 - val_dense_1_loss: 0.0603 - val_dense_2_loss: 0.1181 - val_dense_3_loss: 0.1848 - val_dense_1_accuracy: 0.9795 - val_dense_2_accuracy: 0.9642 - val_dense_3_accuracy: 0.9220
Epoch 72/100000
816/816 [==============================] - 20s 25ms/step - loss: 0.3598 - dense_1_loss: 0.0597 - dense_2_loss: 0.1160 - dense_3_loss: 0.1842 - dense_1_accuracy: 0.9795 - dense_2_accuracy: 0.9643 - dense_3_accuracy: 0.9224 - val_loss: 0.3630 - val_dense_1_loss: 0.0603 - val_dense_2_loss: 0.1180 - val_dense_3_loss: 0.1848 - val_dense_1_accuracy: 0.9795 - val_dense_2_accuracy: 0.9641 - val_dense_3_accuracy: 0.9220
Epoch 73/100000
816/816 [==============================] - 18s 22ms/step - loss: 0.3597 - dense_1_loss: 0.0596 - dense_2_loss: 0.1159 - dense_3_loss: 0.1842 - dense_1_accuracy: 0.9795 - dense_2_accuracy: 0.9643 - dense_3_accuracy: 0.9224 - val_loss: 0.3632 - val_dense_1_loss: 0.0604 - val_dense_2_loss: 0.1181 - val_dense_3_loss: 0.1848 - val_dense_1_accuracy: 0.9795 - val_dense_2_accuracy: 0.9641 - val_dense_3_accuracy: 0.9220
Epoch 74/100000
816/816 [==============================] - 18s 22ms/step - loss: 0.3596 - dense_1_loss: 0.0596 - dense_2_loss: 0.1158 - dense_3_loss: 0.1842 - dense_1_accuracy: 0.9795 - dense_2_accuracy: 0.9643 - dense_3_accuracy: 0.9224 - val_loss: 0.3632 - val_dense_1_loss: 0.0604 - val_dense_2_loss: 0.1180 - val_dense_3_loss: 0.1848 - val_dense_1_accuracy: 0.9795 - val_dense_2_accuracy: 0.9641 - val_dense_3_accuracy: 0.9220
Epoch 75/100000
816/816 [==============================] - 18s 22ms/step - loss: 0.3595 - dense_1_loss: 0.0596 - dense_2_loss: 0.1158 - dense_3_loss: 0.1842 - dense_1_accuracy: 0.9795 - dense_2_accuracy: 0.9643 - dense_3_accuracy: 0.9224 - val_loss: 0.3629 - val_dense_1_loss: 0.0603 - val_dense_2_loss: 0.1178 - val_dense_3_loss: 0.1848 - val_dense_1_accuracy: 0.9795 - val_dense_2_accuracy: 0.9641 - val_dense_3_accuracy: 0.9220
Epoch 76/100000
816/816 [==============================] - 20s 24ms/step - loss: 0.3594 - dense_1_loss: 0.0596 - dense_2_loss: 0.1157 - dense_3_loss: 0.1842 - dense_1_accuracy: 0.9795 - dense_2_accuracy: 0.9644 - dense_3_accuracy: 0.9224 - val_loss: 0.3631 - val_dense_1_loss: 0.0603 - val_dense_2_loss: 0.1179 - val_dense_3_loss: 0.1849 - val_dense_1_accuracy: 0.9795 - val_dense_2_accuracy: 0.9642 - val_dense_3_accuracy: 0.9220
Epoch 77/100000
816/816 [==============================] - 18s 23ms/step - loss: 0.3593 - dense_1_loss: 0.0595 - dense_2_loss: 0.1156 - dense_3_loss: 0.1841 - dense_1_accuracy: 0.9795 - dense_2_accuracy: 0.9644 - dense_3_accuracy: 0.9224 - val_loss: 0.3628 - val_dense_1_loss: 0.0603 - val_dense_2_loss: 0.1178 - val_dense_3_loss: 0.1847 - val_dense_1_accuracy: 0.9795 - val_dense_2_accuracy: 0.9642 - val_dense_3_accuracy: 0.9221
Epoch 78/100000
816/816 [==============================] - 18s 21ms/step - loss: 0.3592 - dense_1_loss: 0.0595 - dense_2_loss: 0.1155 - dense_3_loss: 0.1841 - dense_1_accuracy: 0.9795 - dense_2_accuracy: 0.9644 - dense_3_accuracy: 0.9224 - val_loss: 0.3631 - val_dense_1_loss: 0.0603 - val_dense_2_loss: 0.1179 - val_dense_3_loss: 0.1848 - val_dense_1_accuracy: 0.9795 - val_dense_2_accuracy: 0.9641 - val_dense_3_accuracy: 0.9220
Epoch 79/100000
816/816 [==============================] - 21s 26ms/step - loss: 0.3591 - dense_1_loss: 0.0595 - dense_2_loss: 0.1155 - dense_3_loss: 0.1841 - dense_1_accuracy: 0.9795 - dense_2_accuracy: 0.9644 - dense_3_accuracy: 0.9224 - val_loss: 0.3632 - val_dense_1_loss: 0.0604 - val_dense_2_loss: 0.1181 - val_dense_3_loss: 0.1848 - val_dense_1_accuracy: 0.9795 - val_dense_2_accuracy: 0.9642 - val_dense_3_accuracy: 0.9220
Epoch 80/100000
816/816 [==============================] - 18s 22ms/step - loss: 0.3590 - dense_1_loss: 0.0595 - dense_2_loss: 0.1154 - dense_3_loss: 0.1841 - dense_1_accuracy: 0.9796 - dense_2_accuracy: 0.9644 - dense_3_accuracy: 0.9224 - val_loss: 0.3631 - val_dense_1_loss: 0.0602 - val_dense_2_loss: 0.1179 - val_dense_3_loss: 0.1849 - val_dense_1_accuracy: 0.9795 - val_dense_2_accuracy: 0.9642 - val_dense_3_accuracy: 0.9219
Epoch 81/100000
816/816 [==============================] - 18s 22ms/step - loss: 0.3590 - dense_1_loss: 0.0595 - dense_2_loss: 0.1154 - dense_3_loss: 0.1841 - dense_1_accuracy: 0.9796 - dense_2_accuracy: 0.9644 - dense_3_accuracy: 0.9224 - val_loss: 0.3629 - val_dense_1_loss: 0.0603 - val_dense_2_loss: 0.1179 - val_dense_3_loss: 0.1847 - val_dense_1_accuracy: 0.9795 - val_dense_2_accuracy: 0.9641 - val_dense_3_accuracy: 0.9220
Epoch 82/100000
816/816 [==============================] - 18s 22ms/step - loss: 0.3589 - dense_1_loss: 0.0594 - dense_2_loss: 0.1154 - dense_3_loss: 0.1841 - dense_1_accuracy: 0.9796 - dense_2_accuracy: 0.9644 - dense_3_accuracy: 0.9224 - val_loss: 0.3630 - val_dense_1_loss: 0.0603 - val_dense_2_loss: 0.1178 - val_dense_3_loss: 0.1849 - val_dense_1_accuracy: 0.9795 - val_dense_2_accuracy: 0.9642 - val_dense_3_accuracy: 0.9219
Epoch 83/100000
816/816 [==============================] - 19s 23ms/step - loss: 0.3587 - dense_1_loss: 0.0594 - dense_2_loss: 0.1153 - dense_3_loss: 0.1841 - dense_1_accuracy: 0.9796 - dense_2_accuracy: 0.9645 - dense_3_accuracy: 0.9224 - val_loss: 0.3629 - val_dense_1_loss: 0.0603 - val_dense_2_loss: 0.1178 - val_dense_3_loss: 0.1848 - val_dense_1_accuracy: 0.9795 - val_dense_2_accuracy: 0.9643 - val_dense_3_accuracy: 0.9220
Epoch 84/100000
816/816 [==============================] - 19s 24ms/step - loss: 0.3586 - dense_1_loss: 0.0593 - dense_2_loss: 0.1152 - dense_3_loss: 0.1840 - dense_1_accuracy: 0.9796 - dense_2_accuracy: 0.9645 - dense_3_accuracy: 0.9225 - val_loss: 0.3631 - val_dense_1_loss: 0.0603 - val_dense_2_loss: 0.1178 - val_dense_3_loss: 0.1851 - val_dense_1_accuracy: 0.9795 - val_dense_2_accuracy: 0.9643 - val_dense_3_accuracy: 0.9218
Epoch 85/100000
816/816 [==============================] - 18s 22ms/step - loss: 0.3586 - dense_1_loss: 0.0593 - dense_2_loss: 0.1152 - dense_3_loss: 0.1840 - dense_1_accuracy: 0.9796 - dense_2_accuracy: 0.9645 - dense_3_accuracy: 0.9224 - val_loss: 0.3628 - val_dense_1_loss: 0.0603 - val_dense_2_loss: 0.1177 - val_dense_3_loss: 0.1848 - val_dense_1_accuracy: 0.9795 - val_dense_2_accuracy: 0.9643 - val_dense_3_accuracy: 0.9220
Epoch 86/100000
816/816 [==============================] - 19s 23ms/step - loss: 0.3584 - dense_1_loss: 0.0593 - dense_2_loss: 0.1151 - dense_3_loss: 0.1840 - dense_1_accuracy: 0.9796 - dense_2_accuracy: 0.9645 - dense_3_accuracy: 0.9224 - val_loss: 0.3626 - val_dense_1_loss: 0.0602 - val_dense_2_loss: 0.1176 - val_dense_3_loss: 0.1848 - val_dense_1_accuracy: 0.9795 - val_dense_2_accuracy: 0.9643 - val_dense_3_accuracy: 0.9220
Epoch 87/100000
816/816 [==============================] - 19s 23ms/step - loss: 0.3583 - dense_1_loss: 0.0593 - dense_2_loss: 0.1150 - dense_3_loss: 0.1840 - dense_1_accuracy: 0.9796 - dense_2_accuracy: 0.9645 - dense_3_accuracy: 0.9224 - val_loss: 0.3626 - val_dense_1_loss: 0.0603 - val_dense_2_loss: 0.1176 - val_dense_3_loss: 0.1847 - val_dense_1_accuracy: 0.9795 - val_dense_2_accuracy: 0.9643 - val_dense_3_accuracy: 0.9221
Epoch 88/100000
816/816 [==============================] - 17s 21ms/step - loss: 0.3583 - dense_1_loss: 0.0593 - dense_2_loss: 0.1150 - dense_3_loss: 0.1840 - dense_1_accuracy: 0.9796 - dense_2_accuracy: 0.9645 - dense_3_accuracy: 0.9224 - val_loss: 0.3629 - val_dense_1_loss: 0.0603 - val_dense_2_loss: 0.1178 - val_dense_3_loss: 0.1849 - val_dense_1_accuracy: 0.9795 - val_dense_2_accuracy: 0.9642 - val_dense_3_accuracy: 0.9220
Epoch 89/100000
816/816 [==============================] - 17s 21ms/step - loss: 0.3582 - dense_1_loss: 0.0592 - dense_2_loss: 0.1149 - dense_3_loss: 0.1840 - dense_1_accuracy: 0.9796 - dense_2_accuracy: 0.9645 - dense_3_accuracy: 0.9224 - val_loss: 0.3628 - val_dense_1_loss: 0.0602 - val_dense_2_loss: 0.1178 - val_dense_3_loss: 0.1847 - val_dense_1_accuracy: 0.9795 - val_dense_2_accuracy: 0.9642 - val_dense_3_accuracy: 0.9220
Epoch 90/100000
816/816 [==============================] - 18s 22ms/step - loss: 0.3580 - dense_1_loss: 0.0592 - dense_2_loss: 0.1149 - dense_3_loss: 0.1840 - dense_1_accuracy: 0.9796 - dense_2_accuracy: 0.9646 - dense_3_accuracy: 0.9224 - val_loss: 0.3625 - val_dense_1_loss: 0.0602 - val_dense_2_loss: 0.1176 - val_dense_3_loss: 0.1848 - val_dense_1_accuracy: 0.9795 - val_dense_2_accuracy: 0.9642 - val_dense_3_accuracy: 0.9220
Epoch 91/100000
816/816 [==============================] - 18s 22ms/step - loss: 0.3580 - dense_1_loss: 0.0592 - dense_2_loss: 0.1148 - dense_3_loss: 0.1840 - dense_1_accuracy: 0.9796 - dense_2_accuracy: 0.9646 - dense_3_accuracy: 0.9224 - val_loss: 0.3624 - val_dense_1_loss: 0.0602 - val_dense_2_loss: 0.1175 - val_dense_3_loss: 0.1847 - val_dense_1_accuracy: 0.9796 - val_dense_2_accuracy: 0.9643 - val_dense_3_accuracy: 0.9220
Epoch 92/100000
816/816 [==============================] - 17s 21ms/step - loss: 0.3579 - dense_1_loss: 0.0592 - dense_2_loss: 0.1148 - dense_3_loss: 0.1839 - dense_1_accuracy: 0.9796 - dense_2_accuracy: 0.9646 - dense_3_accuracy: 0.9224 - val_loss: 0.3627 - val_dense_1_loss: 0.0602 - val_dense_2_loss: 0.1178 - val_dense_3_loss: 0.1847 - val_dense_1_accuracy: 0.9795 - val_dense_2_accuracy: 0.9642 - val_dense_3_accuracy: 0.9220
Epoch 93/100000
816/816 [==============================] - 17s 21ms/step - loss: 0.3578 - dense_1_loss: 0.0592 - dense_2_loss: 0.1148 - dense_3_loss: 0.1839 - dense_1_accuracy: 0.9796 - dense_2_accuracy: 0.9646 - dense_3_accuracy: 0.9225 - val_loss: 0.3628 - val_dense_1_loss: 0.0603 - val_dense_2_loss: 0.1177 - val_dense_3_loss: 0.1847 - val_dense_1_accuracy: 0.9795 - val_dense_2_accuracy: 0.9642 - val_dense_3_accuracy: 0.9220
Epoch 94/100000
816/816 [==============================] - 17s 21ms/step - loss: 0.3578 - dense_1_loss: 0.0591 - dense_2_loss: 0.1147 - dense_3_loss: 0.1839 - dense_1_accuracy: 0.9797 - dense_2_accuracy: 0.9646 - dense_3_accuracy: 0.9225 - val_loss: 0.3627 - val_dense_1_loss: 0.0602 - val_dense_2_loss: 0.1176 - val_dense_3_loss: 0.1848 - val_dense_1_accuracy: 0.9795 - val_dense_2_accuracy: 0.9643 - val_dense_3_accuracy: 0.9220
Epoch 95/100000
816/816 [==============================] - 18s 22ms/step - loss: 0.3577 - dense_1_loss: 0.0591 - dense_2_loss: 0.1146 - dense_3_loss: 0.1839 - dense_1_accuracy: 0.9796 - dense_2_accuracy: 0.9646 - dense_3_accuracy: 0.9224 - val_loss: 0.3626 - val_dense_1_loss: 0.0602 - val_dense_2_loss: 0.1175 - val_dense_3_loss: 0.1848 - val_dense_1_accuracy: 0.9795 - val_dense_2_accuracy: 0.9643 - val_dense_3_accuracy: 0.9220
Epoch 96/100000
816/816 [==============================] - 17s 21ms/step - loss: 0.3577 - dense_1_loss: 0.0591 - dense_2_loss: 0.1146 - dense_3_loss: 0.1839 - dense_1_accuracy: 0.9796 - dense_2_accuracy: 0.9646 - dense_3_accuracy: 0.9225 - val_loss: 0.3624 - val_dense_1_loss: 0.0602 - val_dense_2_loss: 0.1175 - val_dense_3_loss: 0.1847 - val_dense_1_accuracy: 0.9796 - val_dense_2_accuracy: 0.9644 - val_dense_3_accuracy: 0.9221
Epoch 97/100000
816/816 [==============================] - 20s 24ms/step - loss: 0.3576 - dense_1_loss: 0.0591 - dense_2_loss: 0.1146 - dense_3_loss: 0.1839 - dense_1_accuracy: 0.9797 - dense_2_accuracy: 0.9646 - dense_3_accuracy: 0.9225 - val_loss: 0.3627 - val_dense_1_loss: 0.0603 - val_dense_2_loss: 0.1178 - val_dense_3_loss: 0.1846 - val_dense_1_accuracy: 0.9795 - val_dense_2_accuracy: 0.9643 - val_dense_3_accuracy: 0.9221
Epoch 98/100000
816/816 [==============================] - 18s 22ms/step - loss: 0.3575 - dense_1_loss: 0.0591 - dense_2_loss: 0.1145 - dense_3_loss: 0.1839 - dense_1_accuracy: 0.9797 - dense_2_accuracy: 0.9646 - dense_3_accuracy: 0.9225 - val_loss: 0.3627 - val_dense_1_loss: 0.0602 - val_dense_2_loss: 0.1177 - val_dense_3_loss: 0.1847 - val_dense_1_accuracy: 0.9795 - val_dense_2_accuracy: 0.9643 - val_dense_3_accuracy: 0.9220
Epoch 99/100000
816/816 [==============================] - 18s 22ms/step - loss: 0.3574 - dense_1_loss: 0.0591 - dense_2_loss: 0.1145 - dense_3_loss: 0.1839 - dense_1_accuracy: 0.9796 - dense_2_accuracy: 0.9647 - dense_3_accuracy: 0.9225 - val_loss: 0.3629 - val_dense_1_loss: 0.0603 - val_dense_2_loss: 0.1177 - val_dense_3_loss: 0.1848 - val_dense_1_accuracy: 0.9795 - val_dense_2_accuracy: 0.9643 - val_dense_3_accuracy: 0.9220
Epoch 100/100000
816/816 [==============================] - 18s 22ms/step - loss: 0.3573 - dense_1_loss: 0.0590 - dense_2_loss: 0.1144 - dense_3_loss: 0.1839 - dense_1_accuracy: 0.9797 - dense_2_accuracy: 0.9647 - dense_3_accuracy: 0.9225 - val_loss: 0.3623 - val_dense_1_loss: 0.0601 - val_dense_2_loss: 0.1175 - val_dense_3_loss: 0.1846 - val_dense_1_accuracy: 0.9796 - val_dense_2_accuracy: 0.9643 - val_dense_3_accuracy: 0.9221
Epoch 101/100000
816/816 [==============================] - 17s 21ms/step - loss: 0.3572 - dense_1_loss: 0.0590 - dense_2_loss: 0.1144 - dense_3_loss: 0.1839 - dense_1_accuracy: 0.9797 - dense_2_accuracy: 0.9647 - dense_3_accuracy: 0.9224 - val_loss: 0.3624 - val_dense_1_loss: 0.0602 - val_dense_2_loss: 0.1175 - val_dense_3_loss: 0.1846 - val_dense_1_accuracy: 0.9795 - val_dense_2_accuracy: 0.9643 - val_dense_3_accuracy: 0.9221
Epoch 102/100000
816/816 [==============================] - 17s 21ms/step - loss: 0.3571 - dense_1_loss: 0.0590 - dense_2_loss: 0.1143 - dense_3_loss: 0.1838 - dense_1_accuracy: 0.9797 - dense_2_accuracy: 0.9647 - dense_3_accuracy: 0.9225 - val_loss: 0.3623 - val_dense_1_loss: 0.0602 - val_dense_2_loss: 0.1175 - val_dense_3_loss: 0.1847 - val_dense_1_accuracy: 0.9795 - val_dense_2_accuracy: 0.9642 - val_dense_3_accuracy: 0.9221
Epoch 103/100000
816/816 [==============================] - 17s 21ms/step - loss: 0.3571 - dense_1_loss: 0.0590 - dense_2_loss: 0.1143 - dense_3_loss: 0.1838 - dense_1_accuracy: 0.9797 - dense_2_accuracy: 0.9647 - dense_3_accuracy: 0.9225 - val_loss: 0.3623 - val_dense_1_loss: 0.0602 - val_dense_2_loss: 0.1175 - val_dense_3_loss: 0.1846 - val_dense_1_accuracy: 0.9796 - val_dense_2_accuracy: 0.9644 - val_dense_3_accuracy: 0.9221
Epoch 104/100000
816/816 [==============================] - 22s 27ms/step - loss: 0.3571 - dense_1_loss: 0.0589 - dense_2_loss: 0.1143 - dense_3_loss: 0.1838 - dense_1_accuracy: 0.9797 - dense_2_accuracy: 0.9647 - dense_3_accuracy: 0.9225 - val_loss: 0.3627 - val_dense_1_loss: 0.0603 - val_dense_2_loss: 0.1177 - val_dense_3_loss: 0.1847 - val_dense_1_accuracy: 0.9795 - val_dense_2_accuracy: 0.9643 - val_dense_3_accuracy: 0.9220
Epoch 105/100000
816/816 [==============================] - 17s 21ms/step - loss: 0.3569 - dense_1_loss: 0.0589 - dense_2_loss: 0.1142 - dense_3_loss: 0.1838 - dense_1_accuracy: 0.9797 - dense_2_accuracy: 0.9647 - dense_3_accuracy: 0.9225 - val_loss: 0.3625 - val_dense_1_loss: 0.0602 - val_dense_2_loss: 0.1175 - val_dense_3_loss: 0.1848 - val_dense_1_accuracy: 0.9796 - val_dense_2_accuracy: 0.9644 - val_dense_3_accuracy: 0.9220
Epoch 106/100000
816/816 [==============================] - 18s 22ms/step - loss: 0.3569 - dense_1_loss: 0.0589 - dense_2_loss: 0.1142 - dense_3_loss: 0.1838 - dense_1_accuracy: 0.9797 - dense_2_accuracy: 0.9647 - dense_3_accuracy: 0.9225 - val_loss: 0.3624 - val_dense_1_loss: 0.0602 - val_dense_2_loss: 0.1175 - val_dense_3_loss: 0.1847 - val_dense_1_accuracy: 0.9796 - val_dense_2_accuracy: 0.9644 - val_dense_3_accuracy: 0.9220
Epoch 107/100000
816/816 [==============================] - 18s 22ms/step - loss: 0.3568 - dense_1_loss: 0.0589 - dense_2_loss: 0.1141 - dense_3_loss: 0.1838 - dense_1_accuracy: 0.9797 - dense_2_accuracy: 0.9647 - dense_3_accuracy: 0.9225 - val_loss: 0.3624 - val_dense_1_loss: 0.0602 - val_dense_2_loss: 0.1174 - val_dense_3_loss: 0.1848 - val_dense_1_accuracy: 0.9795 - val_dense_2_accuracy: 0.9644 - val_dense_3_accuracy: 0.9219
Epoch 108/100000
816/816 [==============================] - 20s 25ms/step - loss: 0.3567 - dense_1_loss: 0.0589 - dense_2_loss: 0.1141 - dense_3_loss: 0.1838 - dense_1_accuracy: 0.9797 - dense_2_accuracy: 0.9647 - dense_3_accuracy: 0.9225 - val_loss: 0.3623 - val_dense_1_loss: 0.0602 - val_dense_2_loss: 0.1175 - val_dense_3_loss: 0.1846 - val_dense_1_accuracy: 0.9795 - val_dense_2_accuracy: 0.9643 - val_dense_3_accuracy: 0.9221
Epoch 109/100000
816/816 [==============================] - 17s 21ms/step - loss: 0.3567 - dense_1_loss: 0.0589 - dense_2_loss: 0.1140 - dense_3_loss: 0.1838 - dense_1_accuracy: 0.9797 - dense_2_accuracy: 0.9648 - dense_3_accuracy: 0.9225 - val_loss: 0.3623 - val_dense_1_loss: 0.0602 - val_dense_2_loss: 0.1175 - val_dense_3_loss: 0.1847 - val_dense_1_accuracy: 0.9796 - val_dense_2_accuracy: 0.9644 - val_dense_3_accuracy: 0.9220
Epoch 110/100000
816/816 [==============================] - 19s 23ms/step - loss: 0.3567 - dense_1_loss: 0.0589 - dense_2_loss: 0.1140 - dense_3_loss: 0.1838 - dense_1_accuracy: 0.9797 - dense_2_accuracy: 0.9648 - dense_3_accuracy: 0.9225 - val_loss: 0.3624 - val_dense_1_loss: 0.0602 - val_dense_2_loss: 0.1175 - val_dense_3_loss: 0.1847 - val_dense_1_accuracy: 0.9796 - val_dense_2_accuracy: 0.9644 - val_dense_3_accuracy: 0.9220
