**train**
The number of data is 74915
First data is ('000120a0-eee8-11ec-8b96-254279cd1714', [7, 7, 7, 7, 8, 3, 3, 3, 8, 9, 10, 9, 10, 10, 10, 8, 3, 8, 8, 3, 10, 9, 10, 10, 10, 8, 3, 8, 8, 3, 10, 10, 10, 10, 8, 3, 8, 10, 3, 9, 10, 9, 10, 10, 10, 10, 3, 8, 3, 3, 8], [418, 418, 419, 419, 420, 421, 422, 423, 424, 425, 426, 435, 427, 428, 429, 430, 431, 432, 433, 434, 499, 508, 500, 501, 502, 503, 504, 505, 506, 507, 509, 510, 511, 511, 512, 513, 514, 515, 516, 517, 518, 527, 519, 519, 520, 521, 522, 523, 524, 525, 526], [1, 1, 1, 1, 1, 1, 1, 1, 1, 1, 1, 0, 1, 1, 1, 1, 1, 1, 1, 1, 1, 1, 0, 1, 1, 1, 0, 0, 1, 1, 1, 1, 1, 1, 1, 1, 1, 0, 1, 1, 1, 1, 1, 1, 1, 1, 1, 1, 1, 1, 1])
**valid**
The number of data is 25041
First data is ('000ce720-e158-11ec-8870-5d4cb3b98715', [4, 4, 5, 5, 3, 3, 3, 3, 3, 3], [131, 132, 133, 133, 134, 135, 136, 137, 138, 139], [1, 1, 1, 1, 1, 1, 1, 1, 1, 1])
**test**
The number of data is 24782
First data is ('000d1500-7c74-11eb-991b-d3071bf4a710', [7, 7, 7, 7, 8, 3, 3, 3, 8, 9, 7, 7, 7, 7, 8, 3, 3, 3, 8, 9, 4, 4, 4, 4, 4, 3, 3, 3, 3, 3, 10, 9, 10, 10, 10, 8, 3, 8, 8, 3, 10, 10, 10, 10, 8, 3, 8, 10, 3, 9, 10, 9, 10, 10, 10, 10, 3, 8, 3, 3, 8, 10, 10, 10, 10, 8, 3, 3, 8, 10, 9, 10, 10, 9, 10, 10, 10, 10, 8, 3, 13, 13, 9, 10, 10, 10, 10, 12, 13, 3, 14, 14, 9, 15, 15, 15, 15, 8, 3, 3, 8, 3, 9, 10, 10, 10, 10, 3, 8, 3, 8, 8, 9, 15, 15, 15, 15, 8, 3, 3, 8, 3, 16, 15, 15, 15, 15, 8, 3, 8, 8, 8, 16, 18, 18, 18, 18, 8, 6, 6, 8, 8, 16, 18, 18, 18, 18, 8, 8, 8, 6, 19, 16, 18, 18, 18, 18, 8, 3, 8, 6, 3, 9, 18, 18, 18, 18, 8, 3, 8, 6, 3, 9, 18, 18, 18, 18, 8, 3, 8, 6, 3, 9], [410, 410, 411, 411, 412, 413, 414, 415, 416, 417, 418, 418, 419, 419, 420, 421, 422, 423, 424, 425, 402, 402, 403, 403, 404, 405, 406, 407, 408, 409, 499, 508, 500, 501, 502, 503, 504, 505, 506, 507, 509, 510, 511, 511, 512, 513, 514, 515, 516, 517, 518, 527, 519, 519, 520, 521, 522, 523, 524, 525, 526, 594, 595, 596, 596, 597, 598, 599, 600, 601, 602, 603, 603, 612, 604, 604, 605, 606, 607, 608, 609, 610, 611, 613, 613, 614, 614, 615, 616, 617, 618, 619, 620, 621, 621, 622, 622, 623, 624, 625, 626, 627, 628, 683, 684, 685, 685, 686, 687, 688, 689, 690, 691, 692, 692, 693, 693, 694, 695, 696, 697, 698, 699, 700, 700, 701, 701, 702, 703, 704, 705, 706, 707, 772, 772, 773, 774, 775, 776, 777, 778, 779, 780, 781, 781, 782, 783, 784, 785, 786, 787, 788, 789, 790, 790, 791, 791, 792, 793, 794, 795, 796, 797, 790, 790, 791, 791, 792, 793, 794, 795, 796, 797, 790, 790, 791, 791, 792, 793, 794, 795, 796, 797], [1, 1, 1, 1, 1, 1, 1, 1, 1, 1, 1, 1, 1, 1, 1, 1, 1, 0, 1, 0, 1, 1, 1, 1, 0, 0, 1, 1, 1, 0, 1, 0, 1, 1, 1, 1, 1, 1, 1, 1, 1, 1, 1, 1, 1, 1, 1, 1, 1, 1, 1, 1, 1, 1, 0, 1, 1, 1, 1, 1, 1, 1, 1, 1, 1, 1, 0, 1, 1, 1, 1, 0, 1, 0, 1, 1, 1, 1, 1, 1, 1, 0, 0, 1, 1, 1, 1, 1, 1, 0, 1, 1, 1, 1, 1, 1, 1, 1, 1, 1, 1, 1, 1, 1, 1, 0, 1, 1, 0, 1, 1, 1, 1, 1, 1, 1, 1, 1, 1, 1, 1, 0, 1, 1, 1, 1, 1, 1, 1, 0, 1, 0, 1, 1, 1, 0, 1, 1, 1, 1, 1, 1, 0, 1, 1, 1, 1, 1, 1, 1, 1, 1, 0, 1, 1, 1, 1, 1, 1, 1, 1, 0, 1, 1, 1, 1, 1, 1, 1, 1, 1, 1, 1, 1, 1, 1, 1, 1, 1, 1, 1, 1, 1])
Before Remapping, max value of problemid is 2378
After Remapping, max value of problemid is 1859
** After Remapping ProblemID **
**train**
The number of data is 74915
First data is ('000120a0-eee8-11ec-8b96-254279cd1714', [7, 7, 7, 7, 8, 3, 3, 3, 8, 9, 10, 9, 10, 10, 10, 8, 3, 8, 8, 3, 10, 9, 10, 10, 10, 8, 3, 8, 8, 3, 10, 10, 10, 10, 8, 3, 8, 10, 3, 9, 10, 9, 10, 10, 10, 10, 3, 8, 3, 3, 8], [322, 322, 323, 323, 324, 325, 326, 327, 328, 329, 330, 339, 331, 332, 333, 334, 335, 336, 337, 338, 392, 401, 393, 394, 395, 396, 397, 398, 399, 400, 402, 403, 404, 404, 405, 406, 407, 408, 409, 410, 411, 420, 412, 412, 413, 414, 415, 416, 417, 418, 419], [1, 1, 1, 1, 1, 1, 1, 1, 1, 1, 1, 0, 1, 1, 1, 1, 1, 1, 1, 1, 1, 1, 0, 1, 1, 1, 0, 0, 1, 1, 1, 1, 1, 1, 1, 1, 1, 0, 1, 1, 1, 1, 1, 1, 1, 1, 1, 1, 1, 1, 1])
**valid**
The number of data is 25041
First data is ('000ce720-e158-11ec-8870-5d4cb3b98715', [4, 4, 5, 5, 3, 3, 3, 3, 3, 3], [99, 100, 101, 101, 102, 103, 104, 105, 106, 107], [1, 1, 1, 1, 1, 1, 1, 1, 1, 1])
**test**
The number of data is 24782
First data is ('000d1500-7c74-11eb-991b-d3071bf4a710', [7, 7, 7, 7, 8, 3, 3, 3, 8, 9, 7, 7, 7, 7, 8, 3, 3, 3, 8, 9, 4, 4, 4, 4, 4, 3, 3, 3, 3, 3, 10, 9, 10, 10, 10, 8, 3, 8, 8, 3, 10, 10, 10, 10, 8, 3, 8, 10, 3, 9, 10, 9, 10, 10, 10, 10, 3, 8, 3, 3, 8, 10, 10, 10, 10, 8, 3, 3, 8, 10, 9, 10, 10, 9, 10, 10, 10, 10, 8, 3, 13, 13, 9, 10, 10, 10, 10, 12, 13, 3, 14, 14, 9, 15, 15, 15, 15, 8, 3, 3, 8, 3, 9, 10, 10, 10, 10, 3, 8, 3, 8, 8, 9, 15, 15, 15, 15, 8, 3, 3, 8, 3, 16, 15, 15, 15, 15, 8, 3, 8, 8, 8, 16, 18, 18, 18, 18, 8, 6, 6, 8, 8, 16, 18, 18, 18, 18, 8, 8, 8, 6, 19, 16, 18, 18, 18, 18, 8, 3, 8, 6, 3, 9, 18, 18, 18, 18, 8, 3, 8, 6, 3, 9, 18, 18, 18, 18, 8, 3, 8, 6, 3, 9], [314, 314, 315, 315, 316, 317, 318, 319, 320, 321, 322, 322, 323, 323, 324, 325, 326, 327, 328, 329, 306, 306, 307, 307, 308, 309, 310, 311, 312, 313, 392, 401, 393, 394, 395, 396, 397, 398, 399, 400, 402, 403, 404, 404, 405, 406, 407, 408, 409, 410, 411, 420, 412, 412, 413, 414, 415, 416, 417, 418, 419, 467, 468, 469, 469, 470, 471, 472, 473, 474, 475, 476, 476, 485, 477, 477, 478, 479, 480, 481, 482, 483, 484, 486, 486, 487, 487, 488, 489, 490, 491, 492, 493, 494, 494, 495, 495, 496, 497, 498, 499, 500, 501, 537, 538, 539, 539, 540, 541, 542, 543, 544, 545, 546, 546, 547, 547, 548, 549, 550, 551, 552, 553, 554, 554, 555, 555, 556, 557, 558, 559, 560, 561, 613, 613, 614, 615, 616, 617, 618, 619, 620, 621, 622, 622, 623, 624, 625, 626, 627, 628, 629, 630, 631, 631, 632, 632, 633, 634, 635, 636, 637, 638, 631, 631, 632, 632, 633, 634, 635, 636, 637, 638, 631, 631, 632, 632, 633, 634, 635, 636, 637, 638], [1, 1, 1, 1, 1, 1, 1, 1, 1, 1, 1, 1, 1, 1, 1, 1, 1, 0, 1, 0, 1, 1, 1, 1, 0, 0, 1, 1, 1, 0, 1, 0, 1, 1, 1, 1, 1, 1, 1, 1, 1, 1, 1, 1, 1, 1, 1, 1, 1, 1, 1, 1, 1, 1, 0, 1, 1, 1, 1, 1, 1, 1, 1, 1, 1, 1, 0, 1, 1, 1, 1, 0, 1, 0, 1, 1, 1, 1, 1, 1, 1, 0, 0, 1, 1, 1, 1, 1, 1, 0, 1, 1, 1, 1, 1, 1, 1, 1, 1, 1, 1, 1, 1, 1, 1, 0, 1, 1, 0, 1, 1, 1, 1, 1, 1, 1, 1, 1, 1, 1, 1, 0, 1, 1, 1, 1, 1, 1, 1, 0, 1, 0, 1, 1, 1, 0, 1, 1, 1, 1, 1, 1, 0, 1, 1, 1, 1, 1, 1, 1, 1, 1, 0, 1, 1, 1, 1, 1, 1, 1, 1, 0, 1, 1, 1, 1, 1, 1, 1, 1, 1, 1, 1, 1, 1, 1, 1, 1, 1, 1, 1, 1, 1])
Before splitted train length 74915, After splitted train length 117766
Before splitted valid length 25041, After splitted valid length 39236
Before splitted test length 24782, After splitted test length 38704
Before splitted train length 74915, After splitted train length 117766
Before splitted valid length 25041, After splitted valid length 39236
Before splitted test length 24782, After splitted test length 38704
Before splitted train length 74915, After splitted train length 117766
Before splitted valid length 25041, After splitted valid length 39236
Before splitted test length 24782, After splitted test length 38704
Current time : 2023-08-09 14:31:46 KST, TensorFlow version :2.12.0
Current time : 2023-08-09 14:31:46 KST,  OS infromation :Linux
Current time : 2023-08-09 14:31:46 KST, OS version :#1 SMP Fri Jun 9 10:57:30 UTC 2023
Current time : 2023-08-09 14:31:46 KST,  Process information :x86_64
Current time : 2023-08-09 14:31:46 KST,  CPU_count :2
Current time : 2023-08-09 14:31:46 KST,  RAM_size :13(GB)
Successfully Load Previous Model, ./DKT/20230807results/model_weights.h5!
