**train**
The number of data is 74915
First data is ('000120a0-eee8-11ec-8b96-254279cd1714', [7, 7, 7, 7, 8, 3, 3, 3, 8, 9, 10, 9, 10, 10, 10, 8, 3, 8, 8, 3, 10, 9, 10, 10, 10, 8, 3, 8, 8, 3, 10, 10, 10, 10, 8, 3, 8, 10, 3, 9, 10, 9, 10, 10, 10, 10, 3, 8, 3, 3, 8], [418, 418, 419, 419, 420, 421, 422, 423, 424, 425, 426, 435, 427, 428, 429, 430, 431, 432, 433, 434, 499, 508, 500, 501, 502, 503, 504, 505, 506, 507, 509, 510, 511, 511, 512, 513, 514, 515, 516, 517, 518, 527, 519, 519, 520, 521, 522, 523, 524, 525, 526], [1, 1, 1, 1, 1, 1, 1, 1, 1, 1, 1, 0, 1, 1, 1, 1, 1, 1, 1, 1, 1, 1, 0, 1, 1, 1, 0, 0, 1, 1, 1, 1, 1, 1, 1, 1, 1, 0, 1, 1, 1, 1, 1, 1, 1, 1, 1, 1, 1, 1, 1])
**valid**
The number of data is 25041
First data is ('000ce720-e158-11ec-8870-5d4cb3b98715', [4, 4, 5, 5, 3, 3, 3, 3, 3, 3], [131, 132, 133, 133, 134, 135, 136, 137, 138, 139], [1, 1, 1, 1, 1, 1, 1, 1, 1, 1])
**test**
The number of data is 24782
First data is ('000d1500-7c74-11eb-991b-d3071bf4a710', [7, 7, 7, 7, 8, 3, 3, 3, 8, 9, 7, 7, 7, 7, 8, 3, 3, 3, 8, 9, 4, 4, 4, 4, 4, 3, 3, 3, 3, 3, 10, 9, 10, 10, 10, 8, 3, 8, 8, 3, 10, 10, 10, 10, 8, 3, 8, 10, 3, 9, 10, 9, 10, 10, 10, 10, 3, 8, 3, 3, 8, 10, 10, 10, 10, 8, 3, 3, 8, 10, 9, 10, 10, 9, 10, 10, 10, 10, 8, 3, 13, 13, 9, 10, 10, 10, 10, 12, 13, 3, 14, 14, 9, 15, 15, 15, 15, 8, 3, 3, 8, 3, 9, 10, 10, 10, 10, 3, 8, 3, 8, 8, 9, 15, 15, 15, 15, 8, 3, 3, 8, 3, 16, 15, 15, 15, 15, 8, 3, 8, 8, 8, 16, 18, 18, 18, 18, 8, 6, 6, 8, 8, 16, 18, 18, 18, 18, 8, 8, 8, 6, 19, 16, 18, 18, 18, 18, 8, 3, 8, 6, 3, 9, 18, 18, 18, 18, 8, 3, 8, 6, 3, 9, 18, 18, 18, 18, 8, 3, 8, 6, 3, 9], [410, 410, 411, 411, 412, 413, 414, 415, 416, 417, 418, 418, 419, 419, 420, 421, 422, 423, 424, 425, 402, 402, 403, 403, 404, 405, 406, 407, 408, 409, 499, 508, 500, 501, 502, 503, 504, 505, 506, 507, 509, 510, 511, 511, 512, 513, 514, 515, 516, 517, 518, 527, 519, 519, 520, 521, 522, 523, 524, 525, 526, 594, 595, 596, 596, 597, 598, 599, 600, 601, 602, 603, 603, 612, 604, 604, 605, 606, 607, 608, 609, 610, 611, 613, 613, 614, 614, 615, 616, 617, 618, 619, 620, 621, 621, 622, 622, 623, 624, 625, 626, 627, 628, 683, 684, 685, 685, 686, 687, 688, 689, 690, 691, 692, 692, 693, 693, 694, 695, 696, 697, 698, 699, 700, 700, 701, 701, 702, 703, 704, 705, 706, 707, 772, 772, 773, 774, 775, 776, 777, 778, 779, 780, 781, 781, 782, 783, 784, 785, 786, 787, 788, 789, 790, 790, 791, 791, 792, 793, 794, 795, 796, 797, 790, 790, 791, 791, 792, 793, 794, 795, 796, 797, 790, 790, 791, 791, 792, 793, 794, 795, 796, 797], [1, 1, 1, 1, 1, 1, 1, 1, 1, 1, 1, 1, 1, 1, 1, 1, 1, 0, 1, 0, 1, 1, 1, 1, 0, 0, 1, 1, 1, 0, 1, 0, 1, 1, 1, 1, 1, 1, 1, 1, 1, 1, 1, 1, 1, 1, 1, 1, 1, 1, 1, 1, 1, 1, 0, 1, 1, 1, 1, 1, 1, 1, 1, 1, 1, 1, 0, 1, 1, 1, 1, 0, 1, 0, 1, 1, 1, 1, 1, 1, 1, 0, 0, 1, 1, 1, 1, 1, 1, 0, 1, 1, 1, 1, 1, 1, 1, 1, 1, 1, 1, 1, 1, 1, 1, 0, 1, 1, 0, 1, 1, 1, 1, 1, 1, 1, 1, 1, 1, 1, 1, 0, 1, 1, 1, 1, 1, 1, 1, 0, 1, 0, 1, 1, 1, 0, 1, 1, 1, 1, 1, 1, 0, 1, 1, 1, 1, 1, 1, 1, 1, 1, 0, 1, 1, 1, 1, 1, 1, 1, 1, 0, 1, 1, 1, 1, 1, 1, 1, 1, 1, 1, 1, 1, 1, 1, 1, 1, 1, 1, 1, 1, 1])
After Remapping, max value of problemid is 2378
** After Remapping ProblemID **
**train**
The number of data is 74915
First data is ('000120a0-eee8-11ec-8b96-254279cd1714', [7, 7, 7, 7, 8, 3, 3, 3, 8, 9, 10, 9, 10, 10, 10, 8, 3, 8, 8, 3, 10, 9, 10, 10, 10, 8, 3, 8, 8, 3, 10, 10, 10, 10, 8, 3, 8, 10, 3, 9, 10, 9, 10, 10, 10, 10, 3, 8, 3, 3, 8], [322, 322, 323, 323, 324, 325, 326, 327, 328, 329, 330, 339, 331, 332, 333, 334, 335, 336, 337, 338, 392, 401, 393, 394, 395, 396, 397, 398, 399, 400, 402, 403, 404, 404, 405, 406, 407, 408, 409, 410, 411, 420, 412, 412, 413, 414, 415, 416, 417, 418, 419], [1, 1, 1, 1, 1, 1, 1, 1, 1, 1, 1, 0, 1, 1, 1, 1, 1, 1, 1, 1, 1, 1, 0, 1, 1, 1, 0, 0, 1, 1, 1, 1, 1, 1, 1, 1, 1, 0, 1, 1, 1, 1, 1, 1, 1, 1, 1, 1, 1, 1, 1])
**valid**
The number of data is 25041
First data is ('000ce720-e158-11ec-8870-5d4cb3b98715', [4, 4, 5, 5, 3, 3, 3, 3, 3, 3], [99, 100, 101, 101, 102, 103, 104, 105, 106, 107], [1, 1, 1, 1, 1, 1, 1, 1, 1, 1])
**test**
The number of data is 24782
First data is ('000d1500-7c74-11eb-991b-d3071bf4a710', [7, 7, 7, 7, 8, 3, 3, 3, 8, 9, 7, 7, 7, 7, 8, 3, 3, 3, 8, 9, 4, 4, 4, 4, 4, 3, 3, 3, 3, 3, 10, 9, 10, 10, 10, 8, 3, 8, 8, 3, 10, 10, 10, 10, 8, 3, 8, 10, 3, 9, 10, 9, 10, 10, 10, 10, 3, 8, 3, 3, 8, 10, 10, 10, 10, 8, 3, 3, 8, 10, 9, 10, 10, 9, 10, 10, 10, 10, 8, 3, 13, 13, 9, 10, 10, 10, 10, 12, 13, 3, 14, 14, 9, 15, 15, 15, 15, 8, 3, 3, 8, 3, 9, 10, 10, 10, 10, 3, 8, 3, 8, 8, 9, 15, 15, 15, 15, 8, 3, 3, 8, 3, 16, 15, 15, 15, 15, 8, 3, 8, 8, 8, 16, 18, 18, 18, 18, 8, 6, 6, 8, 8, 16, 18, 18, 18, 18, 8, 8, 8, 6, 19, 16, 18, 18, 18, 18, 8, 3, 8, 6, 3, 9, 18, 18, 18, 18, 8, 3, 8, 6, 3, 9, 18, 18, 18, 18, 8, 3, 8, 6, 3, 9], [314, 314, 315, 315, 316, 317, 318, 319, 320, 321, 322, 322, 323, 323, 324, 325, 326, 327, 328, 329, 306, 306, 307, 307, 308, 309, 310, 311, 312, 313, 392, 401, 393, 394, 395, 396, 397, 398, 399, 400, 402, 403, 404, 404, 405, 406, 407, 408, 409, 410, 411, 420, 412, 412, 413, 414, 415, 416, 417, 418, 419, 467, 468, 469, 469, 470, 471, 472, 473, 474, 475, 476, 476, 485, 477, 477, 478, 479, 480, 481, 482, 483, 484, 486, 486, 487, 487, 488, 489, 490, 491, 492, 493, 494, 494, 495, 495, 496, 497, 498, 499, 500, 501, 537, 538, 539, 539, 540, 541, 542, 543, 544, 545, 546, 546, 547, 547, 548, 549, 550, 551, 552, 553, 554, 554, 555, 555, 556, 557, 558, 559, 560, 561, 613, 613, 614, 615, 616, 617, 618, 619, 620, 621, 622, 622, 623, 624, 625, 626, 627, 628, 629, 630, 631, 631, 632, 632, 633, 634, 635, 636, 637, 638, 631, 631, 632, 632, 633, 634, 635, 636, 637, 638, 631, 631, 632, 632, 633, 634, 635, 636, 637, 638], [1, 1, 1, 1, 1, 1, 1, 1, 1, 1, 1, 1, 1, 1, 1, 1, 1, 0, 1, 0, 1, 1, 1, 1, 0, 0, 1, 1, 1, 0, 1, 0, 1, 1, 1, 1, 1, 1, 1, 1, 1, 1, 1, 1, 1, 1, 1, 1, 1, 1, 1, 1, 1, 1, 0, 1, 1, 1, 1, 1, 1, 1, 1, 1, 1, 1, 0, 1, 1, 1, 1, 0, 1, 0, 1, 1, 1, 1, 1, 1, 1, 0, 0, 1, 1, 1, 1, 1, 1, 0, 1, 1, 1, 1, 1, 1, 1, 1, 1, 1, 1, 1, 1, 1, 1, 0, 1, 1, 0, 1, 1, 1, 1, 1, 1, 1, 1, 1, 1, 1, 1, 0, 1, 1, 1, 1, 1, 1, 1, 0, 1, 0, 1, 1, 1, 0, 1, 1, 1, 1, 1, 1, 0, 1, 1, 1, 1, 1, 1, 1, 1, 1, 0, 1, 1, 1, 1, 1, 1, 1, 1, 0, 1, 1, 1, 1, 1, 1, 1, 1, 1, 1, 1, 1, 1, 1, 1, 1, 1, 1, 1, 1, 1])
After Remapping, max value of problemid is 1859
** After Remapping ProblemID **
**train**
The number of data is 74915
First data is ('000120a0-eee8-11ec-8b96-254279cd1714', [7, 7, 7, 7, 8, 3, 3, 3, 8, 9, 10, 9, 10, 10, 10, 8, 3, 8, 8, 3, 10, 9, 10, 10, 10, 8, 3, 8, 8, 3, 10, 10, 10, 10, 8, 3, 8, 10, 3, 9, 10, 9, 10, 10, 10, 10, 3, 8, 3, 3, 8], [322, 322, 323, 323, 324, 325, 326, 327, 328, 329, 330, 339, 331, 332, 333, 334, 335, 336, 337, 338, 392, 401, 393, 394, 395, 396, 397, 398, 399, 400, 402, 403, 404, 404, 405, 406, 407, 408, 409, 410, 411, 420, 412, 412, 413, 414, 415, 416, 417, 418, 419], [1, 1, 1, 1, 1, 1, 1, 1, 1, 1, 1, 0, 1, 1, 1, 1, 1, 1, 1, 1, 1, 1, 0, 1, 1, 1, 0, 0, 1, 1, 1, 1, 1, 1, 1, 1, 1, 0, 1, 1, 1, 1, 1, 1, 1, 1, 1, 1, 1, 1, 1])
**valid**
The number of data is 25041
First data is ('000ce720-e158-11ec-8870-5d4cb3b98715', [4, 4, 5, 5, 3, 3, 3, 3, 3, 3], [99, 100, 101, 101, 102, 103, 104, 105, 106, 107], [1, 1, 1, 1, 1, 1, 1, 1, 1, 1])
**test**
The number of data is 24782
First data is ('000d1500-7c74-11eb-991b-d3071bf4a710', [7, 7, 7, 7, 8, 3, 3, 3, 8, 9, 7, 7, 7, 7, 8, 3, 3, 3, 8, 9, 4, 4, 4, 4, 4, 3, 3, 3, 3, 3, 10, 9, 10, 10, 10, 8, 3, 8, 8, 3, 10, 10, 10, 10, 8, 3, 8, 10, 3, 9, 10, 9, 10, 10, 10, 10, 3, 8, 3, 3, 8, 10, 10, 10, 10, 8, 3, 3, 8, 10, 9, 10, 10, 9, 10, 10, 10, 10, 8, 3, 13, 13, 9, 10, 10, 10, 10, 12, 13, 3, 14, 14, 9, 15, 15, 15, 15, 8, 3, 3, 8, 3, 9, 10, 10, 10, 10, 3, 8, 3, 8, 8, 9, 15, 15, 15, 15, 8, 3, 3, 8, 3, 16, 15, 15, 15, 15, 8, 3, 8, 8, 8, 16, 18, 18, 18, 18, 8, 6, 6, 8, 8, 16, 18, 18, 18, 18, 8, 8, 8, 6, 19, 16, 18, 18, 18, 18, 8, 3, 8, 6, 3, 9, 18, 18, 18, 18, 8, 3, 8, 6, 3, 9, 18, 18, 18, 18, 8, 3, 8, 6, 3, 9], [314, 314, 315, 315, 316, 317, 318, 319, 320, 321, 322, 322, 323, 323, 324, 325, 326, 327, 328, 329, 306, 306, 307, 307, 308, 309, 310, 311, 312, 313, 392, 401, 393, 394, 395, 396, 397, 398, 399, 400, 402, 403, 404, 404, 405, 406, 407, 408, 409, 410, 411, 420, 412, 412, 413, 414, 415, 416, 417, 418, 419, 467, 468, 469, 469, 470, 471, 472, 473, 474, 475, 476, 476, 485, 477, 477, 478, 479, 480, 481, 482, 483, 484, 486, 486, 487, 487, 488, 489, 490, 491, 492, 493, 494, 494, 495, 495, 496, 497, 498, 499, 500, 501, 537, 538, 539, 539, 540, 541, 542, 543, 544, 545, 546, 546, 547, 547, 548, 549, 550, 551, 552, 553, 554, 554, 555, 555, 556, 557, 558, 559, 560, 561, 613, 613, 614, 615, 616, 617, 618, 619, 620, 621, 622, 622, 623, 624, 625, 626, 627, 628, 629, 630, 631, 631, 632, 632, 633, 634, 635, 636, 637, 638, 631, 631, 632, 632, 633, 634, 635, 636, 637, 638, 631, 631, 632, 632, 633, 634, 635, 636, 637, 638], [1, 1, 1, 1, 1, 1, 1, 1, 1, 1, 1, 1, 1, 1, 1, 1, 1, 0, 1, 0, 1, 1, 1, 1, 0, 0, 1, 1, 1, 0, 1, 0, 1, 1, 1, 1, 1, 1, 1, 1, 1, 1, 1, 1, 1, 1, 1, 1, 1, 1, 1, 1, 1, 1, 0, 1, 1, 1, 1, 1, 1, 1, 1, 1, 1, 1, 0, 1, 1, 1, 1, 0, 1, 0, 1, 1, 1, 1, 1, 1, 1, 0, 0, 1, 1, 1, 1, 1, 1, 0, 1, 1, 1, 1, 1, 1, 1, 1, 1, 1, 1, 1, 1, 1, 1, 0, 1, 1, 0, 1, 1, 1, 1, 1, 1, 1, 1, 1, 1, 1, 1, 0, 1, 1, 1, 1, 1, 1, 1, 0, 1, 0, 1, 1, 1, 0, 1, 1, 1, 1, 1, 1, 0, 1, 1, 1, 1, 1, 1, 1, 1, 1, 0, 1, 1, 1, 1, 1, 1, 1, 1, 0, 1, 1, 1, 1, 1, 1, 1, 1, 1, 1, 1, 1, 1, 1, 1, 1, 1, 1, 1, 1, 1])
Before splitted train length 74915, After splitted train length 117766
Before splitted valid length 25041, After splitted valid length 39236
Before splitted test length 24782, After splitted test length 38704
Current time : 2023-08-09 13:08:44 KST, TensorFlow version :2.12.0
Current time : 2023-08-09 13:08:44 KST,  OS infromation :Linux
Current time : 2023-08-09 13:08:44 KST, OS version :#1 SMP Fri Jun 9 10:57:30 UTC 2023
Current time : 2023-08-09 13:08:44 KST,  Process information :x86_64
Current time : 2023-08-09 13:08:44 KST,  CPU_count :2
Current time : 2023-08-09 13:08:44 KST,  RAM_size :13(GB)
Model: "model"
__________________________________________________________________________________________________
 Layer (type)                   Output Shape         Param #     Connected to                     
==================================================================================================
 input_1 (InputLayer)           [(None, 99)]         0           []                               
                                                                                                  
 input_2 (InputLayer)           [(None, 99)]         0           []                               
                                                                                                  
 embedding (Embedding)          (None, 99, 8)        328         ['input_1[0][0]']                
                                                                                                  
 embedding_1 (Embedding)        (None, 99, 32)       59520       ['input_2[0][0]']                
                                                                                                  
 input_3 (InputLayer)           [(None, 99, 3)]      0           []                               
                                                                                                  
 concatenate (Concatenate)      (None, 99, 43)       0           ['embedding[0][0]',              
                                                                  'embedding_1[0][0]',            
                                                                  'input_3[0][0]']                
                                                                                                  
 lstm (LSTM)                    (None, 99, 64)       27648       ['concatenate[0][0]']            
                                                                                                  
 dense (Dense)                  (None, 99, 128)      8320        ['lstm[0][0]']                   
                                                                                                  
 dense_1 (Dense)                (None, 99, 41)       5289        ['dense[0][0]']                  
                                                                                                  
 dense_2 (Dense)                (None, 99, 1860)     239940      ['dense[0][0]']                  
                                                                                                  
 dense_3 (Dense)                (None, 99, 3)        387         ['dense[0][0]']                  
                                                                                                  
==================================================================================================
Total params: 341,432
Trainable params: 341,432
Non-trainable params: 0
__________________________________________________________________________________________________
Epoch 1/10000
921/921 [==============================] - 103s 100ms/step - loss: 2.0640 - dense_1_loss: 0.4216 - dense_2_loss: 1.3649 - dense_3_loss: 0.2776 - dense_1_accuracy: 0.8821 - dense_2_accuracy: 0.7684 - dense_3_accuracy: 0.8988 - val_loss: 0.6315 - val_dense_1_loss: 0.1123 - val_dense_2_loss: 0.2782 - val_dense_3_loss: 0.2410 - val_dense_1_accuracy: 0.9720 - val_dense_2_accuracy: 0.9423 - val_dense_3_accuracy: 0.9034
Epoch 2/10000
921/921 [==============================] - 29s 31ms/step - loss: 0.5582 - dense_1_loss: 0.0978 - dense_2_loss: 0.2248 - dense_3_loss: 0.2355 - dense_1_accuracy: 0.9742 - dense_2_accuracy: 0.9499 - dense_3_accuracy: 0.9039 - val_loss: 0.5057 - val_dense_1_loss: 0.0856 - val_dense_2_loss: 0.1872 - val_dense_3_loss: 0.2329 - val_dense_1_accuracy: 0.9762 - val_dense_2_accuracy: 0.9553 - val_dense_3_accuracy: 0.9045
Epoch 3/10000
921/921 [==============================] - 23s 25ms/step - loss: 0.4913 - dense_1_loss: 0.0829 - dense_2_loss: 0.1782 - dense_3_loss: 0.2302 - dense_1_accuracy: 0.9765 - dense_2_accuracy: 0.9559 - dense_3_accuracy: 0.9047 - val_loss: 0.4726 - val_dense_1_loss: 0.0781 - val_dense_2_loss: 0.1655 - val_dense_3_loss: 0.2290 - val_dense_1_accuracy: 0.9775 - val_dense_2_accuracy: 0.9579 - val_dense_3_accuracy: 0.9049
Epoch 4/10000
921/921 [==============================] - 21s 22ms/step - loss: 0.4680 - dense_1_loss: 0.0777 - dense_2_loss: 0.1621 - dense_3_loss: 0.2282 - dense_1_accuracy: 0.9773 - dense_2_accuracy: 0.9580 - dense_3_accuracy: 0.9049 - val_loss: 0.4583 - val_dense_1_loss: 0.0761 - val_dense_2_loss: 0.1554 - val_dense_3_loss: 0.2269 - val_dense_1_accuracy: 0.9774 - val_dense_2_accuracy: 0.9590 - val_dense_3_accuracy: 0.9054
Epoch 5/10000
921/921 [==============================] - 21s 23ms/step - loss: 0.4552 - dense_1_loss: 0.0747 - dense_2_loss: 0.1537 - dense_3_loss: 0.2268 - dense_1_accuracy: 0.9777 - dense_2_accuracy: 0.9591 - dense_3_accuracy: 0.9052 - val_loss: 0.4475 - val_dense_1_loss: 0.0727 - val_dense_2_loss: 0.1487 - val_dense_3_loss: 0.2261 - val_dense_1_accuracy: 0.9783 - val_dense_2_accuracy: 0.9599 - val_dense_3_accuracy: 0.9054
Epoch 6/10000
921/921 [==============================] - 22s 24ms/step - loss: 0.4469 - dense_1_loss: 0.0726 - dense_2_loss: 0.1485 - dense_3_loss: 0.2258 - dense_1_accuracy: 0.9780 - dense_2_accuracy: 0.9599 - dense_3_accuracy: 0.9054 - val_loss: 0.4422 - val_dense_1_loss: 0.0712 - val_dense_2_loss: 0.1446 - val_dense_3_loss: 0.2265 - val_dense_1_accuracy: 0.9784 - val_dense_2_accuracy: 0.9607 - val_dense_3_accuracy: 0.9048
Epoch 7/10000
921/921 [==============================] - 22s 24ms/step - loss: 0.4411 - dense_1_loss: 0.0711 - dense_2_loss: 0.1449 - dense_3_loss: 0.2250 - dense_1_accuracy: 0.9782 - dense_2_accuracy: 0.9605 - dense_3_accuracy: 0.9055 - val_loss: 0.4378 - val_dense_1_loss: 0.0697 - val_dense_2_loss: 0.1416 - val_dense_3_loss: 0.2265 - val_dense_1_accuracy: 0.9787 - val_dense_2_accuracy: 0.9612 - val_dense_3_accuracy: 0.9048
Epoch 8/10000
921/921 [==============================] - 21s 23ms/step - loss: 0.4365 - dense_1_loss: 0.0699 - dense_2_loss: 0.1422 - dense_3_loss: 0.2243 - dense_1_accuracy: 0.9784 - dense_2_accuracy: 0.9609 - dense_3_accuracy: 0.9057 - val_loss: 0.4345 - val_dense_1_loss: 0.0688 - val_dense_2_loss: 0.1401 - val_dense_3_loss: 0.2255 - val_dense_1_accuracy: 0.9788 - val_dense_2_accuracy: 0.9614 - val_dense_3_accuracy: 0.9055
Epoch 9/10000
921/921 [==============================] - 19s 20ms/step - loss: 0.4326 - dense_1_loss: 0.0689 - dense_2_loss: 0.1400 - dense_3_loss: 0.2237 - dense_1_accuracy: 0.9786 - dense_2_accuracy: 0.9612 - dense_3_accuracy: 0.9059 - val_loss: 0.4281 - val_dense_1_loss: 0.0675 - val_dense_2_loss: 0.1373 - val_dense_3_loss: 0.2233 - val_dense_1_accuracy: 0.9790 - val_dense_2_accuracy: 0.9618 - val_dense_3_accuracy: 0.9061
Epoch 10/10000
921/921 [==============================] - 19s 21ms/step - loss: 0.4302 - dense_1_loss: 0.0684 - dense_2_loss: 0.1386 - dense_3_loss: 0.2232 - dense_1_accuracy: 0.9786 - dense_2_accuracy: 0.9614 - dense_3_accuracy: 0.9060 - val_loss: 0.4255 - val_dense_1_loss: 0.0671 - val_dense_2_loss: 0.1359 - val_dense_3_loss: 0.2225 - val_dense_1_accuracy: 0.9791 - val_dense_2_accuracy: 0.9620 - val_dense_3_accuracy: 0.9062
Epoch 11/10000
921/921 [==============================] - 24s 26ms/step - loss: 0.4267 - dense_1_loss: 0.0675 - dense_2_loss: 0.1365 - dense_3_loss: 0.2227 - dense_1_accuracy: 0.9788 - dense_2_accuracy: 0.9617 - dense_3_accuracy: 0.9062 - val_loss: 0.4228 - val_dense_1_loss: 0.0665 - val_dense_2_loss: 0.1342 - val_dense_3_loss: 0.2221 - val_dense_1_accuracy: 0.9791 - val_dense_2_accuracy: 0.9622 - val_dense_3_accuracy: 0.9065
Epoch 12/10000
921/921 [==============================] - 23s 25ms/step - loss: 0.4243 - dense_1_loss: 0.0670 - dense_2_loss: 0.1350 - dense_3_loss: 0.2223 - dense_1_accuracy: 0.9789 - dense_2_accuracy: 0.9620 - dense_3_accuracy: 0.9063 - val_loss: 0.4214 - val_dense_1_loss: 0.0659 - val_dense_2_loss: 0.1332 - val_dense_3_loss: 0.2223 - val_dense_1_accuracy: 0.9792 - val_dense_2_accuracy: 0.9623 - val_dense_3_accuracy: 0.9064
Epoch 13/10000
921/921 [==============================] - 22s 24ms/step - loss: 0.4223 - dense_1_loss: 0.0665 - dense_2_loss: 0.1339 - dense_3_loss: 0.2219 - dense_1_accuracy: 0.9789 - dense_2_accuracy: 0.9621 - dense_3_accuracy: 0.9064 - val_loss: 0.4297 - val_dense_1_loss: 0.0654 - val_dense_2_loss: 0.1323 - val_dense_3_loss: 0.2320 - val_dense_1_accuracy: 0.9792 - val_dense_2_accuracy: 0.9626 - val_dense_3_accuracy: 0.8999
Epoch 14/10000
921/921 [==============================] - 19s 21ms/step - loss: 0.4205 - dense_1_loss: 0.0661 - dense_2_loss: 0.1329 - dense_3_loss: 0.2216 - dense_1_accuracy: 0.9790 - dense_2_accuracy: 0.9623 - dense_3_accuracy: 0.9066 - val_loss: 0.4223 - val_dense_1_loss: 0.0652 - val_dense_2_loss: 0.1319 - val_dense_3_loss: 0.2251 - val_dense_1_accuracy: 0.9793 - val_dense_2_accuracy: 0.9624 - val_dense_3_accuracy: 0.9047
Epoch 15/10000
921/921 [==============================] - 20s 22ms/step - loss: 0.4196 - dense_1_loss: 0.0658 - dense_2_loss: 0.1323 - dense_3_loss: 0.2214 - dense_1_accuracy: 0.9790 - dense_2_accuracy: 0.9623 - dense_3_accuracy: 0.9066 - val_loss: 0.4162 - val_dense_1_loss: 0.0647 - val_dense_2_loss: 0.1305 - val_dense_3_loss: 0.2210 - val_dense_1_accuracy: 0.9794 - val_dense_2_accuracy: 0.9628 - val_dense_3_accuracy: 0.9069
Epoch 16/10000
921/921 [==============================] - 21s 22ms/step - loss: 0.4175 - dense_1_loss: 0.0653 - dense_2_loss: 0.1311 - dense_3_loss: 0.2211 - dense_1_accuracy: 0.9792 - dense_2_accuracy: 0.9626 - dense_3_accuracy: 0.9068 - val_loss: 0.4170 - val_dense_1_loss: 0.0656 - val_dense_2_loss: 0.1307 - val_dense_3_loss: 0.2207 - val_dense_1_accuracy: 0.9789 - val_dense_2_accuracy: 0.9626 - val_dense_3_accuracy: 0.9068
Epoch 17/10000
921/921 [==============================] - 21s 23ms/step - loss: 0.4162 - dense_1_loss: 0.0650 - dense_2_loss: 0.1303 - dense_3_loss: 0.2209 - dense_1_accuracy: 0.9792 - dense_2_accuracy: 0.9627 - dense_3_accuracy: 0.9068 - val_loss: 0.4159 - val_dense_1_loss: 0.0643 - val_dense_2_loss: 0.1294 - val_dense_3_loss: 0.2222 - val_dense_1_accuracy: 0.9793 - val_dense_2_accuracy: 0.9629 - val_dense_3_accuracy: 0.9060
Epoch 18/10000
921/921 [==============================] - 19s 20ms/step - loss: 0.4153 - dense_1_loss: 0.0648 - dense_2_loss: 0.1298 - dense_3_loss: 0.2208 - dense_1_accuracy: 0.9792 - dense_2_accuracy: 0.9627 - dense_3_accuracy: 0.9068 - val_loss: 0.4125 - val_dense_1_loss: 0.0639 - val_dense_2_loss: 0.1283 - val_dense_3_loss: 0.2203 - val_dense_1_accuracy: 0.9796 - val_dense_2_accuracy: 0.9631 - val_dense_3_accuracy: 0.9070
Epoch 19/10000
921/921 [==============================] - 18s 20ms/step - loss: 0.4142 - dense_1_loss: 0.0646 - dense_2_loss: 0.1291 - dense_3_loss: 0.2205 - dense_1_accuracy: 0.9792 - dense_2_accuracy: 0.9629 - dense_3_accuracy: 0.9069 - val_loss: 0.4116 - val_dense_1_loss: 0.0641 - val_dense_2_loss: 0.1278 - val_dense_3_loss: 0.2197 - val_dense_1_accuracy: 0.9795 - val_dense_2_accuracy: 0.9633 - val_dense_3_accuracy: 0.9073
Epoch 20/10000
921/921 [==============================] - 22s 23ms/step - loss: 0.4133 - dense_1_loss: 0.0644 - dense_2_loss: 0.1286 - dense_3_loss: 0.2204 - dense_1_accuracy: 0.9793 - dense_2_accuracy: 0.9630 - dense_3_accuracy: 0.9070 - val_loss: 0.4112 - val_dense_1_loss: 0.0635 - val_dense_2_loss: 0.1275 - val_dense_3_loss: 0.2202 - val_dense_1_accuracy: 0.9795 - val_dense_2_accuracy: 0.9632 - val_dense_3_accuracy: 0.9068
Epoch 21/10000
921/921 [==============================] - 18s 20ms/step - loss: 0.4126 - dense_1_loss: 0.0642 - dense_2_loss: 0.1281 - dense_3_loss: 0.2202 - dense_1_accuracy: 0.9793 - dense_2_accuracy: 0.9630 - dense_3_accuracy: 0.9070 - val_loss: 0.4103 - val_dense_1_loss: 0.0635 - val_dense_2_loss: 0.1271 - val_dense_3_loss: 0.2197 - val_dense_1_accuracy: 0.9796 - val_dense_2_accuracy: 0.9634 - val_dense_3_accuracy: 0.9073
Epoch 22/10000
921/921 [==============================] - 19s 21ms/step - loss: 0.4117 - dense_1_loss: 0.0640 - dense_2_loss: 0.1276 - dense_3_loss: 0.2201 - dense_1_accuracy: 0.9794 - dense_2_accuracy: 0.9631 - dense_3_accuracy: 0.9071 - val_loss: 0.4093 - val_dense_1_loss: 0.0631 - val_dense_2_loss: 0.1268 - val_dense_3_loss: 0.2195 - val_dense_1_accuracy: 0.9797 - val_dense_2_accuracy: 0.9634 - val_dense_3_accuracy: 0.9072
Epoch 23/10000
921/921 [==============================] - 18s 20ms/step - loss: 0.4109 - dense_1_loss: 0.0638 - dense_2_loss: 0.1271 - dense_3_loss: 0.2200 - dense_1_accuracy: 0.9794 - dense_2_accuracy: 0.9632 - dense_3_accuracy: 0.9071 - val_loss: 0.4102 - val_dense_1_loss: 0.0636 - val_dense_2_loss: 0.1266 - val_dense_3_loss: 0.2199 - val_dense_1_accuracy: 0.9797 - val_dense_2_accuracy: 0.9635 - val_dense_3_accuracy: 0.9073
Epoch 24/10000
921/921 [==============================] - 19s 21ms/step - loss: 0.4102 - dense_1_loss: 0.0636 - dense_2_loss: 0.1268 - dense_3_loss: 0.2199 - dense_1_accuracy: 0.9795 - dense_2_accuracy: 0.9633 - dense_3_accuracy: 0.9071 - val_loss: 0.4103 - val_dense_1_loss: 0.0631 - val_dense_2_loss: 0.1261 - val_dense_3_loss: 0.2212 - val_dense_1_accuracy: 0.9796 - val_dense_2_accuracy: 0.9635 - val_dense_3_accuracy: 0.9067
Epoch 25/10000
921/921 [==============================] - 20s 22ms/step - loss: 0.4096 - dense_1_loss: 0.0635 - dense_2_loss: 0.1264 - dense_3_loss: 0.2198 - dense_1_accuracy: 0.9795 - dense_2_accuracy: 0.9633 - dense_3_accuracy: 0.9072 - val_loss: 0.4090 - val_dense_1_loss: 0.0635 - val_dense_2_loss: 0.1261 - val_dense_3_loss: 0.2194 - val_dense_1_accuracy: 0.9796 - val_dense_2_accuracy: 0.9635 - val_dense_3_accuracy: 0.9073
Epoch 26/10000
921/921 [==============================] - 21s 23ms/step - loss: 0.4090 - dense_1_loss: 0.0633 - dense_2_loss: 0.1261 - dense_3_loss: 0.2197 - dense_1_accuracy: 0.9795 - dense_2_accuracy: 0.9634 - dense_3_accuracy: 0.9072 - val_loss: 0.4073 - val_dense_1_loss: 0.0628 - val_dense_2_loss: 0.1253 - val_dense_3_loss: 0.2192 - val_dense_1_accuracy: 0.9797 - val_dense_2_accuracy: 0.9637 - val_dense_3_accuracy: 0.9074
Epoch 27/10000
921/921 [==============================] - 19s 20ms/step - loss: 0.4086 - dense_1_loss: 0.0632 - dense_2_loss: 0.1258 - dense_3_loss: 0.2196 - dense_1_accuracy: 0.9795 - dense_2_accuracy: 0.9635 - dense_3_accuracy: 0.9072 - val_loss: 0.4073 - val_dense_1_loss: 0.0627 - val_dense_2_loss: 0.1252 - val_dense_3_loss: 0.2194 - val_dense_1_accuracy: 0.9798 - val_dense_2_accuracy: 0.9637 - val_dense_3_accuracy: 0.9075
Epoch 28/10000
921/921 [==============================] - 18s 20ms/step - loss: 0.4081 - dense_1_loss: 0.0631 - dense_2_loss: 0.1255 - dense_3_loss: 0.2195 - dense_1_accuracy: 0.9795 - dense_2_accuracy: 0.9635 - dense_3_accuracy: 0.9072 - val_loss: 0.4071 - val_dense_1_loss: 0.0627 - val_dense_2_loss: 0.1250 - val_dense_3_loss: 0.2194 - val_dense_1_accuracy: 0.9798 - val_dense_2_accuracy: 0.9638 - val_dense_3_accuracy: 0.9073
Epoch 29/10000
921/921 [==============================] - 19s 21ms/step - loss: 0.4075 - dense_1_loss: 0.0630 - dense_2_loss: 0.1252 - dense_3_loss: 0.2194 - dense_1_accuracy: 0.9796 - dense_2_accuracy: 0.9636 - dense_3_accuracy: 0.9073 - val_loss: 0.4070 - val_dense_1_loss: 0.0628 - val_dense_2_loss: 0.1249 - val_dense_3_loss: 0.2194 - val_dense_1_accuracy: 0.9797 - val_dense_2_accuracy: 0.9637 - val_dense_3_accuracy: 0.9073
Epoch 30/10000
921/921 [==============================] - 19s 20ms/step - loss: 0.4070 - dense_1_loss: 0.0629 - dense_2_loss: 0.1248 - dense_3_loss: 0.2193 - dense_1_accuracy: 0.9796 - dense_2_accuracy: 0.9637 - dense_3_accuracy: 0.9073 - val_loss: 0.4070 - val_dense_1_loss: 0.0625 - val_dense_2_loss: 0.1244 - val_dense_3_loss: 0.2201 - val_dense_1_accuracy: 0.9797 - val_dense_2_accuracy: 0.9638 - val_dense_3_accuracy: 0.9069
Epoch 31/10000
921/921 [==============================] - 18s 20ms/step - loss: 0.4066 - dense_1_loss: 0.0628 - dense_2_loss: 0.1246 - dense_3_loss: 0.2193 - dense_1_accuracy: 0.9796 - dense_2_accuracy: 0.9637 - dense_3_accuracy: 0.9073 - val_loss: 0.4076 - val_dense_1_loss: 0.0629 - val_dense_2_loss: 0.1248 - val_dense_3_loss: 0.2199 - val_dense_1_accuracy: 0.9796 - val_dense_2_accuracy: 0.9637 - val_dense_3_accuracy: 0.9071
Epoch 32/10000
921/921 [==============================] - 21s 23ms/step - loss: 0.4063 - dense_1_loss: 0.0627 - dense_2_loss: 0.1244 - dense_3_loss: 0.2192 - dense_1_accuracy: 0.9796 - dense_2_accuracy: 0.9637 - dense_3_accuracy: 0.9073 - val_loss: 0.4071 - val_dense_1_loss: 0.0626 - val_dense_2_loss: 0.1246 - val_dense_3_loss: 0.2199 - val_dense_1_accuracy: 0.9798 - val_dense_2_accuracy: 0.9638 - val_dense_3_accuracy: 0.9072
Epoch 33/10000
921/921 [==============================] - 19s 21ms/step - loss: 0.4058 - dense_1_loss: 0.0626 - dense_2_loss: 0.1241 - dense_3_loss: 0.2191 - dense_1_accuracy: 0.9797 - dense_2_accuracy: 0.9638 - dense_3_accuracy: 0.9074 - val_loss: 0.4041 - val_dense_1_loss: 0.0620 - val_dense_2_loss: 0.1234 - val_dense_3_loss: 0.2186 - val_dense_1_accuracy: 0.9799 - val_dense_2_accuracy: 0.9640 - val_dense_3_accuracy: 0.9076
Epoch 34/10000
921/921 [==============================] - 18s 20ms/step - loss: 0.4054 - dense_1_loss: 0.0625 - dense_2_loss: 0.1239 - dense_3_loss: 0.2190 - dense_1_accuracy: 0.9797 - dense_2_accuracy: 0.9638 - dense_3_accuracy: 0.9074 - val_loss: 0.4043 - val_dense_1_loss: 0.0622 - val_dense_2_loss: 0.1235 - val_dense_3_loss: 0.2186 - val_dense_1_accuracy: 0.9798 - val_dense_2_accuracy: 0.9640 - val_dense_3_accuracy: 0.9076
Epoch 35/10000
921/921 [==============================] - 19s 20ms/step - loss: 0.4051 - dense_1_loss: 0.0624 - dense_2_loss: 0.1237 - dense_3_loss: 0.2190 - dense_1_accuracy: 0.9797 - dense_2_accuracy: 0.9638 - dense_3_accuracy: 0.9074 - val_loss: 0.4049 - val_dense_1_loss: 0.0623 - val_dense_2_loss: 0.1237 - val_dense_3_loss: 0.2189 - val_dense_1_accuracy: 0.9797 - val_dense_2_accuracy: 0.9640 - val_dense_3_accuracy: 0.9075
Epoch 36/10000
921/921 [==============================] - 19s 20ms/step - loss: 0.4047 - dense_1_loss: 0.0623 - dense_2_loss: 0.1235 - dense_3_loss: 0.2190 - dense_1_accuracy: 0.9797 - dense_2_accuracy: 0.9639 - dense_3_accuracy: 0.9074 - val_loss: 0.4039 - val_dense_1_loss: 0.0619 - val_dense_2_loss: 0.1232 - val_dense_3_loss: 0.2187 - val_dense_1_accuracy: 0.9799 - val_dense_2_accuracy: 0.9641 - val_dense_3_accuracy: 0.9074
Epoch 37/10000
921/921 [==============================] - 24s 26ms/step - loss: 0.4043 - dense_1_loss: 0.0623 - dense_2_loss: 0.1232 - dense_3_loss: 0.2188 - dense_1_accuracy: 0.9797 - dense_2_accuracy: 0.9639 - dense_3_accuracy: 0.9074 - val_loss: 0.4038 - val_dense_1_loss: 0.0620 - val_dense_2_loss: 0.1232 - val_dense_3_loss: 0.2186 - val_dense_1_accuracy: 0.9798 - val_dense_2_accuracy: 0.9640 - val_dense_3_accuracy: 0.9076
Epoch 38/10000
921/921 [==============================] - 18s 20ms/step - loss: 0.4041 - dense_1_loss: 0.0622 - dense_2_loss: 0.1231 - dense_3_loss: 0.2188 - dense_1_accuracy: 0.9797 - dense_2_accuracy: 0.9640 - dense_3_accuracy: 0.9074 - val_loss: 0.4032 - val_dense_1_loss: 0.0619 - val_dense_2_loss: 0.1230 - val_dense_3_loss: 0.2184 - val_dense_1_accuracy: 0.9799 - val_dense_2_accuracy: 0.9641 - val_dense_3_accuracy: 0.9077
Epoch 39/10000
921/921 [==============================] - 21s 23ms/step - loss: 0.4037 - dense_1_loss: 0.0621 - dense_2_loss: 0.1228 - dense_3_loss: 0.2188 - dense_1_accuracy: 0.9797 - dense_2_accuracy: 0.9640 - dense_3_accuracy: 0.9075 - val_loss: 0.4038 - val_dense_1_loss: 0.0618 - val_dense_2_loss: 0.1225 - val_dense_3_loss: 0.2194 - val_dense_1_accuracy: 0.9799 - val_dense_2_accuracy: 0.9642 - val_dense_3_accuracy: 0.9070
Epoch 40/10000
921/921 [==============================] - 30s 33ms/step - loss: 0.4035 - dense_1_loss: 0.0621 - dense_2_loss: 0.1227 - dense_3_loss: 0.2187 - dense_1_accuracy: 0.9797 - dense_2_accuracy: 0.9641 - dense_3_accuracy: 0.9074 - val_loss: 0.4049 - val_dense_1_loss: 0.0621 - val_dense_2_loss: 0.1233 - val_dense_3_loss: 0.2195 - val_dense_1_accuracy: 0.9798 - val_dense_2_accuracy: 0.9641 - val_dense_3_accuracy: 0.9073
Epoch 41/10000
921/921 [==============================] - 22s 24ms/step - loss: 0.4032 - dense_1_loss: 0.0620 - dense_2_loss: 0.1225 - dense_3_loss: 0.2187 - dense_1_accuracy: 0.9798 - dense_2_accuracy: 0.9641 - dense_3_accuracy: 0.9075 - val_loss: 0.4038 - val_dense_1_loss: 0.0619 - val_dense_2_loss: 0.1225 - val_dense_3_loss: 0.2194 - val_dense_1_accuracy: 0.9799 - val_dense_2_accuracy: 0.9643 - val_dense_3_accuracy: 0.9070
Epoch 42/10000
921/921 [==============================] - 19s 20ms/step - loss: 0.4029 - dense_1_loss: 0.0619 - dense_2_loss: 0.1223 - dense_3_loss: 0.2186 - dense_1_accuracy: 0.9798 - dense_2_accuracy: 0.9641 - dense_3_accuracy: 0.9075 - val_loss: 0.4020 - val_dense_1_loss: 0.0615 - val_dense_2_loss: 0.1221 - val_dense_3_loss: 0.2184 - val_dense_1_accuracy: 0.9800 - val_dense_2_accuracy: 0.9643 - val_dense_3_accuracy: 0.9077
Epoch 43/10000
921/921 [==============================] - 20s 22ms/step - loss: 0.4027 - dense_1_loss: 0.0619 - dense_2_loss: 0.1222 - dense_3_loss: 0.2186 - dense_1_accuracy: 0.9798 - dense_2_accuracy: 0.9641 - dense_3_accuracy: 0.9075 - val_loss: 0.4029 - val_dense_1_loss: 0.0619 - val_dense_2_loss: 0.1225 - val_dense_3_loss: 0.2185 - val_dense_1_accuracy: 0.9799 - val_dense_2_accuracy: 0.9643 - val_dense_3_accuracy: 0.9078
Epoch 44/10000
921/921 [==============================] - 21s 23ms/step - loss: 0.4025 - dense_1_loss: 0.0618 - dense_2_loss: 0.1221 - dense_3_loss: 0.2185 - dense_1_accuracy: 0.9798 - dense_2_accuracy: 0.9642 - dense_3_accuracy: 0.9076 - val_loss: 0.4020 - val_dense_1_loss: 0.0616 - val_dense_2_loss: 0.1220 - val_dense_3_loss: 0.2184 - val_dense_1_accuracy: 0.9799 - val_dense_2_accuracy: 0.9644 - val_dense_3_accuracy: 0.9076
Epoch 45/10000
921/921 [==============================] - 18s 20ms/step - loss: 0.4021 - dense_1_loss: 0.0618 - dense_2_loss: 0.1219 - dense_3_loss: 0.2185 - dense_1_accuracy: 0.9798 - dense_2_accuracy: 0.9642 - dense_3_accuracy: 0.9075 - val_loss: 0.4018 - val_dense_1_loss: 0.0615 - val_dense_2_loss: 0.1220 - val_dense_3_loss: 0.2183 - val_dense_1_accuracy: 0.9800 - val_dense_2_accuracy: 0.9644 - val_dense_3_accuracy: 0.9078
Epoch 46/10000
921/921 [==============================] - 18s 20ms/step - loss: 0.4020 - dense_1_loss: 0.0617 - dense_2_loss: 0.1218 - dense_3_loss: 0.2185 - dense_1_accuracy: 0.9798 - dense_2_accuracy: 0.9642 - dense_3_accuracy: 0.9075 - val_loss: 0.4027 - val_dense_1_loss: 0.0621 - val_dense_2_loss: 0.1222 - val_dense_3_loss: 0.2185 - val_dense_1_accuracy: 0.9798 - val_dense_2_accuracy: 0.9642 - val_dense_3_accuracy: 0.9077
Epoch 47/10000
921/921 [==============================] - 19s 20ms/step - loss: 0.4017 - dense_1_loss: 0.0617 - dense_2_loss: 0.1216 - dense_3_loss: 0.2184 - dense_1_accuracy: 0.9798 - dense_2_accuracy: 0.9643 - dense_3_accuracy: 0.9076 - val_loss: 0.4027 - val_dense_1_loss: 0.0617 - val_dense_2_loss: 0.1218 - val_dense_3_loss: 0.2192 - val_dense_1_accuracy: 0.9799 - val_dense_2_accuracy: 0.9644 - val_dense_3_accuracy: 0.9069
Epoch 48/10000
921/921 [==============================] - 21s 23ms/step - loss: 0.4016 - dense_1_loss: 0.0616 - dense_2_loss: 0.1215 - dense_3_loss: 0.2184 - dense_1_accuracy: 0.9799 - dense_2_accuracy: 0.9643 - dense_3_accuracy: 0.9076 - val_loss: 0.4017 - val_dense_1_loss: 0.0615 - val_dense_2_loss: 0.1218 - val_dense_3_loss: 0.2184 - val_dense_1_accuracy: 0.9799 - val_dense_2_accuracy: 0.9643 - val_dense_3_accuracy: 0.9076
Epoch 49/10000
921/921 [==============================] - 19s 21ms/step - loss: 0.4013 - dense_1_loss: 0.0616 - dense_2_loss: 0.1213 - dense_3_loss: 0.2184 - dense_1_accuracy: 0.9799 - dense_2_accuracy: 0.9643 - dense_3_accuracy: 0.9076 - val_loss: 0.4025 - val_dense_1_loss: 0.0619 - val_dense_2_loss: 0.1219 - val_dense_3_loss: 0.2187 - val_dense_1_accuracy: 0.9799 - val_dense_2_accuracy: 0.9644 - val_dense_3_accuracy: 0.9076
Epoch 50/10000
921/921 [==============================] - 21s 23ms/step - loss: 0.4010 - dense_1_loss: 0.0615 - dense_2_loss: 0.1212 - dense_3_loss: 0.2183 - dense_1_accuracy: 0.9799 - dense_2_accuracy: 0.9644 - dense_3_accuracy: 0.9075 - val_loss: 0.4010 - val_dense_1_loss: 0.0613 - val_dense_2_loss: 0.1215 - val_dense_3_loss: 0.2181 - val_dense_1_accuracy: 0.9800 - val_dense_2_accuracy: 0.9644 - val_dense_3_accuracy: 0.9078
Epoch 51/10000
921/921 [==============================] - 21s 23ms/step - loss: 0.4009 - dense_1_loss: 0.0615 - dense_2_loss: 0.1211 - dense_3_loss: 0.2183 - dense_1_accuracy: 0.9799 - dense_2_accuracy: 0.9643 - dense_3_accuracy: 0.9076 - val_loss: 0.4011 - val_dense_1_loss: 0.0613 - val_dense_2_loss: 0.1216 - val_dense_3_loss: 0.2182 - val_dense_1_accuracy: 0.9800 - val_dense_2_accuracy: 0.9643 - val_dense_3_accuracy: 0.9078
Epoch 52/10000
921/921 [==============================] - 20s 21ms/step - loss: 0.4007 - dense_1_loss: 0.0614 - dense_2_loss: 0.1210 - dense_3_loss: 0.2183 - dense_1_accuracy: 0.9799 - dense_2_accuracy: 0.9644 - dense_3_accuracy: 0.9075 - val_loss: 0.4010 - val_dense_1_loss: 0.0616 - val_dense_2_loss: 0.1212 - val_dense_3_loss: 0.2182 - val_dense_1_accuracy: 0.9799 - val_dense_2_accuracy: 0.9645 - val_dense_3_accuracy: 0.9077
Epoch 53/10000
921/921 [==============================] - 18s 20ms/step - loss: 0.4004 - dense_1_loss: 0.0614 - dense_2_loss: 0.1208 - dense_3_loss: 0.2182 - dense_1_accuracy: 0.9799 - dense_2_accuracy: 0.9644 - dense_3_accuracy: 0.9076 - val_loss: 0.4013 - val_dense_1_loss: 0.0613 - val_dense_2_loss: 0.1212 - val_dense_3_loss: 0.2188 - val_dense_1_accuracy: 0.9800 - val_dense_2_accuracy: 0.9645 - val_dense_3_accuracy: 0.9072
Epoch 54/10000
921/921 [==============================] - 18s 20ms/step - loss: 0.4003 - dense_1_loss: 0.0613 - dense_2_loss: 0.1207 - dense_3_loss: 0.2182 - dense_1_accuracy: 0.9799 - dense_2_accuracy: 0.9644 - dense_3_accuracy: 0.9077 - val_loss: 0.4009 - val_dense_1_loss: 0.0613 - val_dense_2_loss: 0.1213 - val_dense_3_loss: 0.2183 - val_dense_1_accuracy: 0.9800 - val_dense_2_accuracy: 0.9645 - val_dense_3_accuracy: 0.9075
Epoch 55/10000
921/921 [==============================] - 18s 20ms/step - loss: 0.4002 - dense_1_loss: 0.0613 - dense_2_loss: 0.1206 - dense_3_loss: 0.2182 - dense_1_accuracy: 0.9799 - dense_2_accuracy: 0.9645 - dense_3_accuracy: 0.9076 - val_loss: 0.4010 - val_dense_1_loss: 0.0613 - val_dense_2_loss: 0.1211 - val_dense_3_loss: 0.2186 - val_dense_1_accuracy: 0.9800 - val_dense_2_accuracy: 0.9645 - val_dense_3_accuracy: 0.9076
Epoch 56/10000
921/921 [==============================] - 19s 20ms/step - loss: 0.3999 - dense_1_loss: 0.0613 - dense_2_loss: 0.1205 - dense_3_loss: 0.2182 - dense_1_accuracy: 0.9799 - dense_2_accuracy: 0.9645 - dense_3_accuracy: 0.9076 - val_loss: 0.4001 - val_dense_1_loss: 0.0612 - val_dense_2_loss: 0.1210 - val_dense_3_loss: 0.2179 - val_dense_1_accuracy: 0.9800 - val_dense_2_accuracy: 0.9646 - val_dense_3_accuracy: 0.9078
Epoch 57/10000
921/921 [==============================] - 19s 21ms/step - loss: 0.3998 - dense_1_loss: 0.0612 - dense_2_loss: 0.1204 - dense_3_loss: 0.2181 - dense_1_accuracy: 0.9800 - dense_2_accuracy: 0.9645 - dense_3_accuracy: 0.9076 - val_loss: 0.4003 - val_dense_1_loss: 0.0613 - val_dense_2_loss: 0.1210 - val_dense_3_loss: 0.2181 - val_dense_1_accuracy: 0.9800 - val_dense_2_accuracy: 0.9646 - val_dense_3_accuracy: 0.9079
Epoch 58/10000
921/921 [==============================] - 18s 20ms/step - loss: 0.3996 - dense_1_loss: 0.0612 - dense_2_loss: 0.1203 - dense_3_loss: 0.2181 - dense_1_accuracy: 0.9800 - dense_2_accuracy: 0.9645 - dense_3_accuracy: 0.9077 - val_loss: 0.4004 - val_dense_1_loss: 0.0611 - val_dense_2_loss: 0.1210 - val_dense_3_loss: 0.2183 - val_dense_1_accuracy: 0.9801 - val_dense_2_accuracy: 0.9645 - val_dense_3_accuracy: 0.9077
Epoch 59/10000
921/921 [==============================] - 19s 20ms/step - loss: 0.3995 - dense_1_loss: 0.0612 - dense_2_loss: 0.1202 - dense_3_loss: 0.2181 - dense_1_accuracy: 0.9799 - dense_2_accuracy: 0.9645 - dense_3_accuracy: 0.9077 - val_loss: 0.4002 - val_dense_1_loss: 0.0613 - val_dense_2_loss: 0.1209 - val_dense_3_loss: 0.2179 - val_dense_1_accuracy: 0.9800 - val_dense_2_accuracy: 0.9646 - val_dense_3_accuracy: 0.9078
Epoch 60/10000
921/921 [==============================] - 18s 20ms/step - loss: 0.3994 - dense_1_loss: 0.0612 - dense_2_loss: 0.1202 - dense_3_loss: 0.2181 - dense_1_accuracy: 0.9800 - dense_2_accuracy: 0.9646 - dense_3_accuracy: 0.9076 - val_loss: 0.4007 - val_dense_1_loss: 0.0611 - val_dense_2_loss: 0.1208 - val_dense_3_loss: 0.2188 - val_dense_1_accuracy: 0.9800 - val_dense_2_accuracy: 0.9646 - val_dense_3_accuracy: 0.9075
Epoch 61/10000
921/921 [==============================] - 23s 25ms/step - loss: 0.3992 - dense_1_loss: 0.0611 - dense_2_loss: 0.1200 - dense_3_loss: 0.2181 - dense_1_accuracy: 0.9800 - dense_2_accuracy: 0.9646 - dense_3_accuracy: 0.9077 - val_loss: 0.3995 - val_dense_1_loss: 0.0610 - val_dense_2_loss: 0.1205 - val_dense_3_loss: 0.2180 - val_dense_1_accuracy: 0.9801 - val_dense_2_accuracy: 0.9647 - val_dense_3_accuracy: 0.9078
Epoch 62/10000
921/921 [==============================] - 19s 20ms/step - loss: 0.3990 - dense_1_loss: 0.0611 - dense_2_loss: 0.1199 - dense_3_loss: 0.2180 - dense_1_accuracy: 0.9800 - dense_2_accuracy: 0.9646 - dense_3_accuracy: 0.9077 - val_loss: 0.3997 - val_dense_1_loss: 0.0612 - val_dense_2_loss: 0.1206 - val_dense_3_loss: 0.2179 - val_dense_1_accuracy: 0.9801 - val_dense_2_accuracy: 0.9647 - val_dense_3_accuracy: 0.9079
Epoch 63/10000
921/921 [==============================] - 19s 20ms/step - loss: 0.3988 - dense_1_loss: 0.0610 - dense_2_loss: 0.1198 - dense_3_loss: 0.2180 - dense_1_accuracy: 0.9800 - dense_2_accuracy: 0.9646 - dense_3_accuracy: 0.9077 - val_loss: 0.4006 - val_dense_1_loss: 0.0610 - val_dense_2_loss: 0.1204 - val_dense_3_loss: 0.2192 - val_dense_1_accuracy: 0.9801 - val_dense_2_accuracy: 0.9647 - val_dense_3_accuracy: 0.9071
Epoch 64/10000
921/921 [==============================] - 18s 20ms/step - loss: 0.3987 - dense_1_loss: 0.0610 - dense_2_loss: 0.1197 - dense_3_loss: 0.2180 - dense_1_accuracy: 0.9800 - dense_2_accuracy: 0.9646 - dense_3_accuracy: 0.9077 - val_loss: 0.3992 - val_dense_1_loss: 0.0609 - val_dense_2_loss: 0.1205 - val_dense_3_loss: 0.2178 - val_dense_1_accuracy: 0.9801 - val_dense_2_accuracy: 0.9646 - val_dense_3_accuracy: 0.9079
Epoch 65/10000
921/921 [==============================] - 21s 23ms/step - loss: 0.3985 - dense_1_loss: 0.0609 - dense_2_loss: 0.1196 - dense_3_loss: 0.2180 - dense_1_accuracy: 0.9800 - dense_2_accuracy: 0.9647 - dense_3_accuracy: 0.9077 - val_loss: 0.4002 - val_dense_1_loss: 0.0612 - val_dense_2_loss: 0.1207 - val_dense_3_loss: 0.2183 - val_dense_1_accuracy: 0.9800 - val_dense_2_accuracy: 0.9645 - val_dense_3_accuracy: 0.9075
Epoch 66/10000
921/921 [==============================] - 18s 20ms/step - loss: 0.3985 - dense_1_loss: 0.0609 - dense_2_loss: 0.1196 - dense_3_loss: 0.2179 - dense_1_accuracy: 0.9800 - dense_2_accuracy: 0.9646 - dense_3_accuracy: 0.9077 - val_loss: 0.3994 - val_dense_1_loss: 0.0610 - val_dense_2_loss: 0.1203 - val_dense_3_loss: 0.2180 - val_dense_1_accuracy: 0.9801 - val_dense_2_accuracy: 0.9648 - val_dense_3_accuracy: 0.9079
Epoch 67/10000
921/921 [==============================] - 19s 20ms/step - loss: 0.3982 - dense_1_loss: 0.0609 - dense_2_loss: 0.1194 - dense_3_loss: 0.2179 - dense_1_accuracy: 0.9800 - dense_2_accuracy: 0.9647 - dense_3_accuracy: 0.9077 - val_loss: 0.3992 - val_dense_1_loss: 0.0611 - val_dense_2_loss: 0.1203 - val_dense_3_loss: 0.2178 - val_dense_1_accuracy: 0.9800 - val_dense_2_accuracy: 0.9646 - val_dense_3_accuracy: 0.9079
Epoch 68/10000
921/921 [==============================] - 19s 20ms/step - loss: 0.3981 - dense_1_loss: 0.0609 - dense_2_loss: 0.1194 - dense_3_loss: 0.2179 - dense_1_accuracy: 0.9800 - dense_2_accuracy: 0.9647 - dense_3_accuracy: 0.9077 - val_loss: 0.3992 - val_dense_1_loss: 0.0611 - val_dense_2_loss: 0.1202 - val_dense_3_loss: 0.2180 - val_dense_1_accuracy: 0.9800 - val_dense_2_accuracy: 0.9647 - val_dense_3_accuracy: 0.9077
Epoch 69/10000
921/921 [==============================] - 19s 21ms/step - loss: 0.3980 - dense_1_loss: 0.0608 - dense_2_loss: 0.1193 - dense_3_loss: 0.2179 - dense_1_accuracy: 0.9800 - dense_2_accuracy: 0.9647 - dense_3_accuracy: 0.9077 - val_loss: 0.3986 - val_dense_1_loss: 0.0609 - val_dense_2_loss: 0.1201 - val_dense_3_loss: 0.2177 - val_dense_1_accuracy: 0.9801 - val_dense_2_accuracy: 0.9648 - val_dense_3_accuracy: 0.9078
Epoch 70/10000
921/921 [==============================] - 21s 23ms/step - loss: 0.3978 - dense_1_loss: 0.0608 - dense_2_loss: 0.1192 - dense_3_loss: 0.2178 - dense_1_accuracy: 0.9800 - dense_2_accuracy: 0.9647 - dense_3_accuracy: 0.9077 - val_loss: 0.3996 - val_dense_1_loss: 0.0610 - val_dense_2_loss: 0.1201 - val_dense_3_loss: 0.2185 - val_dense_1_accuracy: 0.9801 - val_dense_2_accuracy: 0.9647 - val_dense_3_accuracy: 0.9076
Epoch 71/10000
921/921 [==============================] - 18s 20ms/step - loss: 0.3978 - dense_1_loss: 0.0608 - dense_2_loss: 0.1191 - dense_3_loss: 0.2178 - dense_1_accuracy: 0.9800 - dense_2_accuracy: 0.9648 - dense_3_accuracy: 0.9078 - val_loss: 0.3990 - val_dense_1_loss: 0.0610 - val_dense_2_loss: 0.1202 - val_dense_3_loss: 0.2177 - val_dense_1_accuracy: 0.9801 - val_dense_2_accuracy: 0.9648 - val_dense_3_accuracy: 0.9079
Epoch 72/10000
921/921 [==============================] - 23s 25ms/step - loss: 0.3977 - dense_1_loss: 0.0608 - dense_2_loss: 0.1191 - dense_3_loss: 0.2178 - dense_1_accuracy: 0.9801 - dense_2_accuracy: 0.9648 - dense_3_accuracy: 0.9077 - val_loss: 0.3990 - val_dense_1_loss: 0.0610 - val_dense_2_loss: 0.1200 - val_dense_3_loss: 0.2179 - val_dense_1_accuracy: 0.9801 - val_dense_2_accuracy: 0.9648 - val_dense_3_accuracy: 0.9076
Epoch 73/10000
921/921 [==============================] - 20s 21ms/step - loss: 0.3974 - dense_1_loss: 0.0607 - dense_2_loss: 0.1190 - dense_3_loss: 0.2178 - dense_1_accuracy: 0.9801 - dense_2_accuracy: 0.9648 - dense_3_accuracy: 0.9078 - val_loss: 0.3992 - val_dense_1_loss: 0.0611 - val_dense_2_loss: 0.1201 - val_dense_3_loss: 0.2179 - val_dense_1_accuracy: 0.9801 - val_dense_2_accuracy: 0.9648 - val_dense_3_accuracy: 0.9078
Epoch 74/10000
921/921 [==============================] - 19s 20ms/step - loss: 0.3973 - dense_1_loss: 0.0607 - dense_2_loss: 0.1189 - dense_3_loss: 0.2178 - dense_1_accuracy: 0.9800 - dense_2_accuracy: 0.9648 - dense_3_accuracy: 0.9078 - val_loss: 0.3984 - val_dense_1_loss: 0.0609 - val_dense_2_loss: 0.1198 - val_dense_3_loss: 0.2177 - val_dense_1_accuracy: 0.9801 - val_dense_2_accuracy: 0.9648 - val_dense_3_accuracy: 0.9079
Epoch 75/10000
921/921 [==============================] - 19s 20ms/step - loss: 0.3973 - dense_1_loss: 0.0607 - dense_2_loss: 0.1188 - dense_3_loss: 0.2178 - dense_1_accuracy: 0.9801 - dense_2_accuracy: 0.9648 - dense_3_accuracy: 0.9077 - val_loss: 0.3988 - val_dense_1_loss: 0.0609 - val_dense_2_loss: 0.1200 - val_dense_3_loss: 0.2178 - val_dense_1_accuracy: 0.9801 - val_dense_2_accuracy: 0.9648 - val_dense_3_accuracy: 0.9079
Epoch 76/10000
921/921 [==============================] - 19s 21ms/step - loss: 0.3972 - dense_1_loss: 0.0607 - dense_2_loss: 0.1188 - dense_3_loss: 0.2178 - dense_1_accuracy: 0.9801 - dense_2_accuracy: 0.9648 - dense_3_accuracy: 0.9077 - val_loss: 0.3988 - val_dense_1_loss: 0.0612 - val_dense_2_loss: 0.1200 - val_dense_3_loss: 0.2177 - val_dense_1_accuracy: 0.9801 - val_dense_2_accuracy: 0.9649 - val_dense_3_accuracy: 0.9079
Epoch 77/10000
921/921 [==============================] - 22s 23ms/step - loss: 0.3970 - dense_1_loss: 0.0606 - dense_2_loss: 0.1187 - dense_3_loss: 0.2177 - dense_1_accuracy: 0.9801 - dense_2_accuracy: 0.9648 - dense_3_accuracy: 0.9078 - val_loss: 0.3987 - val_dense_1_loss: 0.0611 - val_dense_2_loss: 0.1199 - val_dense_3_loss: 0.2178 - val_dense_1_accuracy: 0.9801 - val_dense_2_accuracy: 0.9648 - val_dense_3_accuracy: 0.9079
Epoch 78/10000
921/921 [==============================] - 19s 20ms/step - loss: 0.3970 - dense_1_loss: 0.0606 - dense_2_loss: 0.1186 - dense_3_loss: 0.2177 - dense_1_accuracy: 0.9801 - dense_2_accuracy: 0.9649 - dense_3_accuracy: 0.9078 - val_loss: 0.3991 - val_dense_1_loss: 0.0608 - val_dense_2_loss: 0.1196 - val_dense_3_loss: 0.2186 - val_dense_1_accuracy: 0.9801 - val_dense_2_accuracy: 0.9649 - val_dense_3_accuracy: 0.9074
Epoch 79/10000
921/921 [==============================] - 19s 20ms/step - loss: 0.3968 - dense_1_loss: 0.0606 - dense_2_loss: 0.1186 - dense_3_loss: 0.2177 - dense_1_accuracy: 0.9801 - dense_2_accuracy: 0.9649 - dense_3_accuracy: 0.9078 - val_loss: 0.3984 - val_dense_1_loss: 0.0607 - val_dense_2_loss: 0.1200 - val_dense_3_loss: 0.2176 - val_dense_1_accuracy: 0.9801 - val_dense_2_accuracy: 0.9647 - val_dense_3_accuracy: 0.9080
Epoch 80/10000
921/921 [==============================] - 22s 23ms/step - loss: 0.3967 - dense_1_loss: 0.0605 - dense_2_loss: 0.1185 - dense_3_loss: 0.2177 - dense_1_accuracy: 0.9801 - dense_2_accuracy: 0.9649 - dense_3_accuracy: 0.9078 - val_loss: 0.3980 - val_dense_1_loss: 0.0608 - val_dense_2_loss: 0.1196 - val_dense_3_loss: 0.2176 - val_dense_1_accuracy: 0.9802 - val_dense_2_accuracy: 0.9649 - val_dense_3_accuracy: 0.9079
Epoch 81/10000
921/921 [==============================] - 19s 20ms/step - loss: 0.3966 - dense_1_loss: 0.0605 - dense_2_loss: 0.1184 - dense_3_loss: 0.2176 - dense_1_accuracy: 0.9801 - dense_2_accuracy: 0.9649 - dense_3_accuracy: 0.9078 - val_loss: 0.3987 - val_dense_1_loss: 0.0609 - val_dense_2_loss: 0.1200 - val_dense_3_loss: 0.2178 - val_dense_1_accuracy: 0.9800 - val_dense_2_accuracy: 0.9647 - val_dense_3_accuracy: 0.9079
Epoch 82/10000
921/921 [==============================] - 19s 20ms/step - loss: 0.3965 - dense_1_loss: 0.0605 - dense_2_loss: 0.1184 - dense_3_loss: 0.2176 - dense_1_accuracy: 0.9801 - dense_2_accuracy: 0.9649 - dense_3_accuracy: 0.9078 - val_loss: 0.3985 - val_dense_1_loss: 0.0608 - val_dense_2_loss: 0.1198 - val_dense_3_loss: 0.2178 - val_dense_1_accuracy: 0.9801 - val_dense_2_accuracy: 0.9648 - val_dense_3_accuracy: 0.9079
Epoch 83/10000
921/921 [==============================] - 22s 24ms/step - loss: 0.3964 - dense_1_loss: 0.0605 - dense_2_loss: 0.1183 - dense_3_loss: 0.2176 - dense_1_accuracy: 0.9801 - dense_2_accuracy: 0.9649 - dense_3_accuracy: 0.9078 - val_loss: 0.3983 - val_dense_1_loss: 0.0607 - val_dense_2_loss: 0.1196 - val_dense_3_loss: 0.2179 - val_dense_1_accuracy: 0.9802 - val_dense_2_accuracy: 0.9648 - val_dense_3_accuracy: 0.9076
Epoch 84/10000
921/921 [==============================] - 19s 21ms/step - loss: 0.3963 - dense_1_loss: 0.0604 - dense_2_loss: 0.1182 - dense_3_loss: 0.2176 - dense_1_accuracy: 0.9801 - dense_2_accuracy: 0.9650 - dense_3_accuracy: 0.9078 - val_loss: 0.3983 - val_dense_1_loss: 0.0609 - val_dense_2_loss: 0.1198 - val_dense_3_loss: 0.2176 - val_dense_1_accuracy: 0.9802 - val_dense_2_accuracy: 0.9649 - val_dense_3_accuracy: 0.9080
Epoch 85/10000
921/921 [==============================] - 22s 24ms/step - loss: 0.3962 - dense_1_loss: 0.0604 - dense_2_loss: 0.1182 - dense_3_loss: 0.2176 - dense_1_accuracy: 0.9801 - dense_2_accuracy: 0.9650 - dense_3_accuracy: 0.9078 - val_loss: 0.3977 - val_dense_1_loss: 0.0608 - val_dense_2_loss: 0.1194 - val_dense_3_loss: 0.2175 - val_dense_1_accuracy: 0.9801 - val_dense_2_accuracy: 0.9649 - val_dense_3_accuracy: 0.9080
Epoch 86/10000
921/921 [==============================] - 19s 20ms/step - loss: 0.3961 - dense_1_loss: 0.0604 - dense_2_loss: 0.1181 - dense_3_loss: 0.2176 - dense_1_accuracy: 0.9801 - dense_2_accuracy: 0.9650 - dense_3_accuracy: 0.9078 - val_loss: 0.3988 - val_dense_1_loss: 0.0606 - val_dense_2_loss: 0.1193 - val_dense_3_loss: 0.2189 - val_dense_1_accuracy: 0.9802 - val_dense_2_accuracy: 0.9649 - val_dense_3_accuracy: 0.9072
Epoch 87/10000
921/921 [==============================] - 19s 20ms/step - loss: 0.3960 - dense_1_loss: 0.0604 - dense_2_loss: 0.1180 - dense_3_loss: 0.2176 - dense_1_accuracy: 0.9801 - dense_2_accuracy: 0.9650 - dense_3_accuracy: 0.9078 - val_loss: 0.3979 - val_dense_1_loss: 0.0608 - val_dense_2_loss: 0.1196 - val_dense_3_loss: 0.2175 - val_dense_1_accuracy: 0.9802 - val_dense_2_accuracy: 0.9648 - val_dense_3_accuracy: 0.9080
Epoch 88/10000
921/921 [==============================] - 21s 23ms/step - loss: 0.3959 - dense_1_loss: 0.0603 - dense_2_loss: 0.1180 - dense_3_loss: 0.2176 - dense_1_accuracy: 0.9801 - dense_2_accuracy: 0.9650 - dense_3_accuracy: 0.9078 - val_loss: 0.3979 - val_dense_1_loss: 0.0609 - val_dense_2_loss: 0.1194 - val_dense_3_loss: 0.2176 - val_dense_1_accuracy: 0.9801 - val_dense_2_accuracy: 0.9649 - val_dense_3_accuracy: 0.9079
Epoch 89/10000
921/921 [==============================] - 19s 21ms/step - loss: 0.3959 - dense_1_loss: 0.0603 - dense_2_loss: 0.1180 - dense_3_loss: 0.2175 - dense_1_accuracy: 0.9801 - dense_2_accuracy: 0.9650 - dense_3_accuracy: 0.9078 - val_loss: 0.3987 - val_dense_1_loss: 0.0608 - val_dense_2_loss: 0.1195 - val_dense_3_loss: 0.2184 - val_dense_1_accuracy: 0.9801 - val_dense_2_accuracy: 0.9649 - val_dense_3_accuracy: 0.9072
Epoch 90/10000
921/921 [==============================] - 19s 21ms/step - loss: 0.3957 - dense_1_loss: 0.0603 - dense_2_loss: 0.1179 - dense_3_loss: 0.2176 - dense_1_accuracy: 0.9802 - dense_2_accuracy: 0.9650 - dense_3_accuracy: 0.9078 - val_loss: 0.3979 - val_dense_1_loss: 0.0608 - val_dense_2_loss: 0.1195 - val_dense_3_loss: 0.2176 - val_dense_1_accuracy: 0.9802 - val_dense_2_accuracy: 0.9649 - val_dense_3_accuracy: 0.9079
Epoch 91/10000
921/921 [==============================] - 19s 21ms/step - loss: 0.3957 - dense_1_loss: 0.0603 - dense_2_loss: 0.1179 - dense_3_loss: 0.2175 - dense_1_accuracy: 0.9802 - dense_2_accuracy: 0.9650 - dense_3_accuracy: 0.9078 - val_loss: 0.3974 - val_dense_1_loss: 0.0607 - val_dense_2_loss: 0.1193 - val_dense_3_loss: 0.2175 - val_dense_1_accuracy: 0.9802 - val_dense_2_accuracy: 0.9650 - val_dense_3_accuracy: 0.9080
Epoch 92/10000
921/921 [==============================] - 20s 21ms/step - loss: 0.3956 - dense_1_loss: 0.0603 - dense_2_loss: 0.1178 - dense_3_loss: 0.2175 - dense_1_accuracy: 0.9802 - dense_2_accuracy: 0.9651 - dense_3_accuracy: 0.9079 - val_loss: 0.3980 - val_dense_1_loss: 0.0609 - val_dense_2_loss: 0.1195 - val_dense_3_loss: 0.2176 - val_dense_1_accuracy: 0.9801 - val_dense_2_accuracy: 0.9649 - val_dense_3_accuracy: 0.9078
Epoch 93/10000
921/921 [==============================] - 22s 23ms/step - loss: 0.3955 - dense_1_loss: 0.0602 - dense_2_loss: 0.1177 - dense_3_loss: 0.2175 - dense_1_accuracy: 0.9802 - dense_2_accuracy: 0.9651 - dense_3_accuracy: 0.9078 - val_loss: 0.3977 - val_dense_1_loss: 0.0607 - val_dense_2_loss: 0.1194 - val_dense_3_loss: 0.2176 - val_dense_1_accuracy: 0.9802 - val_dense_2_accuracy: 0.9649 - val_dense_3_accuracy: 0.9080
Epoch 94/10000
921/921 [==============================] - 20s 22ms/step - loss: 0.3954 - dense_1_loss: 0.0602 - dense_2_loss: 0.1177 - dense_3_loss: 0.2175 - dense_1_accuracy: 0.9802 - dense_2_accuracy: 0.9651 - dense_3_accuracy: 0.9078 - val_loss: 0.3996 - val_dense_1_loss: 0.0608 - val_dense_2_loss: 0.1194 - val_dense_3_loss: 0.2194 - val_dense_1_accuracy: 0.9802 - val_dense_2_accuracy: 0.9650 - val_dense_3_accuracy: 0.9074
Epoch 95/10000
921/921 [==============================] - 22s 24ms/step - loss: 0.3954 - dense_1_loss: 0.0602 - dense_2_loss: 0.1177 - dense_3_loss: 0.2175 - dense_1_accuracy: 0.9802 - dense_2_accuracy: 0.9651 - dense_3_accuracy: 0.9078 - val_loss: 0.3981 - val_dense_1_loss: 0.0607 - val_dense_2_loss: 0.1194 - val_dense_3_loss: 0.2180 - val_dense_1_accuracy: 0.9802 - val_dense_2_accuracy: 0.9649 - val_dense_3_accuracy: 0.9076
Epoch 96/10000
921/921 [==============================] - 19s 20ms/step - loss: 0.3952 - dense_1_loss: 0.0602 - dense_2_loss: 0.1176 - dense_3_loss: 0.2175 - dense_1_accuracy: 0.9802 - dense_2_accuracy: 0.9651 - dense_3_accuracy: 0.9078 - val_loss: 0.3972 - val_dense_1_loss: 0.0605 - val_dense_2_loss: 0.1193 - val_dense_3_loss: 0.2174 - val_dense_1_accuracy: 0.9802 - val_dense_2_accuracy: 0.9649 - val_dense_3_accuracy: 0.9080
Epoch 97/10000
921/921 [==============================] - 19s 20ms/step - loss: 0.3952 - dense_1_loss: 0.0602 - dense_2_loss: 0.1176 - dense_3_loss: 0.2175 - dense_1_accuracy: 0.9802 - dense_2_accuracy: 0.9651 - dense_3_accuracy: 0.9078 - val_loss: 0.3977 - val_dense_1_loss: 0.0606 - val_dense_2_loss: 0.1191 - val_dense_3_loss: 0.2180 - val_dense_1_accuracy: 0.9802 - val_dense_2_accuracy: 0.9650 - val_dense_3_accuracy: 0.9079
Epoch 98/10000
921/921 [==============================] - 19s 21ms/step - loss: 0.3951 - dense_1_loss: 0.0602 - dense_2_loss: 0.1175 - dense_3_loss: 0.2174 - dense_1_accuracy: 0.9802 - dense_2_accuracy: 0.9651 - dense_3_accuracy: 0.9079 - val_loss: 0.3973 - val_dense_1_loss: 0.0605 - val_dense_2_loss: 0.1192 - val_dense_3_loss: 0.2175 - val_dense_1_accuracy: 0.9803 - val_dense_2_accuracy: 0.9650 - val_dense_3_accuracy: 0.9078
Epoch 99/10000
921/921 [==============================] - 20s 22ms/step - loss: 0.3949 - dense_1_loss: 0.0601 - dense_2_loss: 0.1174 - dense_3_loss: 0.2174 - dense_1_accuracy: 0.9802 - dense_2_accuracy: 0.9651 - dense_3_accuracy: 0.9079 - val_loss: 0.3973 - val_dense_1_loss: 0.0607 - val_dense_2_loss: 0.1191 - val_dense_3_loss: 0.2175 - val_dense_1_accuracy: 0.9802 - val_dense_2_accuracy: 0.9650 - val_dense_3_accuracy: 0.9080
Epoch 100/10000
921/921 [==============================] - 19s 21ms/step - loss: 0.3949 - dense_1_loss: 0.0601 - dense_2_loss: 0.1174 - dense_3_loss: 0.2174 - dense_1_accuracy: 0.9802 - dense_2_accuracy: 0.9651 - dense_3_accuracy: 0.9079 - val_loss: 0.3974 - val_dense_1_loss: 0.0606 - val_dense_2_loss: 0.1190 - val_dense_3_loss: 0.2178 - val_dense_1_accuracy: 0.9802 - val_dense_2_accuracy: 0.9651 - val_dense_3_accuracy: 0.9076
Epoch 101/10000
921/921 [==============================] - 19s 20ms/step - loss: 0.3949 - dense_1_loss: 0.0601 - dense_2_loss: 0.1173 - dense_3_loss: 0.2174 - dense_1_accuracy: 0.9802 - dense_2_accuracy: 0.9651 - dense_3_accuracy: 0.9078 - val_loss: 0.3973 - val_dense_1_loss: 0.0607 - val_dense_2_loss: 0.1191 - val_dense_3_loss: 0.2175 - val_dense_1_accuracy: 0.9802 - val_dense_2_accuracy: 0.9650 - val_dense_3_accuracy: 0.9079
Epoch 102/10000
921/921 [==============================] - 19s 21ms/step - loss: 0.3948 - dense_1_loss: 0.0601 - dense_2_loss: 0.1173 - dense_3_loss: 0.2174 - dense_1_accuracy: 0.9802 - dense_2_accuracy: 0.9651 - dense_3_accuracy: 0.9079 - val_loss: 0.3975 - val_dense_1_loss: 0.0607 - val_dense_2_loss: 0.1192 - val_dense_3_loss: 0.2175 - val_dense_1_accuracy: 0.9802 - val_dense_2_accuracy: 0.9650 - val_dense_3_accuracy: 0.9079
Epoch 103/10000
921/921 [==============================] - 20s 22ms/step - loss: 0.3947 - dense_1_loss: 0.0601 - dense_2_loss: 0.1173 - dense_3_loss: 0.2174 - dense_1_accuracy: 0.9802 - dense_2_accuracy: 0.9652 - dense_3_accuracy: 0.9079 - val_loss: 0.3971 - val_dense_1_loss: 0.0606 - val_dense_2_loss: 0.1190 - val_dense_3_loss: 0.2176 - val_dense_1_accuracy: 0.9802 - val_dense_2_accuracy: 0.9651 - val_dense_3_accuracy: 0.9080
Epoch 104/10000
921/921 [==============================] - 21s 23ms/step - loss: 0.3946 - dense_1_loss: 0.0600 - dense_2_loss: 0.1172 - dense_3_loss: 0.2174 - dense_1_accuracy: 0.9802 - dense_2_accuracy: 0.9652 - dense_3_accuracy: 0.9079 - val_loss: 0.3978 - val_dense_1_loss: 0.0608 - val_dense_2_loss: 0.1192 - val_dense_3_loss: 0.2178 - val_dense_1_accuracy: 0.9802 - val_dense_2_accuracy: 0.9650 - val_dense_3_accuracy: 0.9078
Epoch 105/10000
921/921 [==============================] - 21s 23ms/step - loss: 0.3946 - dense_1_loss: 0.0600 - dense_2_loss: 0.1172 - dense_3_loss: 0.2174 - dense_1_accuracy: 0.9802 - dense_2_accuracy: 0.9652 - dense_3_accuracy: 0.9079 - val_loss: 0.3976 - val_dense_1_loss: 0.0605 - val_dense_2_loss: 0.1189 - val_dense_3_loss: 0.2182 - val_dense_1_accuracy: 0.9802 - val_dense_2_accuracy: 0.9651 - val_dense_3_accuracy: 0.9077
Epoch 106/10000
921/921 [==============================] - 19s 20ms/step - loss: 0.3945 - dense_1_loss: 0.0600 - dense_2_loss: 0.1171 - dense_3_loss: 0.2174 - dense_1_accuracy: 0.9802 - dense_2_accuracy: 0.9652 - dense_3_accuracy: 0.9079 - val_loss: 0.3973 - val_dense_1_loss: 0.0606 - val_dense_2_loss: 0.1192 - val_dense_3_loss: 0.2175 - val_dense_1_accuracy: 0.9802 - val_dense_2_accuracy: 0.9650 - val_dense_3_accuracy: 0.9078
Epoch 107/10000
921/921 [==============================] - 19s 21ms/step - loss: 0.3944 - dense_1_loss: 0.0600 - dense_2_loss: 0.1171 - dense_3_loss: 0.2173 - dense_1_accuracy: 0.9802 - dense_2_accuracy: 0.9652 - dense_3_accuracy: 0.9079 - val_loss: 0.3971 - val_dense_1_loss: 0.0607 - val_dense_2_loss: 0.1189 - val_dense_3_loss: 0.2174 - val_dense_1_accuracy: 0.9803 - val_dense_2_accuracy: 0.9651 - val_dense_3_accuracy: 0.9080
Epoch 108/10000
921/921 [==============================] - 22s 24ms/step - loss: 0.3943 - dense_1_loss: 0.0600 - dense_2_loss: 0.1170 - dense_3_loss: 0.2173 - dense_1_accuracy: 0.9802 - dense_2_accuracy: 0.9652 - dense_3_accuracy: 0.9079 - val_loss: 0.3975 - val_dense_1_loss: 0.0607 - val_dense_2_loss: 0.1192 - val_dense_3_loss: 0.2176 - val_dense_1_accuracy: 0.9802 - val_dense_2_accuracy: 0.9650 - val_dense_3_accuracy: 0.9078
Epoch 109/10000
921/921 [==============================] - 19s 21ms/step - loss: 0.3943 - dense_1_loss: 0.0600 - dense_2_loss: 0.1170 - dense_3_loss: 0.2173 - dense_1_accuracy: 0.9802 - dense_2_accuracy: 0.9652 - dense_3_accuracy: 0.9079 - val_loss: 0.3968 - val_dense_1_loss: 0.0605 - val_dense_2_loss: 0.1189 - val_dense_3_loss: 0.2174 - val_dense_1_accuracy: 0.9803 - val_dense_2_accuracy: 0.9651 - val_dense_3_accuracy: 0.9079
Epoch 110/10000
921/921 [==============================] - 19s 20ms/step - loss: 0.3942 - dense_1_loss: 0.0599 - dense_2_loss: 0.1169 - dense_3_loss: 0.2173 - dense_1_accuracy: 0.9802 - dense_2_accuracy: 0.9652 - dense_3_accuracy: 0.9079 - val_loss: 0.3969 - val_dense_1_loss: 0.0605 - val_dense_2_loss: 0.1188 - val_dense_3_loss: 0.2175 - val_dense_1_accuracy: 0.9803 - val_dense_2_accuracy: 0.9651 - val_dense_3_accuracy: 0.9079
Epoch 111/10000
921/921 [==============================] - 22s 24ms/step - loss: 0.3941 - dense_1_loss: 0.0599 - dense_2_loss: 0.1169 - dense_3_loss: 0.2173 - dense_1_accuracy: 0.9802 - dense_2_accuracy: 0.9653 - dense_3_accuracy: 0.9079 - val_loss: 0.3968 - val_dense_1_loss: 0.0605 - val_dense_2_loss: 0.1188 - val_dense_3_loss: 0.2176 - val_dense_1_accuracy: 0.9803 - val_dense_2_accuracy: 0.9650 - val_dense_3_accuracy: 0.9079
Epoch 112/10000
921/921 [==============================] - 19s 20ms/step - loss: 0.3940 - dense_1_loss: 0.0599 - dense_2_loss: 0.1168 - dense_3_loss: 0.2173 - dense_1_accuracy: 0.9803 - dense_2_accuracy: 0.9653 - dense_3_accuracy: 0.9079 - val_loss: 0.3968 - val_dense_1_loss: 0.0606 - val_dense_2_loss: 0.1188 - val_dense_3_loss: 0.2174 - val_dense_1_accuracy: 0.9802 - val_dense_2_accuracy: 0.9651 - val_dense_3_accuracy: 0.9080
Epoch 113/10000
921/921 [==============================] - 19s 21ms/step - loss: 0.3940 - dense_1_loss: 0.0599 - dense_2_loss: 0.1168 - dense_3_loss: 0.2173 - dense_1_accuracy: 0.9803 - dense_2_accuracy: 0.9653 - dense_3_accuracy: 0.9079 - val_loss: 0.3969 - val_dense_1_loss: 0.0606 - val_dense_2_loss: 0.1189 - val_dense_3_loss: 0.2175 - val_dense_1_accuracy: 0.9802 - val_dense_2_accuracy: 0.9651 - val_dense_3_accuracy: 0.9079
Epoch 114/10000
921/921 [==============================] - 21s 23ms/step - loss: 0.3940 - dense_1_loss: 0.0599 - dense_2_loss: 0.1168 - dense_3_loss: 0.2173 - dense_1_accuracy: 0.9803 - dense_2_accuracy: 0.9653 - dense_3_accuracy: 0.9079 - val_loss: 0.3973 - val_dense_1_loss: 0.0606 - val_dense_2_loss: 0.1192 - val_dense_3_loss: 0.2174 - val_dense_1_accuracy: 0.9803 - val_dense_2_accuracy: 0.9650 - val_dense_3_accuracy: 0.9079
Epoch 115/10000
921/921 [==============================] - 22s 24ms/step - loss: 0.3939 - dense_1_loss: 0.0599 - dense_2_loss: 0.1167 - dense_3_loss: 0.2173 - dense_1_accuracy: 0.9803 - dense_2_accuracy: 0.9653 - dense_3_accuracy: 0.9079 - val_loss: 0.3970 - val_dense_1_loss: 0.0605 - val_dense_2_loss: 0.1186 - val_dense_3_loss: 0.2179 - val_dense_1_accuracy: 0.9802 - val_dense_2_accuracy: 0.9651 - val_dense_3_accuracy: 0.9077
Epoch 116/10000
921/921 [==============================] - 19s 21ms/step - loss: 0.3938 - dense_1_loss: 0.0598 - dense_2_loss: 0.1167 - dense_3_loss: 0.2172 - dense_1_accuracy: 0.9803 - dense_2_accuracy: 0.9653 - dense_3_accuracy: 0.9079 - val_loss: 0.3971 - val_dense_1_loss: 0.0606 - val_dense_2_loss: 0.1189 - val_dense_3_loss: 0.2175 - val_dense_1_accuracy: 0.9802 - val_dense_2_accuracy: 0.9651 - val_dense_3_accuracy: 0.9078
Epoch 117/10000
921/921 [==============================] - 19s 21ms/step - loss: 0.3937 - dense_1_loss: 0.0598 - dense_2_loss: 0.1166 - dense_3_loss: 0.2172 - dense_1_accuracy: 0.9803 - dense_2_accuracy: 0.9653 - dense_3_accuracy: 0.9079 - val_loss: 0.3969 - val_dense_1_loss: 0.0606 - val_dense_2_loss: 0.1189 - val_dense_3_loss: 0.2174 - val_dense_1_accuracy: 0.9802 - val_dense_2_accuracy: 0.9651 - val_dense_3_accuracy: 0.9080
Epoch 118/10000
921/921 [==============================] - 22s 24ms/step - loss: 0.3937 - dense_1_loss: 0.0598 - dense_2_loss: 0.1166 - dense_3_loss: 0.2173 - dense_1_accuracy: 0.9803 - dense_2_accuracy: 0.9653 - dense_3_accuracy: 0.9079 - val_loss: 0.3966 - val_dense_1_loss: 0.0606 - val_dense_2_loss: 0.1186 - val_dense_3_loss: 0.2175 - val_dense_1_accuracy: 0.9802 - val_dense_2_accuracy: 0.9651 - val_dense_3_accuracy: 0.9079
Epoch 119/10000
921/921 [==============================] - 19s 21ms/step - loss: 0.3936 - dense_1_loss: 0.0598 - dense_2_loss: 0.1166 - dense_3_loss: 0.2172 - dense_1_accuracy: 0.9803 - dense_2_accuracy: 0.9653 - dense_3_accuracy: 0.9079 - val_loss: 0.3969 - val_dense_1_loss: 0.0605 - val_dense_2_loss: 0.1187 - val_dense_3_loss: 0.2177 - val_dense_1_accuracy: 0.9802 - val_dense_2_accuracy: 0.9652 - val_dense_3_accuracy: 0.9078
Epoch 120/10000
921/921 [==============================] - 19s 20ms/step - loss: 0.3936 - dense_1_loss: 0.0598 - dense_2_loss: 0.1166 - dense_3_loss: 0.2173 - dense_1_accuracy: 0.9803 - dense_2_accuracy: 0.9653 - dense_3_accuracy: 0.9079 - val_loss: 0.3968 - val_dense_1_loss: 0.0605 - val_dense_2_loss: 0.1187 - val_dense_3_loss: 0.2175 - val_dense_1_accuracy: 0.9802 - val_dense_2_accuracy: 0.9651 - val_dense_3_accuracy: 0.9079
Epoch 121/10000
921/921 [==============================] - 19s 21ms/step - loss: 0.3935 - dense_1_loss: 0.0598 - dense_2_loss: 0.1165 - dense_3_loss: 0.2172 - dense_1_accuracy: 0.9803 - dense_2_accuracy: 0.9654 - dense_3_accuracy: 0.9079 - val_loss: 0.3970 - val_dense_1_loss: 0.0606 - val_dense_2_loss: 0.1187 - val_dense_3_loss: 0.2177 - val_dense_1_accuracy: 0.9802 - val_dense_2_accuracy: 0.9652 - val_dense_3_accuracy: 0.9076
Epoch 122/10000
921/921 [==============================] - 20s 21ms/step - loss: 0.3935 - dense_1_loss: 0.0598 - dense_2_loss: 0.1165 - dense_3_loss: 0.2172 - dense_1_accuracy: 0.9803 - dense_2_accuracy: 0.9654 - dense_3_accuracy: 0.9080 - val_loss: 0.3975 - val_dense_1_loss: 0.0605 - val_dense_2_loss: 0.1189 - val_dense_3_loss: 0.2181 - val_dense_1_accuracy: 0.9803 - val_dense_2_accuracy: 0.9651 - val_dense_3_accuracy: 0.9076
Epoch 123/10000
921/921 [==============================] - 22s 24ms/step - loss: 0.3934 - dense_1_loss: 0.0597 - dense_2_loss: 0.1165 - dense_3_loss: 0.2172 - dense_1_accuracy: 0.9803 - dense_2_accuracy: 0.9653 - dense_3_accuracy: 0.9079 - val_loss: 0.3968 - val_dense_1_loss: 0.0606 - val_dense_2_loss: 0.1189 - val_dense_3_loss: 0.2174 - val_dense_1_accuracy: 0.9802 - val_dense_2_accuracy: 0.9651 - val_dense_3_accuracy: 0.9079
Epoch 124/10000
921/921 [==============================] - 19s 21ms/step - loss: 0.3934 - dense_1_loss: 0.0597 - dense_2_loss: 0.1164 - dense_3_loss: 0.2172 - dense_1_accuracy: 0.9803 - dense_2_accuracy: 0.9654 - dense_3_accuracy: 0.9079 - val_loss: 0.3968 - val_dense_1_loss: 0.0605 - val_dense_2_loss: 0.1189 - val_dense_3_loss: 0.2175 - val_dense_1_accuracy: 0.9802 - val_dense_2_accuracy: 0.9651 - val_dense_3_accuracy: 0.9080
Epoch 125/10000
921/921 [==============================] - 21s 22ms/step - loss: 0.3933 - dense_1_loss: 0.0597 - dense_2_loss: 0.1164 - dense_3_loss: 0.2172 - dense_1_accuracy: 0.9803 - dense_2_accuracy: 0.9654 - dense_3_accuracy: 0.9079 - val_loss: 0.3975 - val_dense_1_loss: 0.0608 - val_dense_2_loss: 0.1191 - val_dense_3_loss: 0.2175 - val_dense_1_accuracy: 0.9801 - val_dense_2_accuracy: 0.9650 - val_dense_3_accuracy: 0.9077
Epoch 126/10000
921/921 [==============================] - 23s 25ms/step - loss: 0.3933 - dense_1_loss: 0.0597 - dense_2_loss: 0.1163 - dense_3_loss: 0.2172 - dense_1_accuracy: 0.9803 - dense_2_accuracy: 0.9654 - dense_3_accuracy: 0.9079 - val_loss: 0.3969 - val_dense_1_loss: 0.0607 - val_dense_2_loss: 0.1187 - val_dense_3_loss: 0.2176 - val_dense_1_accuracy: 0.9802 - val_dense_2_accuracy: 0.9653 - val_dense_3_accuracy: 0.9079
Epoch 127/10000
921/921 [==============================] - 19s 21ms/step - loss: 0.3932 - dense_1_loss: 0.0597 - dense_2_loss: 0.1163 - dense_3_loss: 0.2172 - dense_1_accuracy: 0.9803 - dense_2_accuracy: 0.9654 - dense_3_accuracy: 0.9079 - val_loss: 0.3973 - val_dense_1_loss: 0.0605 - val_dense_2_loss: 0.1186 - val_dense_3_loss: 0.2182 - val_dense_1_accuracy: 0.9803 - val_dense_2_accuracy: 0.9652 - val_dense_3_accuracy: 0.9077
Epoch 128/10000
921/921 [==============================] - 19s 21ms/step - loss: 0.3931 - dense_1_loss: 0.0597 - dense_2_loss: 0.1162 - dense_3_loss: 0.2172 - dense_1_accuracy: 0.9803 - dense_2_accuracy: 0.9654 - dense_3_accuracy: 0.9079 - val_loss: 0.3972 - val_dense_1_loss: 0.0607 - val_dense_2_loss: 0.1189 - val_dense_3_loss: 0.2176 - val_dense_1_accuracy: 0.9802 - val_dense_2_accuracy: 0.9651 - val_dense_3_accuracy: 0.9080
