**train**
The number of data is 63087
First data is ('000120a0-eee8-11ec-8b96-254279cd1714', [7, 7, 7, 7, 8, 3, 3, 3, 8, 9, 7, 7, 7, 7, 8, 3, 3, 3, 8, 9, 10, 9, 10, 10, 10, 8, 3, 8, 8, 3, 10, 9, 10, 10, 10, 8, 3, 8, 8, 3, 10, 10, 10, 10, 8, 3, 8, 10, 3, 9, 10, 9, 10, 10, 10, 10, 3, 8, 3, 3, 8], [523, 523, 524, 524, 525, 526, 527, 528, 529, 530, 531, 531, 532, 532, 533, 534, 535, 536, 537, 538, 547, 556, 548, 549, 550, 551, 552, 553, 554, 555, 693, 702, 694, 695, 696, 697, 698, 699, 700, 701, 703, 704, 705, 705, 706, 707, 708, 709, 710, 711, 712, 721, 713, 713, 714, 715, 716, 717, 718, 719, 720], [1, 1, 1, 1, 1, 1, 1, 1, 0, 1, 1, 1, 1, 1, 1, 1, 1, 1, 1, 1, 1, 0, 1, 1, 1, 1, 1, 1, 1, 1, 1, 1, 0, 1, 1, 1, 0, 0, 1, 1, 1, 1, 1, 1, 1, 1, 1, 0, 1, 1, 1, 1, 1, 1, 1, 1, 1, 1, 1, 1, 1], [1, 1, 1, 1, 1, 1, 1, 1, 1, 1, 2, 2, 2, 2, 2, 2, 2, 2, 2, 2, 3, 3, 3, 3, 3, 3, 3, 3, 3, 3, 4, 4, 4, 4, 4, 4, 4, 4, 4, 4, 5, 5, 5, 5, 5, 5, 5, 5, 5, 5, 6, 6, 6, 6, 6, 6, 6, 6, 6, 6, 6])
**valid**
The number of data is 21103
First data is ('000ce720-e158-11ec-8870-5d4cb3b98715', [4, 3, 4, 5, 3, 3, 3, 3, 3, 3, 4, 4, 5, 5, 3, 3, 3, 3, 3, 3], [131, 140, 132, 133, 134, 135, 136, 137, 138, 139, 141, 142, 143, 143, 144, 145, 146, 147, 148, 149], [1, 1, 1, 0, 1, 1, 1, 1, 1, 1, 1, 1, 1, 1, 1, 1, 1, 1, 1, 1], [1, 1, 1, 1, 1, 1, 1, 1, 1, 1, 2, 2, 2, 2, 2, 2, 2, 2, 2, 2])
**test**
The number of data is 20745
First data is ('00037820-bdf4-11ec-aad8-4fc760357a97', [1, 1, 1, 1, 2, 2, 3, 3, 1, 1, 1, 1, 2, 3, 3, 3], [0, 1, 2, 3, 4, 5, 6, 7, 8, 9, 10, 11, 12, 13, 14, 15], [1, 1, 1, 1, 1, 1, 1, 1, 1, 1, 1, 1, 1, 1, 1, 1], [1, 1, 1, 1, 1, 1, 1, 1, 2, 2, 2, 2, 2, 2, 2, 2])
Before Remapping, max value of index 1 is 40
{3: 1, 4: 2, 5: 3, 6: 4, 7: 5, 8: 6, 9: 7, 10: 8, 11: 9, 12: 10, 13: 11, 14: 12, 15: 13, 16: 14, 17: 15, 18: 16, 19: 17, 20: 18, 21: 19, 22: 20, 23: 21, 24: 22, 25: 23, 26: 24, 27: 25, 28: 26, 29: 27, 30: 28, 31: 29, 32: 30, 33: 31, 34: 32, 35: 33, 36: 34, 37: 35, 38: 36, 39: 37, 40: 38}
After Remapping, max value of index 1 is 38
Before Remapping, max value of index 2 is 2661
{6: 1, 7: 2, 13: 3, 14: 4, 15: 5, 21: 6, 22: 7, 23: 8, 29: 9, 30: 10, 31: 11, 38: 12, 39: 13, 66: 14, 67: 15, 73: 16, 74: 17, 75: 18, 81: 19, 82: 20, 83: 21, 90: 22, 91: 23, 97: 24, 98: 25, 99: 26, 121: 27, 122: 28, 123: 29, 124: 30, 125: 31, 126: 32, 127: 33, 128: 34, 129: 35, 130: 36, 131: 37, 132: 38, 133: 39, 134: 40, 135: 41, 136: 42, 137: 43, 138: 44, 139: 45, 140: 46, 141: 47, 142: 48, 143: 49, 144: 50, 145: 51, 146: 52, 147: 53, 148: 54, 149: 55, 150: 56, 151: 57, 152: 58, 153: 59, 154: 60, 155: 61, 156: 62, 157: 63, 158: 64, 159: 65, 160: 66, 161: 67, 162: 68, 163: 69, 164: 70, 165: 71, 166: 72, 167: 73, 168: 74, 169: 75, 170: 76, 171: 77, 172: 78, 173: 79, 174: 80, 175: 81, 176: 82, 177: 83, 178: 84, 179: 85, 180: 86, 181: 87, 182: 88, 183: 89, 184: 90, 185: 91, 186: 92, 187: 93, 188: 94, 189: 95, 190: 96, 191: 97, 192: 98, 193: 99, 194: 100, 195: 101, 196: 102, 197: 103, 198: 104, 199: 105, 200: 106, 201: 107, 202: 108, 203: 109, 204: 110, 205: 111, 206: 112, 207: 113, 208: 114, 209: 115, 210: 116, 211: 117, 212: 118, 213: 119, 214: 120, 215: 121, 216: 122, 217: 123, 218: 124, 219: 125, 220: 126, 221: 127, 222: 128, 223: 129, 224: 130, 225: 131, 226: 132, 227: 133, 228: 134, 229: 135, 230: 136, 231: 137, 232: 138, 233: 139, 234: 140, 235: 141, 236: 142, 237: 143, 238: 144, 239: 145, 240: 146, 241: 147, 242: 148, 243: 149, 244: 150, 245: 151, 246: 152, 247: 153, 248: 154, 249: 155, 250: 156, 260: 157, 261: 158, 262: 159, 263: 160, 264: 161, 265: 162, 266: 163, 267: 164, 295: 165, 296: 166, 297: 167, 298: 168, 299: 169, 300: 170, 301: 171, 302: 172, 303: 173, 304: 174, 305: 175, 306: 176, 307: 177, 308: 178, 309: 179, 310: 180, 311: 181, 312: 182, 313: 183, 314: 184, 315: 185, 316: 186, 317: 187, 318: 188, 319: 189, 320: 190, 321: 191, 322: 192, 323: 193, 324: 194, 325: 195, 326: 196, 327: 197, 328: 198, 329: 199, 330: 200, 331: 201, 332: 202, 333: 203, 334: 204, 335: 205, 336: 206, 337: 207, 338: 208, 339: 209, 340: 210, 341: 211, 342: 212, 343: 213, 344: 214, 345: 215, 346: 216, 347: 217, 348: 218, 349: 219, 350: 220, 351: 221, 352: 222, 353: 223, 354: 224, 355: 225, 356: 226, 357: 227, 358: 228, 359: 229, 360: 230, 361: 231, 362: 232, 363: 233, 364: 234, 365: 235, 366: 236, 367: 237, 368: 238, 369: 239, 370: 240, 371: 241, 372: 242, 373: 243, 374: 244, 375: 245, 376: 246, 377: 247, 378: 248, 379: 249, 380: 250, 381: 251, 382: 252, 383: 253, 384: 254, 385: 255, 386: 256, 387: 257, 388: 258, 389: 259, 412: 260, 413: 261, 414: 262, 415: 263, 416: 264, 417: 265, 418: 266, 419: 267, 420: 268, 421: 269, 422: 270, 423: 271, 424: 272, 425: 273, 426: 274, 427: 275, 428: 276, 429: 277, 430: 278, 431: 279, 432: 280, 433: 281, 434: 282, 435: 283, 436: 284, 437: 285, 438: 286, 439: 287, 440: 288, 441: 289, 442: 290, 443: 291, 444: 292, 445: 293, 446: 294, 447: 295, 448: 296, 449: 297, 450: 298, 451: 299, 452: 300, 453: 301, 454: 302, 455: 303, 456: 304, 457: 305, 458: 306, 459: 307, 460: 308, 461: 309, 462: 310, 463: 311, 464: 312, 465: 313, 466: 314, 467: 315, 468: 316, 469: 317, 470: 318, 471: 319, 472: 320, 473: 321, 474: 322, 475: 323, 476: 324, 477: 325, 478: 326, 479: 327, 480: 328, 481: 329, 482: 330, 483: 331, 484: 332, 485: 333, 486: 334, 507: 335, 508: 336, 509: 337, 510: 338, 511: 339, 512: 340, 513: 341, 514: 342, 515: 343, 516: 344, 517: 345, 518: 346, 519: 347, 520: 348, 521: 349, 522: 350, 523: 351, 524: 352, 525: 353, 526: 354, 527: 355, 528: 356, 529: 357, 530: 358, 531: 359, 532: 360, 533: 361, 534: 362, 535: 363, 536: 364, 537: 365, 538: 366, 539: 367, 540: 368, 541: 369, 542: 370, 543: 371, 544: 372, 545: 373, 546: 374, 547: 375, 548: 376, 549: 377, 550: 378, 551: 379, 552: 380, 553: 381, 554: 382, 555: 383, 556: 384, 557: 385, 558: 386, 559: 387, 560: 388, 561: 389, 562: 390, 563: 391, 564: 392, 565: 393, 566: 394, 567: 395, 568: 396, 569: 397, 570: 398, 571: 399, 572: 400, 573: 401, 574: 402, 575: 403, 576: 404, 577: 405, 578: 406, 579: 407, 580: 408, 581: 409, 582: 410, 583: 411, 584: 412, 585: 413, 586: 414, 587: 415, 588: 416, 589: 417, 590: 418, 591: 419, 592: 420, 593: 421, 594: 422, 595: 423, 596: 424, 597: 425, 598: 426, 599: 427, 600: 428, 601: 429, 602: 430, 603: 431, 604: 432, 605: 433, 606: 434, 607: 435, 608: 436, 609: 437, 610: 438, 611: 439, 612: 440, 613: 441, 614: 442, 615: 443, 616: 444, 617: 445, 618: 446, 619: 447, 620: 448, 621: 449, 622: 450, 623: 451, 624: 452, 625: 453, 626: 454, 627: 455, 628: 456, 629: 457, 630: 458, 631: 459, 632: 460, 633: 461, 634: 462, 635: 463, 636: 464, 637: 465, 638: 466, 639: 467, 640: 468, 641: 469, 642: 470, 643: 471, 644: 472, 645: 473, 677: 474, 678: 475, 679: 476, 680: 477, 681: 478, 682: 479, 683: 480, 684: 481, 685: 482, 686: 483, 687: 484, 688: 485, 689: 486, 690: 487, 691: 488, 692: 489, 693: 490, 694: 491, 695: 492, 696: 493, 697: 494, 698: 495, 699: 496, 700: 497, 701: 498, 702: 499, 703: 500, 704: 501, 705: 502, 706: 503, 707: 504, 708: 505, 709: 506, 710: 507, 711: 508, 712: 509, 713: 510, 714: 511, 715: 512, 716: 513, 717: 514, 718: 515, 719: 516, 720: 517, 721: 518, 722: 519, 723: 520, 724: 521, 725: 522, 726: 523, 727: 524, 728: 525, 729: 526, 730: 527, 731: 528, 732: 529, 733: 530, 734: 531, 735: 532, 736: 533, 737: 534, 738: 535, 739: 536, 740: 537, 741: 538, 742: 539, 743: 540, 744: 541, 745: 542, 746: 543, 747: 544, 748: 545, 749: 546, 750: 547, 751: 548, 752: 549, 753: 550, 754: 551, 755: 552, 756: 553, 757: 554, 758: 555, 759: 556, 780: 557, 781: 558, 782: 559, 783: 560, 784: 561, 785: 562, 786: 563, 787: 564, 788: 565, 789: 566, 790: 567, 791: 568, 792: 569, 793: 570, 794: 571, 795: 572, 796: 573, 797: 574, 798: 575, 799: 576, 800: 577, 801: 578, 802: 579, 803: 580, 804: 581, 805: 582, 806: 583, 807: 584, 808: 585, 809: 586, 810: 587, 811: 588, 812: 589, 813: 590, 814: 591, 815: 592, 816: 593, 817: 594, 818: 595, 819: 596, 820: 597, 821: 598, 822: 599, 823: 600, 824: 601, 825: 602, 826: 603, 827: 604, 828: 605, 829: 606, 830: 607, 831: 608, 832: 609, 833: 610, 834: 611, 835: 612, 836: 613, 837: 614, 838: 615, 839: 616, 840: 617, 841: 618, 842: 619, 843: 620, 844: 621, 845: 622, 846: 623, 847: 624, 848: 625, 849: 626, 869: 627, 870: 628, 871: 629, 872: 630, 873: 631, 874: 632, 875: 633, 876: 634, 877: 635, 878: 636, 879: 637, 880: 638, 881: 639, 882: 640, 883: 641, 884: 642, 885: 643, 886: 644, 887: 645, 888: 646, 889: 647, 890: 648, 891: 649, 892: 650, 893: 651, 894: 652, 895: 653, 896: 654, 897: 655, 898: 656, 899: 657, 900: 658, 901: 659, 902: 660, 903: 661, 904: 662, 905: 663, 906: 664, 907: 665, 908: 666, 909: 667, 910: 668, 911: 669, 912: 670, 913: 671, 914: 672, 915: 673, 916: 674, 917: 675, 918: 676, 919: 677, 920: 678, 921: 679, 922: 680, 923: 681, 924: 682, 925: 683, 926: 684, 927: 685, 928: 686, 929: 687, 930: 688, 931: 689, 932: 690, 933: 691, 934: 692, 935: 693, 936: 694, 937: 695, 938: 696, 939: 697, 940: 698, 941: 699, 942: 700, 943: 701, 944: 702, 945: 703, 946: 704, 947: 705, 948: 706, 949: 707, 950: 708, 951: 709, 952: 710, 953: 711, 954: 712, 955: 713, 956: 714, 957: 715, 958: 716, 959: 717, 960: 718, 961: 719, 962: 720, 963: 721, 964: 722, 965: 723, 966: 724, 967: 725, 968: 726, 969: 727, 970: 728, 971: 729, 972: 730, 973: 731, 974: 732, 975: 733, 976: 734, 977: 735, 978: 736, 979: 737, 980: 738, 981: 739, 982: 740, 983: 741, 984: 742, 985: 743, 986: 744, 987: 745, 988: 746, 989: 747, 990: 748, 991: 749, 992: 750, 993: 751, 994: 752, 995: 753, 996: 754, 997: 755, 998: 756, 999: 757, 1000: 758, 1001: 759, 1002: 760, 1037: 761, 1038: 762, 1039: 763, 1040: 764, 1041: 765, 1042: 766, 1043: 767, 1044: 768, 1045: 769, 1046: 770, 1047: 771, 1048: 772, 1049: 773, 1050: 774, 1051: 775, 1052: 776, 1053: 777, 1054: 778, 1055: 779, 1056: 780, 1057: 781, 1058: 782, 1059: 783, 1060: 784, 1061: 785, 1062: 786, 1063: 787, 1064: 788, 1065: 789, 1066: 790, 1067: 791, 1068: 792, 1069: 793, 1070: 794, 1071: 795, 1072: 796, 1073: 797, 1074: 798, 1075: 799, 1076: 800, 1077: 801, 1078: 802, 1079: 803, 1080: 804, 1081: 805, 1082: 806, 1083: 807, 1084: 808, 1085: 809, 1086: 810, 1087: 811, 1088: 812, 1089: 813, 1090: 814, 1091: 815, 1092: 816, 1093: 817, 1094: 818, 1095: 819, 1096: 820, 1097: 821, 1098: 822, 1099: 823, 1100: 824, 1101: 825, 1102: 826, 1103: 827, 1104: 828, 1105: 829, 1106: 830, 1107: 831, 1108: 832, 1109: 833, 1110: 834, 1111: 835, 1112: 836, 1113: 837, 1114: 838, 1115: 839, 1136: 840, 1137: 841, 1138: 842, 1139: 843, 1140: 844, 1141: 845, 1142: 846, 1143: 847, 1144: 848, 1145: 849, 1146: 850, 1147: 851, 1148: 852, 1149: 853, 1150: 854, 1151: 855, 1152: 856, 1153: 857, 1154: 858, 1155: 859, 1156: 860, 1157: 861, 1158: 862, 1159: 863, 1160: 864, 1161: 865, 1162: 866, 1163: 867, 1164: 868, 1165: 869, 1166: 870, 1167: 871, 1168: 872, 1169: 873, 1170: 874, 1171: 875, 1172: 876, 1173: 877, 1174: 878, 1175: 879, 1176: 880, 1177: 881, 1178: 882, 1179: 883, 1180: 884, 1181: 885, 1182: 886, 1183: 887, 1184: 888, 1185: 889, 1186: 890, 1187: 891, 1188: 892, 1189: 893, 1190: 894, 1191: 895, 1192: 896, 1193: 897, 1194: 898, 1195: 899, 1196: 900, 1197: 901, 1198: 902, 1199: 903, 1200: 904, 1201: 905, 1202: 906, 1203: 907, 1204: 908, 1205: 909, 1206: 910, 1227: 911, 1228: 912, 1229: 913, 1230: 914, 1231: 915, 1232: 916, 1233: 917, 1234: 918, 1235: 919, 1236: 920, 1237: 921, 1238: 922, 1239: 923, 1240: 924, 1241: 925, 1242: 926, 1243: 927, 1244: 928, 1245: 929, 1246: 930, 1247: 931, 1248: 932, 1249: 933, 1250: 934, 1251: 935, 1252: 936, 1253: 937, 1254: 938, 1255: 939, 1256: 940, 1257: 941, 1258: 942, 1259: 943, 1260: 944, 1261: 945, 1262: 946, 1263: 947, 1264: 948, 1265: 949, 1266: 950, 1267: 951, 1268: 952, 1269: 953, 1270: 954, 1271: 955, 1272: 956, 1273: 957, 1274: 958, 1275: 959, 1276: 960, 1277: 961, 1278: 962, 1279: 963, 1280: 964, 1281: 965, 1282: 966, 1283: 967, 1284: 968, 1285: 969, 1286: 970, 1287: 971, 1288: 972, 1289: 973, 1290: 974, 1291: 975, 1292: 976, 1293: 977, 1294: 978, 1295: 979, 1296: 980, 1297: 981, 1298: 982, 1320: 983, 1321: 984, 1322: 985, 1323: 986, 1324: 987, 1325: 988, 1326: 989, 1327: 990, 1328: 991, 1329: 992, 1330: 993, 1331: 994, 1332: 995, 1333: 996, 1334: 997, 1335: 998, 1336: 999, 1337: 1000, 1338: 1001, 1339: 1002, 1340: 1003, 1341: 1004, 1342: 1005, 1343: 1006, 1344: 1007, 1345: 1008, 1346: 1009, 1347: 1010, 1348: 1011, 1349: 1012, 1358: 1013, 1359: 1014, 1360: 1015, 1361: 1016, 1362: 1017, 1363: 1018, 1364: 1019, 1365: 1020, 1366: 1021, 1367: 1022, 1368: 1023, 1369: 1024, 1370: 1025, 1371: 1026, 1372: 1027, 1373: 1028, 1374: 1029, 1375: 1030, 1376: 1031, 1377: 1032, 1378: 1033, 1379: 1034, 1380: 1035, 1381: 1036, 1382: 1037, 1383: 1038, 1384: 1039, 1385: 1040, 1386: 1041, 1397: 1042, 1398: 1043, 1399: 1044, 1400: 1045, 1401: 1046, 1402: 1047, 1403: 1048, 1404: 1049, 1419: 1050, 1420: 1051, 1421: 1052, 1422: 1053, 1423: 1054, 1424: 1055, 1425: 1056, 1426: 1057, 1427: 1058, 1428: 1059, 1429: 1060, 1430: 1061, 1431: 1062, 1432: 1063, 1433: 1064, 1434: 1065, 1435: 1066, 1436: 1067, 1437: 1068, 1438: 1069, 1439: 1070, 1440: 1071, 1441: 1072, 1442: 1073, 1443: 1074, 1444: 1075, 1445: 1076, 1446: 1077, 1447: 1078, 1448: 1079, 1449: 1080, 1450: 1081, 1451: 1082, 1452: 1083, 1453: 1084, 1454: 1085, 1455: 1086, 1456: 1087, 1457: 1088, 1458: 1089, 1459: 1090, 1460: 1091, 1461: 1092, 1462: 1093, 1463: 1094, 1464: 1095, 1465: 1096, 1466: 1097, 1467: 1098, 1468: 1099, 1469: 1100, 1470: 1101, 1471: 1102, 1472: 1103, 1473: 1104, 1474: 1105, 1475: 1106, 1476: 1107, 1477: 1108, 1478: 1109, 1479: 1110, 1480: 1111, 1481: 1112, 1482: 1113, 1483: 1114, 1484: 1115, 1485: 1116, 1486: 1117, 1487: 1118, 1488: 1119, 1489: 1120, 1490: 1121, 1491: 1122, 1492: 1123, 1493: 1124, 1494: 1125, 1495: 1126, 1496: 1127, 1519: 1128, 1520: 1129, 1521: 1130, 1522: 1131, 1523: 1132, 1524: 1133, 1525: 1134, 1526: 1135, 1527: 1136, 1528: 1137, 1529: 1138, 1530: 1139, 1531: 1140, 1532: 1141, 1533: 1142, 1534: 1143, 1535: 1144, 1536: 1145, 1537: 1146, 1538: 1147, 1539: 1148, 1540: 1149, 1541: 1150, 1542: 1151, 1543: 1152, 1544: 1153, 1545: 1154, 1546: 1155, 1547: 1156, 1548: 1157, 1549: 1158, 1550: 1159, 1551: 1160, 1552: 1161, 1553: 1162, 1554: 1163, 1555: 1164, 1556: 1165, 1557: 1166, 1558: 1167, 1559: 1168, 1560: 1169, 1561: 1170, 1562: 1171, 1563: 1172, 1564: 1173, 1565: 1174, 1566: 1175, 1567: 1176, 1568: 1177, 1569: 1178, 1570: 1179, 1571: 1180, 1572: 1181, 1573: 1182, 1574: 1183, 1575: 1184, 1576: 1185, 1577: 1186, 1578: 1187, 1579: 1188, 1580: 1189, 1581: 1190, 1582: 1191, 1583: 1192, 1584: 1193, 1585: 1194, 1586: 1195, 1587: 1196, 1588: 1197, 1589: 1198, 1590: 1199, 1591: 1200, 1612: 1201, 1613: 1202, 1614: 1203, 1615: 1204, 1616: 1205, 1617: 1206, 1618: 1207, 1619: 1208, 1620: 1209, 1621: 1210, 1622: 1211, 1623: 1212, 1624: 1213, 1625: 1214, 1626: 1215, 1627: 1216, 1628: 1217, 1629: 1218, 1630: 1219, 1631: 1220, 1632: 1221, 1633: 1222, 1634: 1223, 1635: 1224, 1636: 1225, 1637: 1226, 1638: 1227, 1639: 1228, 1640: 1229, 1641: 1230, 1642: 1231, 1643: 1232, 1644: 1233, 1645: 1234, 1646: 1235, 1647: 1236, 1648: 1237, 1649: 1238, 1650: 1239, 1651: 1240, 1652: 1241, 1653: 1242, 1654: 1243, 1655: 1244, 1656: 1245, 1657: 1246, 1658: 1247, 1659: 1248, 1660: 1249, 1661: 1250, 1662: 1251, 1663: 1252, 1664: 1253, 1665: 1254, 1666: 1255, 1667: 1256, 1668: 1257, 1669: 1258, 1670: 1259, 1671: 1260, 1672: 1261, 1673: 1262, 1674: 1263, 1675: 1264, 1676: 1265, 1677: 1266, 1678: 1267, 1679: 1268, 1680: 1269, 1681: 1270, 1682: 1271, 1683: 1272, 1684: 1273, 1706: 1274, 1707: 1275, 1708: 1276, 1709: 1277, 1710: 1278, 1711: 1279, 1712: 1280, 1713: 1281, 1714: 1282, 1715: 1283, 1716: 1284, 1717: 1285, 1718: 1286, 1719: 1287, 1720: 1288, 1721: 1289, 1722: 1290, 1723: 1291, 1724: 1292, 1725: 1293, 1726: 1294, 1727: 1295, 1728: 1296, 1729: 1297, 1730: 1298, 1731: 1299, 1732: 1300, 1733: 1301, 1734: 1302, 1735: 1303, 1736: 1304, 1737: 1305, 1738: 1306, 1739: 1307, 1740: 1308, 1741: 1309, 1742: 1310, 1743: 1311, 1744: 1312, 1745: 1313, 1746: 1314, 1747: 1315, 1748: 1316, 1749: 1317, 1750: 1318, 1751: 1319, 1752: 1320, 1753: 1321, 1754: 1322, 1755: 1323, 1756: 1324, 1757: 1325, 1758: 1326, 1759: 1327, 1760: 1328, 1761: 1329, 1762: 1330, 1763: 1331, 1764: 1332, 1765: 1333, 1766: 1334, 1767: 1335, 1768: 1336, 1769: 1337, 1770: 1338, 1771: 1339, 1772: 1340, 1773: 1341, 1774: 1342, 1775: 1343, 1776: 1344, 1777: 1345, 1778: 1346, 1779: 1347, 1780: 1348, 1781: 1349, 1782: 1350, 1783: 1351, 1784: 1352, 1807: 1353, 1808: 1354, 1809: 1355, 1810: 1356, 1811: 1357, 1812: 1358, 1813: 1359, 1814: 1360, 1815: 1361, 1816: 1362, 1817: 1363, 1818: 1364, 1819: 1365, 1820: 1366, 1821: 1367, 1822: 1368, 1823: 1369, 1824: 1370, 1825: 1371, 1826: 1372, 1827: 1373, 1828: 1374, 1829: 1375, 1830: 1376, 1831: 1377, 1832: 1378, 1833: 1379, 1834: 1380, 1835: 1381, 1836: 1382, 1837: 1383, 1838: 1384, 1839: 1385, 1840: 1386, 1841: 1387, 1842: 1388, 1843: 1389, 1844: 1390, 1845: 1391, 1846: 1392, 1847: 1393, 1848: 1394, 1849: 1395, 1850: 1396, 1851: 1397, 1852: 1398, 1853: 1399, 1854: 1400, 1855: 1401, 1856: 1402, 1857: 1403, 1858: 1404, 1859: 1405, 1860: 1406, 1861: 1407, 1862: 1408, 1863: 1409, 1864: 1410, 1865: 1411, 1866: 1412, 1867: 1413, 1868: 1414, 1869: 1415, 1870: 1416, 1871: 1417, 1872: 1418, 1873: 1419, 1874: 1420, 1875: 1421, 1876: 1422, 1877: 1423, 1878: 1424, 1879: 1425, 1880: 1426, 1881: 1427, 1882: 1428, 1883: 1429, 1884: 1430, 1885: 1431, 1909: 1432, 1910: 1433, 1911: 1434, 1912: 1435, 1913: 1436, 1914: 1437, 1915: 1438, 1916: 1439, 1917: 1440, 1918: 1441, 1919: 1442, 1920: 1443, 1921: 1444, 1922: 1445, 1923: 1446, 1924: 1447, 1925: 1448, 1926: 1449, 1927: 1450, 1928: 1451, 1929: 1452, 1930: 1453, 1931: 1454, 1932: 1455, 1933: 1456, 1934: 1457, 1935: 1458, 1936: 1459, 1937: 1460, 1938: 1461, 1939: 1462, 1940: 1463, 1941: 1464, 1942: 1465, 1943: 1466, 1944: 1467, 1945: 1468, 1946: 1469, 1947: 1470, 1948: 1471, 1949: 1472, 1950: 1473, 1951: 1474, 1952: 1475, 1953: 1476, 1954: 1477, 1955: 1478, 1956: 1479, 1957: 1480, 1958: 1481, 1959: 1482, 1960: 1483, 1961: 1484, 1962: 1485, 1963: 1486, 1964: 1487, 1965: 1488, 1966: 1489, 1967: 1490, 1968: 1491, 1969: 1492, 1970: 1493, 1971: 1494, 1972: 1495, 1973: 1496, 1974: 1497, 1975: 1498, 1976: 1499, 1977: 1500, 1978: 1501, 1979: 1502, 1980: 1503, 1981: 1504, 1982: 1505, 1983: 1506, 1984: 1507, 1985: 1508, 1986: 1509, 1987: 1510, 2011: 1511, 2012: 1512, 2013: 1513, 2014: 1514, 2015: 1515, 2016: 1516, 2017: 1517, 2018: 1518, 2019: 1519, 2020: 1520, 2021: 1521, 2022: 1522, 2023: 1523, 2024: 1524, 2025: 1525, 2026: 1526, 2027: 1527, 2028: 1528, 2029: 1529, 2030: 1530, 2031: 1531, 2032: 1532, 2033: 1533, 2034: 1534, 2035: 1535, 2036: 1536, 2037: 1537, 2038: 1538, 2039: 1539, 2040: 1540, 2041: 1541, 2042: 1542, 2043: 1543, 2044: 1544, 2045: 1545, 2046: 1546, 2047: 1547, 2048: 1548, 2049: 1549, 2050: 1550, 2051: 1551, 2052: 1552, 2053: 1553, 2054: 1554, 2055: 1555, 2056: 1556, 2057: 1557, 2058: 1558, 2059: 1559, 2060: 1560, 2061: 1561, 2062: 1562, 2063: 1563, 2064: 1564, 2065: 1565, 2066: 1566, 2067: 1567, 2068: 1568, 2069: 1569, 2070: 1570, 2071: 1571, 2072: 1572, 2073: 1573, 2074: 1574, 2075: 1575, 2076: 1576, 2077: 1577, 2078: 1578, 2079: 1579, 2080: 1580, 2081: 1581, 2082: 1582, 2083: 1583, 2084: 1584, 2085: 1585, 2086: 1586, 2087: 1587, 2088: 1588, 2111: 1589, 2112: 1590, 2113: 1591, 2114: 1592, 2115: 1593, 2116: 1594, 2117: 1595, 2118: 1596, 2119: 1597, 2120: 1598, 2121: 1599, 2122: 1600, 2123: 1601, 2124: 1602, 2125: 1603, 2126: 1604, 2127: 1605, 2128: 1606, 2129: 1607, 2130: 1608, 2131: 1609, 2132: 1610, 2133: 1611, 2134: 1612, 2135: 1613, 2136: 1614, 2137: 1615, 2138: 1616, 2139: 1617, 2140: 1618, 2141: 1619, 2142: 1620, 2143: 1621, 2144: 1622, 2145: 1623, 2146: 1624, 2147: 1625, 2148: 1626, 2149: 1627, 2150: 1628, 2151: 1629, 2152: 1630, 2153: 1631, 2154: 1632, 2155: 1633, 2156: 1634, 2157: 1635, 2158: 1636, 2159: 1637, 2160: 1638, 2161: 1639, 2162: 1640, 2163: 1641, 2164: 1642, 2165: 1643, 2166: 1644, 2167: 1645, 2168: 1646, 2169: 1647, 2170: 1648, 2171: 1649, 2172: 1650, 2173: 1651, 2174: 1652, 2175: 1653, 2176: 1654, 2177: 1655, 2178: 1656, 2179: 1657, 2180: 1658, 2181: 1659, 2182: 1660, 2183: 1661, 2184: 1662, 2185: 1663, 2186: 1664, 2187: 1665, 2188: 1666, 2189: 1667, 2190: 1668, 2191: 1669, 2215: 1670, 2216: 1671, 2217: 1672, 2218: 1673, 2219: 1674, 2220: 1675, 2221: 1676, 2222: 1677, 2223: 1678, 2224: 1679, 2225: 1680, 2226: 1681, 2227: 1682, 2228: 1683, 2229: 1684, 2230: 1685, 2231: 1686, 2232: 1687, 2233: 1688, 2234: 1689, 2235: 1690, 2236: 1691, 2237: 1692, 2238: 1693, 2239: 1694, 2240: 1695, 2241: 1696, 2242: 1697, 2243: 1698, 2244: 1699, 2245: 1700, 2246: 1701, 2247: 1702, 2248: 1703, 2249: 1704, 2250: 1705, 2251: 1706, 2252: 1707, 2253: 1708, 2254: 1709, 2255: 1710, 2256: 1711, 2257: 1712, 2258: 1713, 2259: 1714, 2260: 1715, 2261: 1716, 2262: 1717, 2263: 1718, 2264: 1719, 2265: 1720, 2266: 1721, 2267: 1722, 2268: 1723, 2269: 1724, 2270: 1725, 2271: 1726, 2272: 1727, 2273: 1728, 2274: 1729, 2275: 1730, 2276: 1731, 2277: 1732, 2278: 1733, 2279: 1734, 2280: 1735, 2281: 1736, 2282: 1737, 2283: 1738, 2284: 1739, 2285: 1740, 2286: 1741, 2287: 1742, 2288: 1743, 2289: 1744, 2290: 1745, 2291: 1746, 2292: 1747, 2293: 1748, 2294: 1749, 2295: 1750, 2319: 1751, 2320: 1752, 2321: 1753, 2322: 1754, 2323: 1755, 2324: 1756, 2325: 1757, 2326: 1758, 2327: 1759, 2328: 1760, 2329: 1761, 2330: 1762, 2331: 1763, 2332: 1764, 2333: 1765, 2334: 1766, 2335: 1767, 2336: 1768, 2337: 1769, 2338: 1770, 2339: 1771, 2340: 1772, 2341: 1773, 2342: 1774, 2343: 1775, 2344: 1776, 2345: 1777, 2346: 1778, 2347: 1779, 2348: 1780, 2349: 1781, 2350: 1782, 2351: 1783, 2352: 1784, 2353: 1785, 2354: 1786, 2355: 1787, 2356: 1788, 2357: 1789, 2358: 1790, 2359: 1791, 2360: 1792, 2361: 1793, 2362: 1794, 2363: 1795, 2364: 1796, 2365: 1797, 2366: 1798, 2367: 1799, 2368: 1800, 2369: 1801, 2370: 1802, 2371: 1803, 2372: 1804, 2373: 1805, 2374: 1806, 2375: 1807, 2376: 1808, 2377: 1809, 2378: 1810, 2379: 1811, 2380: 1812, 2381: 1813, 2382: 1814, 2383: 1815, 2384: 1816, 2385: 1817, 2386: 1818, 2387: 1819, 2388: 1820, 2389: 1821, 2390: 1822, 2391: 1823, 2392: 1824, 2393: 1825, 2394: 1826, 2395: 1827, 2396: 1828, 2397: 1829, 2398: 1830, 2399: 1831, 2400: 1832, 2401: 1833, 2402: 1834, 2403: 1835, 2404: 1836, 2405: 1837, 2406: 1838, 2407: 1839, 2408: 1840, 2423: 1841, 2424: 1842, 2425: 1843, 2426: 1844, 2427: 1845, 2428: 1846, 2429: 1847, 2430: 1848, 2431: 1849, 2432: 1850, 2433: 1851, 2434: 1852, 2435: 1853, 2436: 1854, 2437: 1855, 2438: 1856, 2439: 1857, 2440: 1858, 2441: 1859, 2442: 1860, 2443: 1861, 2444: 1862, 2445: 1863, 2446: 1864, 2447: 1865, 2448: 1866, 2449: 1867, 2450: 1868, 2451: 1869, 2452: 1870, 2453: 1871, 2454: 1872, 2455: 1873, 2456: 1874, 2457: 1875, 2458: 1876, 2459: 1877, 2460: 1878, 2461: 1879, 2462: 1880, 2463: 1881, 2464: 1882, 2465: 1883, 2466: 1884, 2467: 1885, 2468: 1886, 2469: 1887, 2470: 1888, 2471: 1889, 2472: 1890, 2473: 1891, 2474: 1892, 2475: 1893, 2476: 1894, 2477: 1895, 2478: 1896, 2479: 1897, 2480: 1898, 2481: 1899, 2482: 1900, 2483: 1901, 2484: 1902, 2485: 1903, 2486: 1904, 2487: 1905, 2488: 1906, 2489: 1907, 2490: 1908, 2491: 1909, 2492: 1910, 2493: 1911, 2527: 1912, 2528: 1913, 2529: 1914, 2530: 1915, 2531: 1916, 2532: 1917, 2533: 1918, 2534: 1919, 2535: 1920, 2536: 1921, 2537: 1922, 2538: 1923, 2539: 1924, 2540: 1925, 2541: 1926, 2542: 1927, 2543: 1928, 2544: 1929, 2545: 1930, 2546: 1931, 2547: 1932, 2548: 1933, 2549: 1934, 2550: 1935, 2551: 1936, 2552: 1937, 2553: 1938, 2554: 1939, 2555: 1940, 2556: 1941, 2557: 1942, 2558: 1943, 2559: 1944, 2560: 1945, 2561: 1946, 2562: 1947, 2563: 1948, 2564: 1949, 2565: 1950, 2566: 1951, 2567: 1952, 2568: 1953, 2569: 1954, 2570: 1955, 2571: 1956, 2572: 1957, 2573: 1958, 2574: 1959, 2575: 1960, 2576: 1961, 2577: 1962, 2578: 1963, 2579: 1964, 2580: 1965, 2581: 1966, 2582: 1967, 2583: 1968, 2584: 1969, 2585: 1970, 2586: 1971, 2587: 1972, 2588: 1973, 2589: 1974, 2590: 1975, 2591: 1976, 2592: 1977, 2593: 1978, 2594: 1979, 2595: 1980, 2596: 1981, 2597: 1982, 2598: 1983, 2599: 1984, 2600: 1985, 2601: 1986, 2602: 1987, 2603: 1988, 2604: 1989, 2605: 1990, 2606: 1991, 2607: 1992, 2631: 1993, 2632: 1994, 2633: 1995, 2634: 1996, 2635: 1997, 2636: 1998, 2637: 1999, 2638: 2000, 2639: 2001, 2640: 2002, 2641: 2003, 2642: 2004, 2643: 2005, 2644: 2006, 2645: 2007, 2646: 2008, 2647: 2009, 2648: 2010, 2649: 2011, 2650: 2012, 2651: 2013, 2652: 2014, 2653: 2015, 2654: 2016, 2655: 2017, 2656: 2018, 2657: 2019, 2658: 2020, 2659: 2021, 2660: 2022, 2661: 2023}
After Remapping, max value of index 2 is 2023
** After Remapping **
**train**
The number of data is 63031
First data is ('000120a0-eee8-11ec-8b96-254279cd1714', [5, 5, 5, 5, 6, 1, 1, 1, 6, 7, 5, 5, 5, 5, 6, 1, 1, 1, 6, 7, 8, 7, 8, 8, 8, 6, 1, 6, 6, 1, 8, 7, 8, 8, 8, 6, 1, 6, 6, 1, 8, 8, 8, 8, 6, 1, 6, 8, 1, 7, 8, 7, 8, 8, 8, 8, 1, 6, 1, 1, 6], [351, 351, 352, 352, 353, 354, 355, 356, 357, 358, 359, 359, 360, 360, 361, 362, 363, 364, 365, 366, 375, 384, 376, 377, 378, 379, 380, 381, 382, 383, 490, 499, 491, 492, 493, 494, 495, 496, 497, 498, 500, 501, 502, 502, 503, 504, 505, 506, 507, 508, 509, 518, 510, 510, 511, 512, 513, 514, 515, 516, 517], [1, 1, 1, 1, 1, 1, 1, 1, 0, 1, 1, 1, 1, 1, 1, 1, 1, 1, 1, 1, 1, 0, 1, 1, 1, 1, 1, 1, 1, 1, 1, 1, 0, 1, 1, 1, 0, 0, 1, 1, 1, 1, 1, 1, 1, 1, 1, 0, 1, 1, 1, 1, 1, 1, 1, 1, 1, 1, 1, 1, 1], [1, 1, 1, 1, 1, 1, 1, 1, 1, 1, 2, 2, 2, 2, 2, 2, 2, 2, 2, 2, 3, 3, 3, 3, 3, 3, 3, 3, 3, 3, 4, 4, 4, 4, 4, 4, 4, 4, 4, 4, 5, 5, 5, 5, 5, 5, 5, 5, 5, 5, 6, 6, 6, 6, 6, 6, 6, 6, 6, 6, 6])
**valid**
The number of data is 21077
First data is ('000ce720-e158-11ec-8870-5d4cb3b98715', [2, 1, 2, 3, 1, 1, 1, 1, 1, 1, 2, 2, 3, 3, 1, 1, 1, 1, 1, 1], [37, 46, 38, 39, 40, 41, 42, 43, 44, 45, 47, 48, 49, 49, 50, 51, 52, 53, 54, 55], [1, 1, 1, 0, 1, 1, 1, 1, 1, 1, 1, 1, 1, 1, 1, 1, 1, 1, 1, 1], [1, 1, 1, 1, 1, 1, 1, 1, 1, 1, 2, 2, 2, 2, 2, 2, 2, 2, 2, 2])
**test**
The number of data is 20731
First data is ('00037820-bdf4-11ec-aad8-4fc760357a97', [1, 1, 1, 1, 1], [1, 2, 3, 4, 5], [1, 1, 1, 1, 1], [1, 1, 2, 2, 2])
2d array shape for NCF dataset is (63031, 38).
User Tag Count Matrix)
[[15.  0.  0. ...  0.  0.  0.]
 [ 5.  0.  0. ...  0.  0.  0.]
 [13.  4.  3. ...  0.  0.  0.]
 ...
 [97. 42. 16. ...  0.  0.  0.]
 [72. 26. 11. ...  0.  0.  0.]
 [51. 20.  7. ...  0.  0.  0.]]
User Tag Correct Matrix)
[[14.  0.  0. ...  0.  0.  0.]
 [ 5.  0.  0. ...  0.  0.  0.]
 [13.  4.  2. ...  0.  0.  0.]
 ...
 [88. 37. 12. ...  0.  0.  0.]
 [52. 21.  3. ...  0.  0.  0.]
 [47. 15.  3. ...  0.  0.  0.]]
(63031, 38)
[[0.93333333        nan        nan ...        nan        nan        nan]
 [1.                nan        nan ...        nan        nan        nan]
 [1.         1.         0.66666667 ...        nan        nan        nan]
 ...
 [0.90721649 0.88095238 0.75       ...        nan        nan        nan]
 [0.72222222 0.80769231 0.27272727 ...        nan        nan        nan]
 [0.92156863 0.75       0.42857143 ...        nan        nan        nan]]
Row Statistics:
Min: [0.83333333 1.         0.66666667 ... 0.75       0.27272727 0.42857143]
Q1 (25th Percentile): [0.85714286 1.         0.83333333 ... 0.81547619 0.49747475 0.58928571]
Median: [0.88888889 1.         1.         ... 0.88095238 0.72222222 0.75      ]
Q3 (75th Percentile): [0.93333333 1.         1.         ... 0.89408444 0.76495726 0.83578431]
Max: [1.         1.         1.         ... 0.90721649 0.80769231 0.92156863]


Column Statistics:
Min: [0.         0.         0.         0.         0.         0.
 0.         0.         0.         0.         0.         0.
 0.         0.         0.         0.         0.         0.
 0.         0.         0.         0.         0.         0.
 0.         0.         0.         0.         0.         0.5
 0.         0.33333333 0.         0.         0.         0.
 0.         0.        ]
Q1 (25th Percentile): [0.8        0.75       0.7        0.83333333 1.         0.78947368
 0.6        0.79487179 0.8        1.         0.66666667 0.9
 0.92105263 0.6        1.         0.78571429 1.         1.
 0.875      0.8        0.66666667 0.95238095 1.         1.
 1.         1.         0.83333333 0.90909091 0.         1.
 1.         1.         0.70866935 0.         1.         0.
 1.         0.75      ]
Median: [0.89655172 0.88235294 0.85714286 1.         1.         0.8974359
 0.81818182 0.9        1.         1.         1.         1.
 1.         1.         1.         0.875      1.         1.
 0.91666667 1.         0.8        1.         1.         1.
 1.         1.         1.         1.         1.         1.
 1.         1.         0.88235294 1.         1.         0.66666667
 1.         1.        ]
Q3 (75th Percentile): [1.         1.         1.         1.         1.         1.
 1.         1.         1.         1.         1.         1.
 1.         1.         1.         0.95238095 1.         1.
 1.         1.         0.9047619  1.         1.         1.
 1.         1.         1.         1.         1.         1.
 1.         1.         1.         1.         1.         1.
 1.         1.        ]
Max: [1. 1. 1. 1. 1. 1. 1. 1. 1. 1. 1. 1. 1. 1. 1. 1. 1. 1. 1. 1. 1. 1. 1. 1.
 1. 1. 1. 1. 1. 1. 1. 1. 1. 1. 1. 1. 1. 1.]


Overall Statistics:
Min: 0.0
Q1 (25th Percentile): 0.778296550840946
Median: 0.9285714285714286
Q3 (75th Percentile): 1.0
Max: 1.0
Original Dataset)
[[0.93333333        nan        nan        nan 1.         0.85714286
  0.83333333 0.88888889        nan        nan]
 [1.                nan        nan        nan        nan        nan
         nan        nan        nan        nan]
 [1.         1.         0.66666667        nan        nan        nan
         nan        nan        nan        nan]
 [0.81818182 0.8               nan 1.         1.         0.875
  0.66666667 0.90909091 1.         1.        ]
 [0.80645161 0.81578947 0.94444444 0.5        0.66666667 0.54545455
  0.4        0.57142857        nan        nan]
 [0.83950617 0.91666667 0.90909091        nan        nan        nan
         nan        nan        nan        nan]
 [0.875             nan        nan        nan        nan 1.
  1.         1.                nan        nan]
 [0.9375            nan        nan 1.                nan 0.94285714
  0.66666667        nan        nan 0.97435897]
 [0.97674419 1.         1.                nan        nan        nan
         nan        nan        nan        nan]
 [1.                nan        nan        nan        nan        nan
         nan        nan        nan        nan]]
Transformed Dataset)
[[10  0  0  0 10  9  9  9  0  0]
 [10  0  0  0  0  0  0  0  0  0]
 [10 10  7  0  0  0  0  0  0  0]
 [ 9  8  0 10 10  9  7 10 10 10]
 [ 9  9 10  5  7  6  4  6  0  0]
 [ 9 10 10  0  0  0  0  0  0  0]
 [ 9  0  0  0  0 10 10 10  0  0]
 [10  0  0 10  0 10  7  0  0 10]
 [10 10 10  0  0  0  0  0  0  0]
 [10  0  0  0  0  0  0  0  0  0]]
2d array shape for NCF dataset is (21077, 38).
User Tag Count Matrix)
[[ 13.   4.   3. ...   0.   0.   0.]
 [  5.   0.   0. ...   0.   0.   0.]
 [ 47.  18.  15. ...   0.   0.   0.]
 ...
 [  8.   0.   0. ...   0.   0.   0.]
 [100.  29.  24. ...   0.   0.   0.]
 [ 12.   0.   0. ...   0.   0.   0.]]
User Tag Correct Matrix)
[[13.  4.  2. ...  0.  0.  0.]
 [ 5.  0.  0. ...  0.  0.  0.]
 [31. 17.  5. ...  0.  0.  0.]
 ...
 [ 8.  0.  0. ...  0.  0.  0.]
 [81. 24. 19. ...  0.  0.  0.]
 [10.  0.  0. ...  0.  0.  0.]]
(21077, 38)
[[1.         1.         0.66666667 ...        nan        nan        nan]
 [1.                nan        nan ...        nan        nan        nan]
 [0.65957447 0.94444444 0.33333333 ...        nan        nan        nan]
 ...
 [1.                nan        nan ...        nan        nan        nan]
 [0.81       0.82758621 0.79166667 ...        nan        nan        nan]
 [0.83333333        nan        nan ...        nan        nan        nan]]
Row Statistics:
Min: [0.66666667 1.         0.33333333 ... 0.66666667 0.79166667 0.66666667]
Q1 (25th Percentile): [0.83333333 1.         0.4964539  ... 0.71428571 0.82318966 0.79166667]
Median: [1.         1.         0.65957447 ... 1.         0.91666667 0.8452381 ]
Q3 (75th Percentile): [1.         1.         0.80200946 ... 1.         1.         0.86785714]
Max: [1.         1.         0.94444444 ... 1.         1.         0.9       ]


Column Statistics:
Min: [0.         0.         0.         0.         0.         0.
 0.         0.         0.         0.         0.         0.
 0.         0.         0.         0.         0.         0.66666667
 0.         0.25       0.         0.         0.         0.25
 0.         0.         0.         0.         0.         0.
 0.         0.75       0.         0.         0.         0.
 0.         0.        ]
Q1 (25th Percentile): [0.8        0.75       0.7        0.82142857 1.         0.78947368
 0.6        0.78723404 0.8        1.         0.66666667 0.88888889
 0.92       0.6        1.         0.78947368 1.         1.
 0.875      0.85714286 0.66666667 0.94427245 0.75       1.
 1.         1.         0.83333333 0.90909091 0.5        1.
 1.         1.         0.72972973 0.         1.         0.
 1.         0.5       ]
Median: [0.89552239 0.88       0.85714286 1.         1.         0.89655172
 0.80769231 0.8974359  1.         1.         1.         1.
 1.         0.90909091 1.         0.87858313 1.         1.
 0.93333333 1.         0.8        1.         1.         1.
 1.         1.         1.         1.         0.83333333 1.
 1.         1.         0.875      1.         1.         0.70833333
 1.         1.        ]
Q3 (75th Percentile): [1.         1.         1.         1.         1.         1.
 1.         1.         1.         1.         1.         1.
 1.         1.         1.         0.95652174 1.         1.
 1.         1.         0.9        1.         1.         1.
 1.         1.         1.         1.         1.         1.
 1.         1.         1.         1.         1.         1.
 1.         1.        ]
Max: [1. 1. 1. 1. 1. 1. 1. 1. 1. 1. 1. 1. 1. 1. 1. 1. 1. 1. 1. 1. 1. 1. 1. 1.
 1. 1. 1. 1. 1. 1. 1. 1. 1. 1. 1. 1. 1. 1.]


Overall Statistics:
Min: 0.0
Q1 (25th Percentile): 0.7777777777777778
Median: 0.926829268292683
Q3 (75th Percentile): 1.0
Max: 1.0
Original Dataset)
[[1.         1.         0.66666667        nan        nan        nan
         nan        nan        nan        nan]
 [1.                nan        nan        nan        nan 1.
  1.         1.                nan        nan]
 [0.65957447 0.94444444 0.33333333        nan        nan        nan
         nan        nan        nan        nan]
 [0.7962963  0.875      0.375             nan        nan        nan
         nan        nan        nan        nan]
 [0.57971014 0.58333333 0.8               nan        nan        nan
         nan        nan        nan        nan]
 [0.9375            nan        nan        nan        nan        nan
         nan        nan        nan        nan]
 [0.75728155 0.85294118 0.78571429        nan        nan        nan
         nan        nan        nan        nan]
 [0.625             nan        nan        nan        nan        nan
         nan        nan        nan        nan]
 [0.80740741 0.81818182 0.83333333        nan        nan        nan
         nan        nan        nan        nan]
 [0.91176471        nan        nan        nan        nan        nan
         nan        nan        nan        nan]]
Transformed Dataset)
[[10 10  7  0  0  0  0  0  0  0]
 [10  0  0  0  0 10 10 10  0  0]
 [ 7 10  4  0  0  0  0  0  0  0]
 [ 8  9  4  0  0  0  0  0  0  0]
 [ 6  6  8  0  0  0  0  0  0  0]
 [10  0  0  0  0  0  0  0  0  0]
 [ 8  9  8  0  0  0  0  0  0  0]
 [ 7  0  0  0  0  0  0  0  0  0]
 [ 9  9  9  0  0  0  0  0  0  0]
 [10  0  0  0  0  0  0  0  0  0]]
Start Training ...
Epoch: 1 ; train cost = 0.0039 ;
Epoch: 2 ; train cost = 0.0039 ;
Epoch: 3 ; train cost = 0.0036 ;
Epoch: 4 ; train cost = 0.0035 ;
Epoch: 5 ; train cost = 0.0035 ;
Epoch: 6 ; train cost = 0.0034 ;
Epoch: 7 ; train cost = 0.0034 ;
Epoch: 8 ; train cost = 0.0034 ;
Epoch: 9 ; train cost = 0.0034 ;
Epoch: 10 ; train cost = 0.0034 ;
Epoch: 11 ; train cost = 0.0034 ;
Epoch: 12 ; train cost = 0.0034 ;
Epoch: 13 ; train cost = 0.0033 ;
Epoch: 14 ; train cost = 0.0033 ;
Epoch: 15 ; train cost = 0.0033 ;
Epoch: 16 ; train cost = 0.0033 ;
Epoch: 17 ; train cost = 0.0033 ;
Epoch: 18 ; train cost = 0.0033 ;
Epoch: 19 ; train cost = 0.0033 ;
Epoch: 20 ; train cost = 0.0033 ;
Epoch: 21 ; train cost = 0.0033 ;
Epoch: 22 ; train cost = 0.0033 ;
Epoch: 23 ; train cost = 0.0033 ;
Epoch: 24 ; train cost = 0.0033 ;
Epoch: 25 ; train cost = 0.0033 ;
Epoch: 26 ; train cost = 0.0033 ;
Epoch: 27 ; train cost = 0.0033 ;
Epoch: 28 ; train cost = 0.0033 ;
Epoch: 29 ; train cost = 0.0033 ;
Epoch: 30 ; train cost = 0.0033 ;
Epoch: 31 ; train cost = 0.0033 ;
Epoch: 32 ; train cost = 0.0033 ;
Epoch: 33 ; train cost = 0.0033 ;
Epoch: 34 ; train cost = 0.0033 ;
Epoch: 35 ; train cost = 0.0033 ;
Epoch: 36 ; train cost = 0.0033 ;
Epoch: 37 ; train cost = 0.0033 ;
Epoch: 38 ; train cost = 0.0033 ;
Epoch: 39 ; train cost = 0.0033 ;
Epoch: 40 ; train cost = 0.0033 ;
Epoch: 41 ; train cost = 0.0033 ;
Epoch: 42 ; train cost = 0.0032 ;
Epoch: 43 ; train cost = 0.0032 ;
Epoch: 44 ; train cost = 0.0032 ;
Epoch: 45 ; train cost = 0.0032 ;
Epoch: 46 ; train cost = 0.0032 ;
Epoch: 47 ; train cost = 0.0032 ;
Epoch: 48 ; train cost = 0.0032 ;
Epoch: 49 ; train cost = 0.0032 ;
Epoch: 50 ; train cost = 0.0032 ;
Epoch: 51 ; train cost = 0.0032 ;
Epoch: 52 ; train cost = 0.0032 ;
Epoch: 53 ; train cost = 0.0032 ;
Epoch: 54 ; train cost = 0.0032 ;
Epoch: 55 ; train cost = 0.0032 ;
Epoch: 56 ; train cost = 0.0032 ;
Epoch: 57 ; train cost = 0.0032 ;
Epoch: 58 ; train cost = 0.0032 ;
Epoch: 59 ; train cost = 0.0032 ;
Epoch: 60 ; train cost = 0.0032 ;
Epoch: 61 ; train cost = 0.0032 ;
Epoch: 62 ; train cost = 0.0032 ;
Epoch: 63 ; train cost = 0.0032 ;
Epoch: 64 ; train cost = 0.0032 ;
Epoch: 65 ; train cost = 0.0032 ;
Epoch: 66 ; train cost = 0.0032 ;
Epoch: 67 ; train cost = 0.0032 ;
Epoch: 68 ; train cost = 0.0032 ;
Epoch: 69 ; train cost = 0.0032 ;
Epoch: 70 ; train cost = 0.0032 ;
Epoch: 71 ; train cost = 0.0032 ;
Epoch: 72 ; train cost = 0.0032 ;
Epoch: 73 ; train cost = 0.0032 ;
Epoch: 74 ; train cost = 0.0032 ;
Epoch: 75 ; train cost = 0.0032 ;
Epoch: 76 ; train cost = 0.0032 ;
Epoch: 77 ; train cost = 0.0032 ;
Epoch: 78 ; train cost = 0.0032 ;
Epoch: 79 ; train cost = 0.0032 ;
Epoch: 80 ; train cost = 0.0032 ;
Epoch: 81 ; train cost = 0.0032 ;
Epoch: 82 ; train cost = 0.0032 ;
Epoch: 83 ; train cost = 0.0032 ;
Epoch: 84 ; train cost = 0.0032 ;
Epoch: 85 ; train cost = 0.0032 ;
Epoch: 86 ; train cost = 0.0032 ;
Epoch: 87 ; train cost = 0.0032 ;
Epoch: 88 ; train cost = 0.0032 ;
Epoch: 89 ; train cost = 0.0032 ;
Epoch: 90 ; train cost = 0.0032 ;
Epoch: 91 ; train cost = 0.0032 ;
Epoch: 92 ; train cost = 0.0032 ;
Epoch: 93 ; train cost = 0.0032 ;
Epoch: 94 ; train cost = 0.0032 ;
Epoch: 95 ; train cost = 0.0032 ;
Epoch: 96 ; train cost = 0.0032 ;
Epoch: 97 ; train cost = 0.0032 ;
Epoch: 98 ; train cost = 0.0032 ;
Epoch: 99 ; train cost = 0.0032 ;
Epoch: 100 ; train cost = 0.0032 ;
Epoch: 101 ; train cost = 0.0032 ;
Epoch: 102 ; train cost = 0.0032 ;
Epoch: 103 ; train cost = 0.0032 ;
Epoch: 104 ; train cost = 0.0032 ;
Epoch: 105 ; train cost = 0.0032 ;
Epoch: 106 ; train cost = 0.0032 ;
Epoch: 107 ; train cost = 0.0032 ;
Epoch: 108 ; train cost = 0.0032 ;
Epoch: 109 ; train cost = 0.0032 ;
Epoch: 110 ; train cost = 0.0032 ;
Epoch: 111 ; train cost = 0.0032 ;
Epoch: 112 ; train cost = 0.0032 ;
Epoch: 113 ; train cost = 0.0032 ;
Epoch: 114 ; train cost = 0.0032 ;
Epoch: 115 ; train cost = 0.0032 ;
Epoch: 116 ; train cost = 0.0032 ;
Epoch: 117 ; train cost = 0.0032 ;
Epoch: 118 ; train cost = 0.0032 ;
Epoch: 119 ; train cost = 0.0032 ;
Epoch: 120 ; train cost = 0.0032 ;
Epoch: 121 ; train cost = 0.0032 ;
Epoch: 122 ; train cost = 0.0032 ;
Epoch: 123 ; train cost = 0.0032 ;
Epoch: 124 ; train cost = 0.0032 ;
Epoch: 125 ; train cost = 0.0032 ;
Epoch: 126 ; train cost = 0.0032 ;
Epoch: 127 ; train cost = 0.0032 ;
Epoch: 128 ; train cost = 0.0032 ;
Epoch: 129 ; train cost = 0.0032 ;
Epoch: 130 ; train cost = 0.0032 ;
Epoch: 131 ; train cost = 0.0032 ;
Epoch: 132 ; train cost = 0.0032 ;
Epoch: 133 ; train cost = 0.0032 ;
Epoch: 134 ; train cost = 0.0032 ;
Epoch: 135 ; train cost = 0.0032 ;
Epoch: 136 ; train cost = 0.0032 ;
Epoch: 137 ; train cost = 0.0032 ;
Epoch: 138 ; train cost = 0.0032 ;
Epoch: 139 ; train cost = 0.0032 ;
Epoch: 140 ; train cost = 0.0032 ;
Epoch: 141 ; train cost = 0.0032 ;
Epoch: 142 ; train cost = 0.0032 ;
Epoch: 143 ; train cost = 0.0032 ;
Epoch: 144 ; train cost = 0.0032 ;
Epoch: 145 ; train cost = 0.0032 ;
Epoch: 146 ; train cost = 0.0032 ;
Epoch: 147 ; train cost = 0.0032 ;
Epoch: 148 ; train cost = 0.0032 ;
Epoch: 149 ; train cost = 0.0032 ;
Epoch: 150 ; train cost = 0.0032 ;
Epoch: 151 ; train cost = 0.0032 ;
Epoch: 152 ; train cost = 0.0032 ;
Epoch: 153 ; train cost = 0.0032 ;
Epoch: 154 ; train cost = 0.0032 ;
Epoch: 155 ; train cost = 0.0032 ;
Epoch: 156 ; train cost = 0.0032 ;
Epoch: 157 ; train cost = 0.0031 ;
Epoch: 158 ; train cost = 0.0031 ;
Epoch: 159 ; train cost = 0.0031 ;
Epoch: 160 ; train cost = 0.0031 ;
Epoch: 161 ; train cost = 0.0031 ;
Epoch: 162 ; train cost = 0.0031 ;
Epoch: 163 ; train cost = 0.0031 ;
Epoch: 164 ; train cost = 0.0031 ;
Epoch: 165 ; train cost = 0.0031 ;
Epoch: 166 ; train cost = 0.0031 ;
Epoch: 167 ; train cost = 0.0031 ;
Epoch: 168 ; train cost = 0.0031 ;
Epoch: 169 ; train cost = 0.0031 ;
Epoch: 170 ; train cost = 0.0031 ;
Epoch: 171 ; train cost = 0.0031 ;
Epoch: 172 ; train cost = 0.0031 ;
Epoch: 173 ; train cost = 0.0031 ;
Epoch: 174 ; train cost = 0.0031 ;
Epoch: 175 ; train cost = 0.0031 ;
Epoch: 176 ; train cost = 0.0031 ;
Epoch: 177 ; train cost = 0.0031 ;
Epoch: 178 ; train cost = 0.0031 ;
Epoch: 179 ; train cost = 0.0031 ;
Epoch: 180 ; train cost = 0.0031 ;
Epoch: 181 ; train cost = 0.0031 ;
Epoch: 182 ; train cost = 0.0031 ;
Epoch: 183 ; train cost = 0.0031 ;
Epoch: 184 ; train cost = 0.0031 ;
Epoch: 185 ; train cost = 0.0031 ;
Epoch: 186 ; train cost = 0.0031 ;
Epoch: 187 ; train cost = 0.0031 ;
Epoch: 188 ; train cost = 0.0031 ;
Epoch: 189 ; train cost = 0.0031 ;
Epoch: 190 ; train cost = 0.0031 ;
Epoch: 191 ; train cost = 0.0031 ;
Epoch: 192 ; train cost = 0.0031 ;
Epoch: 193 ; train cost = 0.0031 ;
Epoch: 194 ; train cost = 0.0031 ;
Epoch: 195 ; train cost = 0.0031 ;
Epoch: 196 ; train cost = 0.0031 ;
Epoch: 197 ; train cost = 0.0031 ;
Epoch: 198 ; train cost = 0.0031 ;
Epoch: 199 ; train cost = 0.0031 ;
Epoch: 200 ; train cost = 0.0031 ;
Epoch: 201 ; train cost = 0.0031 ;
Epoch: 202 ; train cost = 0.0031 ;
Epoch: 203 ; train cost = 0.0031 ;
Epoch: 204 ; train cost = 0.0031 ;
Epoch: 205 ; train cost = 0.0031 ;
Epoch: 206 ; train cost = 0.0031 ;
Epoch: 207 ; train cost = 0.0031 ;
Epoch: 208 ; train cost = 0.0031 ;
Epoch: 209 ; train cost = 0.0031 ;
Epoch: 210 ; train cost = 0.0031 ;
Epoch: 211 ; train cost = 0.0031 ;
Epoch: 212 ; train cost = 0.0031 ;
Epoch: 213 ; train cost = 0.0031 ;
Epoch: 214 ; train cost = 0.0031 ;
Epoch: 215 ; train cost = 0.0031 ;
Epoch: 216 ; train cost = 0.0031 ;
Epoch: 217 ; train cost = 0.0031 ;
Epoch: 218 ; train cost = 0.0031 ;
Epoch: 219 ; train cost = 0.0031 ;
Epoch: 220 ; train cost = 0.0031 ;
Epoch: 221 ; train cost = 0.0031 ;
Epoch: 222 ; train cost = 0.0031 ;
Epoch: 223 ; train cost = 0.0031 ;
Epoch: 224 ; train cost = 0.0031 ;
Epoch: 225 ; train cost = 0.0031 ;
Epoch: 226 ; train cost = 0.0031 ;
Epoch: 227 ; train cost = 0.0031 ;
Epoch: 228 ; train cost = 0.0031 ;
Epoch: 229 ; train cost = 0.0031 ;
Epoch: 230 ; train cost = 0.0031 ;
Epoch: 231 ; train cost = 0.0031 ;
Epoch: 232 ; train cost = 0.0031 ;
Epoch: 233 ; train cost = 0.0031 ;
Epoch: 234 ; train cost = 0.0031 ;
Epoch: 235 ; train cost = 0.0031 ;
Epoch: 236 ; train cost = 0.0031 ;
Epoch: 237 ; train cost = 0.0031 ;
Epoch: 238 ; train cost = 0.0031 ;
Epoch: 239 ; train cost = 0.0031 ;
Epoch: 240 ; train cost = 0.0031 ;
Epoch: 241 ; train cost = 0.0031 ;
Epoch: 242 ; train cost = 0.0031 ;
Epoch: 243 ; train cost = 0.0031 ;
Epoch: 244 ; train cost = 0.0031 ;
Epoch: 245 ; train cost = 0.0031 ;
Epoch: 246 ; train cost = 0.0031 ;
Epoch: 247 ; train cost = 0.0031 ;
Epoch: 248 ; train cost = 0.0031 ;
Epoch: 249 ; train cost = 0.0031 ;
Epoch: 250 ; train cost = 0.0031 ;
Epoch: 251 ; train cost = 0.0031 ;
Epoch: 252 ; train cost = 0.0031 ;
Epoch: 253 ; train cost = 0.0031 ;
Epoch: 254 ; train cost = 0.0031 ;
Epoch: 255 ; train cost = 0.0031 ;
Epoch: 256 ; train cost = 0.0031 ;
Epoch: 257 ; train cost = 0.0031 ;
Epoch: 258 ; train cost = 0.0031 ;
Epoch: 259 ; train cost = 0.0031 ;
Epoch: 260 ; train cost = 0.0031 ;
Epoch: 261 ; train cost = 0.0031 ;
Epoch: 262 ; train cost = 0.0031 ;
Epoch: 263 ; train cost = 0.0031 ;
Epoch: 264 ; train cost = 0.0031 ;
Epoch: 265 ; train cost = 0.0031 ;
Epoch: 266 ; train cost = 0.0031 ;
Epoch: 267 ; train cost = 0.0031 ;
Epoch: 268 ; train cost = 0.0031 ;
Epoch: 269 ; train cost = 0.0031 ;
Epoch: 270 ; train cost = 0.0031 ;
Epoch: 271 ; train cost = 0.0031 ;
Epoch: 272 ; train cost = 0.0031 ;
Epoch: 273 ; train cost = 0.0031 ;
Epoch: 274 ; train cost = 0.0031 ;
Epoch: 275 ; train cost = 0.0031 ;
Epoch: 276 ; train cost = 0.0031 ;
Epoch: 277 ; train cost = 0.0031 ;
Epoch: 278 ; train cost = 0.0031 ;
Epoch: 279 ; train cost = 0.0031 ;
Epoch: 280 ; train cost = 0.0031 ;
Epoch: 281 ; train cost = 0.0031 ;
Epoch: 282 ; train cost = 0.0031 ;
Epoch: 283 ; train cost = 0.0031 ;
Epoch: 284 ; train cost = 0.0031 ;
Epoch: 285 ; train cost = 0.0031 ;
Epoch: 286 ; train cost = 0.0031 ;
Epoch: 287 ; train cost = 0.0031 ;
Epoch: 288 ; train cost = 0.0031 ;
Epoch: 289 ; train cost = 0.0031 ;
Epoch: 290 ; train cost = 0.0031 ;
Epoch: 291 ; train cost = 0.0031 ;
Epoch: 292 ; train cost = 0.0031 ;
Epoch: 293 ; train cost = 0.0031 ;
Epoch: 294 ; train cost = 0.0031 ;
Epoch: 295 ; train cost = 0.0031 ;
Epoch: 296 ; train cost = 0.0031 ;
Epoch: 297 ; train cost = 0.0031 ;
Epoch: 298 ; train cost = 0.0031 ;
Epoch: 299 ; train cost = 0.0031 ;
Epoch: 300 ; train cost = 0.0031 ;
Finish Training ...
User Latent P:
[[ 2.02412515e-01  1.47569072e+00  7.53638680e-01 ...  2.93874449e-01
   1.78631494e+00 -2.35753940e+00]
 [-4.65379064e-01  1.56674911e+00 -5.63086924e-01 ...  9.64511433e-01
  -7.47527619e-01 -2.88029331e-01]
 [-1.12422926e+00 -1.26015956e+00 -5.52073744e-01 ...  1.80806155e+00
   2.00654627e-03 -5.36878096e-01]
 ...
 [ 7.15974448e-01 -1.07349676e+00  4.28705083e-01 ...  1.32746225e-01
  -5.26726275e-01  6.29785572e-02]
 [ 4.22614121e-01 -3.37908912e-01  1.24512365e+00 ...  2.67226181e-01
   4.11476431e-02 -2.29888907e-01]
 [ 1.83701913e-02 -1.69542052e+00  6.77601648e-01 ...  2.67705119e+00
  -1.49756982e+00  9.47208998e-01]]
Item Latent Q:
[[ 3.28149302e-03 -3.61406860e-03 -1.00960966e-03 -3.35337967e-03
  -3.44592798e-03 -1.61769391e-02  2.14853749e-03  8.94457934e-03
   1.65442354e-03  1.00282529e-02 -8.55529834e-03  4.42524917e-03
   1.07548085e-03  4.79539050e-07 -1.05708009e-04  3.74611478e-03
  -6.11629322e-03  7.85190018e-03 -7.63967554e-03 -7.30383517e-03]
 [ 1.38827252e-02 -3.96767797e-05 -1.71588657e-03 -1.29801248e-02
   9.09909376e-03  7.58376815e-03 -1.62786623e-02  1.09544991e-02
  -2.16300937e-03  7.96509697e-04  2.60224631e-02 -1.82244814e-02
   1.79062941e-03  1.36040587e-02 -3.60325874e-04  1.52885031e-02
   7.24972399e-03  1.06761251e-02 -1.63751549e-02 -1.01738778e-02]
 [ 1.75009672e-02  2.11038658e-02  4.96805367e-03 -1.74398816e-02
   1.20367330e-02  2.23342396e-02 -2.07603629e-02 -3.17465915e-03
  -1.93880505e-03 -8.40151931e-03  2.69547721e-02  3.48048604e-03
  -1.48015357e-02  5.01632439e-03 -1.80138780e-02  1.17596650e-02
   2.68706576e-03 -8.53142161e-04 -1.19519243e-02  5.71306264e-03]
 [-7.56864147e-03 -1.68960300e-02 -1.12418243e-02  5.93984768e-03
  -2.75220713e-02 -6.36259352e-03  7.87447376e-03  2.72334249e-02
  -1.42417708e-02 -3.44319075e-02  3.75348584e-03  4.13612567e-03
  -9.94106546e-04  5.81580499e-03 -2.67156483e-02  3.68907519e-02
  -2.27349152e-03  3.90186223e-02 -1.80171037e-02 -2.08078171e-02]
 [ 9.38434659e-03  1.90315490e-02 -9.99532624e-03  6.08096591e-03
   4.04383303e-03  9.86543632e-03  9.10864731e-03  1.10305672e-02
   3.97664306e-03 -8.69704750e-03  5.20133066e-03  1.09120212e-03
   4.68403166e-04 -6.62345818e-03 -4.73445312e-03  1.98727970e-03
  -7.29486157e-05 -6.55045343e-03 -2.26706084e-03 -9.37984382e-04]
 [ 2.14831418e-03 -2.44305681e-04  1.08861202e-02  5.70047691e-03
   9.37554185e-03  1.04314579e-03  9.53909109e-03  1.52202917e-02
  -1.66718765e-02  2.48603090e-03  8.24529781e-03  4.49593840e-03
  -1.25805520e-02 -7.10130804e-03 -1.44039481e-02  6.49411902e-03
  -6.65884331e-03  2.42101821e-03 -2.15620683e-02  1.27671285e-03]
 [ 2.16879994e-03 -1.07114723e-02 -1.32396486e-02  4.31688839e-02
  -2.42156541e-02 -1.93400766e-02  2.45792658e-03  3.72111839e-02
  -1.04066139e-02 -3.99091227e-03  1.25844590e-02 -1.38884597e-02
  -2.99475100e-02  1.70109862e-02  2.99999325e-03  1.99463643e-02
   1.66144925e-02  2.16975346e-02 -2.04043551e-03 -1.34088841e-02]
 [ 1.35357676e-02 -2.08570609e-03  2.04835210e-03  8.53927945e-03
   2.90489183e-02  3.80316960e-03  2.50595954e-02  9.45864311e-03
   3.86805104e-04  1.78839309e-02 -6.97436738e-03  2.41396998e-03
  -6.21551002e-03 -1.81551205e-02  2.94151056e-04  3.73306718e-03
   1.41412880e-02 -1.34499321e-04 -2.72629420e-02 -2.72122730e-03]
 [-8.08544978e-03  6.44968909e-02  6.03506612e-02 -4.12323837e-02
   2.91720038e-02 -8.66390805e-03  2.88187122e-02  4.40962585e-02
   3.24040767e-03  1.28865364e-02  2.26525217e-03  1.06470866e-02
   8.97327286e-03 -1.08243162e-02 -6.37667783e-02 -1.04884223e-02
  -4.96926971e-03  2.93458240e-03 -3.63087496e-02 -2.33751325e-02]
 [ 1.17943105e-02 -1.60620440e-02  5.82391868e-03  1.18552810e-01
   4.57169727e-02 -3.07616777e-02 -2.72977585e-02 -2.10565496e-02
  -4.13477303e-02  2.43907704e-02  2.56142039e-02 -6.61397536e-02
   6.86467997e-03 -3.77988001e-02 -1.25841850e-03  3.52650948e-02
  -1.47375448e-02  2.92840120e-02 -3.83384143e-02 -4.38713617e-02]
 [ 2.05002800e-02 -2.87927123e-03  2.29981129e-03 -6.52506951e-03
   8.58678398e-03 -4.18097111e-02  9.43824017e-03  6.25524536e-03
  -4.94703501e-02  1.03445963e-02  3.95363281e-02 -1.80834246e-02
   8.13156169e-03 -2.50494730e-02 -1.64383306e-02  1.86838881e-02
   3.18992254e-03 -2.09414288e-02 -2.58527421e-02  1.34642173e-02]
 [ 2.28100474e-02 -3.06551740e-02  3.23804037e-02  4.64165854e-02
   3.02411182e-02 -1.25820495e-02 -2.88028585e-02  1.79610296e-02
  -3.58524017e-02 -3.54365943e-05  2.52444553e-02  5.69109166e-03
   2.68441096e-02  2.28204889e-02  3.41843881e-02 -7.01213181e-03
  -3.61171949e-03  2.28223126e-04 -3.60574944e-02  3.20381153e-03]
 [-3.83311527e-04 -2.06001758e-02 -9.15801412e-03  4.36797733e-03
   2.51911377e-03  3.04614118e-03  8.51758239e-04 -8.58262655e-03
  -2.00080764e-02 -1.14690990e-02  1.17932395e-02  5.41964285e-04
   1.94602255e-02 -6.13719294e-03 -1.66591644e-02 -1.30683765e-02
   2.02509105e-03 -2.86569724e-03  3.32068958e-03  1.11802351e-02]
 [ 1.32329445e-02 -6.75133327e-03  1.22807812e-02  2.23320400e-02
   7.08589812e-03 -5.24927065e-02  4.24827177e-02  2.10827450e-02
  -2.67544065e-02  3.24642501e-02 -4.18419907e-02  5.43701015e-03
   1.06737130e-01 -7.10017465e-02 -1.13771826e-02 -1.32342428e-02
   2.12804290e-02  6.92915192e-03 -2.11300965e-02  2.60060031e-02]
 [-8.75500014e-03 -1.70596769e-02  8.48152726e-02  3.97746591e-02
   7.32584364e-02 -6.98177395e-03  4.81037729e-02  2.31682141e-02
  -1.10994727e-01 -1.37250188e-02  1.51553989e-02 -2.43516330e-02
  -3.38263900e-02  1.80665164e-02 -4.56890119e-02 -3.79222313e-02
  -1.81786535e-02 -3.24303019e-02  1.96537147e-02  1.12397893e-02]
 [-2.04114791e-02 -3.99960115e-03 -1.95659133e-02  1.26177467e-02
   4.64728423e-02  2.63860891e-03  5.34199184e-03  6.29883291e-03
  -3.76329136e-03  9.18269876e-03  2.18112632e-02 -8.38280054e-03
   7.10737740e-04  1.99656521e-02 -2.10860175e-02 -5.49437305e-03
   1.36341660e-02  7.34854955e-03  6.43033670e-03  1.75236031e-02]
 [-7.21879048e-02 -1.17655191e-02 -2.62025256e-02 -8.89318080e-03
   3.47905668e-03  5.47760938e-02 -1.88755555e-02 -4.80052140e-03
  -1.93460951e-02  9.59492422e-03  5.85809143e-02 -4.60851956e-02
   5.55166310e-02  5.12174869e-02  4.24352046e-02  9.20918381e-03
  -1.77910629e-02 -3.07997664e-02  8.32128592e-02  5.81185597e-02]
 [-5.40808212e-01 -2.17585721e-01  1.44989765e+00  5.59332241e-01
   3.13513269e-01  4.55811842e-01  6.44808830e-02 -1.31209004e+00
  -1.14652381e+00 -6.55554712e-01 -8.11570837e-01  3.33093173e-02
   7.47238223e-02  1.06728885e+00 -4.03934293e-01  1.75442627e-01
   9.21231156e-01  1.27343927e+00  1.48599155e+00 -1.30321287e+00]
 [ 1.47922781e-02  9.01448268e-02  2.60146887e-02  3.37510536e-02
   1.03616978e-01  6.37722937e-02 -1.20326076e-01  5.87528740e-02
   1.92151371e-02  3.60522302e-03  4.07350341e-03  4.58660065e-02
  -5.07174188e-02  8.69387887e-03 -5.94454653e-02  3.74509747e-02
  -7.56084716e-02 -1.86715715e-02  8.01124159e-02  4.59980624e-02]
 [-3.21647855e-02  2.65002617e-03 -4.81106755e-02  1.89317831e-02
   2.12549156e-01 -2.43241611e-01 -1.46249313e-01  1.06757261e-01
   5.44774712e-03 -5.54506214e-02  3.47696541e-02 -5.84187951e-02
  -1.06749197e-01 -8.20137089e-02  2.27653452e-01  1.76457040e-01
  -1.89458613e-01 -3.79603727e-02  1.03003165e-01  1.37210580e-01]
 [-1.89541768e-01  8.16537237e-02 -2.39439537e-02  2.53687470e-02
   6.75862344e-02 -2.61526538e-03 -7.24903549e-02  6.04442837e-02
  -7.84540807e-02 -1.20572073e-03 -3.48470020e-02 -3.01637475e-02
  -7.19717677e-03  8.55039477e-02  1.97319889e-02  1.40080504e-01
  -5.45923055e-02  7.48862587e-03  1.23194608e-01 -2.07116970e-02]
 [-2.01906664e-02 -3.96767435e-02 -4.10678828e-02  1.31879835e-02
   1.12624133e-01 -3.17201616e-02  1.67822283e-02  2.98581066e-02
   3.36606268e-03 -2.17316992e-02 -6.42552827e-02 -8.96058420e-03
  -8.16208168e-03 -3.91067269e-02 -1.72347450e-02  2.07111039e-02
  -1.27197663e-02  1.38756870e-02 -8.12581293e-02  3.21652410e-02]
 [-1.13217314e-01 -3.45492930e-01  6.97508259e-01 -7.48679295e-01
   6.91945541e-01 -1.12729120e-01 -1.54765796e-01 -4.74712494e-01
  -4.97424172e-01 -1.49840447e-01 -1.04089752e+00 -2.72268655e-01
  -3.26294752e-01  9.20529591e-01 -8.95757825e-01  1.28454046e+00
  -3.68610774e-01 -1.55050144e-01 -7.07626055e-01 -9.41141742e-01]
 [-3.44689963e-01  9.80737145e-02  6.04966199e-02  3.94090400e-01
   1.39642711e-01 -6.39062535e-02 -8.53449409e-02 -1.08050334e-02
  -1.52302306e-01  1.21398502e-01  1.07224228e-01  8.79486765e-02
  -4.35463564e-02 -3.85612767e-02 -1.22993197e-01 -1.84252845e-01
   7.08199669e-02 -2.51705943e-02 -1.49663713e-01  7.04847368e-02]
 [ 3.68616836e-02 -2.75688205e-02 -1.20154529e-01 -8.46839276e-02
   1.55171451e-01  2.39425597e-02  9.33109458e-03  3.32625964e-01
  -2.20793093e-01  1.82714591e-01 -1.50242810e-02  6.44400199e-02
  -5.13311331e-02 -1.38562072e-02 -2.38413213e-01 -5.72935640e-02
  -2.23589658e-01 -5.04646633e-02 -4.03360138e-01 -7.24467188e-02]
 [-2.92946236e-02 -1.71680501e-01 -3.57906791e-03 -7.57522091e-02
   9.87234465e-02  2.70302354e-02  1.45536972e-01 -1.12382409e-01
  -8.31915840e-02 -1.34724619e-01  5.62843384e-02  2.82419855e-02
   9.57671746e-03 -9.66254923e-02  3.17571537e-03 -1.05063206e-02
  -4.43725442e-02 -4.35988895e-02  1.00386306e-01 -5.40918305e-02]
 [-3.14216466e-02  1.44537386e-02 -9.48561478e-03 -3.53693060e-02
   6.08451577e-02  4.75771059e-02  1.08316197e-02  6.10528924e-02
  -7.51630260e-02 -3.64405110e-02  5.22011162e-03 -1.83027222e-02
   1.86964053e-02 -5.10428206e-02 -4.52042027e-02 -9.57719455e-04
  -1.03954376e-01 -7.41987235e-02  7.21081240e-02  2.97207908e-02]
 [-2.28083967e-01  6.12220975e-02  1.96944693e-02  3.36567073e-02
  -1.03737598e-01 -1.56782350e-01 -3.00027581e-02 -4.29459100e-02
   6.80672415e-02 -2.91833419e-02 -5.34562706e-02 -4.69435854e-02
  -9.41751550e-03  3.72050263e-02  2.30781957e-03 -3.91671708e-02
  -3.44081957e-02 -1.86381722e-02  5.31029230e-02  5.52154989e-02]
 [-1.47561972e+00 -5.46238925e-01  7.57718157e-01 -3.65074608e-01
  -7.51111324e-01  7.79973017e-02  1.37910917e+00  1.16600134e-02
  -9.76600996e-01  1.82068780e-01  3.75972436e-01 -9.69494706e-02
   2.01459299e-01  4.29455216e-01  9.86778243e-01 -8.30333056e-01
   7.36680428e-01  1.58099119e-01  1.19870975e+00 -5.44627774e-01]
 [ 3.52387932e-02  7.15952791e-03 -5.62783743e-03 -3.83973774e-03
   3.62901051e-02 -2.15375784e-02 -1.09987318e-02 -2.22427541e-02
   5.48041712e-02  2.33357163e-02  4.14800100e-02  1.13993441e-02
   4.58724650e-02  3.21615148e-03  1.71444805e-02  2.52580527e-02
   1.59454604e-03  5.64561190e-03  2.11903932e-02 -2.56408834e-02]
 [-1.72101067e-01  4.25510305e-02  9.38193834e-02  2.01338107e-02
  -7.06620495e-02  3.47961726e-04  3.43645907e-02  1.33236244e-01
  -1.55200386e-01 -6.80877695e-02  4.91840202e-02  2.45392874e-02
   9.96894821e-03 -7.97652007e-02  2.08723406e-02  7.46124776e-02
   1.46724995e-01 -5.71054962e-02  1.68140779e-01 -1.41479006e-02]
 [-2.67677844e-02  2.25660953e-02  7.19128139e-02  8.32226801e-02
  -3.11046854e-02 -1.63202324e-02  1.61976278e-02 -4.14232330e-03
   2.16431337e-02  2.66411797e-02  1.10887901e-02 -3.61694327e-02
   7.23660484e-03 -5.61892319e-02 -3.94525057e-02  2.09449270e-02
   2.13286858e-02  1.33819790e-02  1.53407764e-03 -2.03992019e-02]
 [-1.67408150e-01 -9.24185644e-02 -2.28944312e-02 -3.07990788e-02
  -1.32602927e-02 -9.12448027e-02 -4.94142735e-02  1.86456841e-01
  -7.20408179e-02 -1.57832156e-01 -1.66504229e-01 -4.18479973e-03
   6.49508464e-02 -1.82067823e-01  7.79400640e-02 -1.51371413e-02
  -4.98097326e-02 -1.28125111e-01 -3.72927328e-03  8.65791060e-04]
 [-1.42947232e+00 -1.23677880e+00 -8.01214395e-01 -9.70578385e-01
   5.22014123e-01  1.29616268e+00  6.58086902e-01  3.29112321e-01
  -9.87883383e-01  1.61104263e+00 -7.59468192e-01  1.62563160e-01
   1.06169937e+00  1.37136700e+00  5.18528349e-02  6.84649239e-01
  -1.18545494e+00 -2.93938704e-01 -1.40220166e+00 -6.09697285e-01]
 [-1.16887431e-02 -1.12624337e-01 -4.52944734e-02  8.10333824e-02
   8.42399615e-02 -1.09634038e-02  5.17730244e-02  1.57466435e-01
  -1.15775438e-01 -8.46234417e-02  7.36995993e-02  7.63712302e-02
  -6.16539893e-02  7.66097968e-02  2.13379069e-02  3.54081134e-02
  -2.66932656e-02 -6.75522872e-02 -3.21137611e-02  6.56249088e-02]
 [-5.96849798e-01  1.81543043e-02  4.08430223e-01 -6.72332873e-01
  -7.31788621e-02 -1.56568830e-01  9.78828754e-02  2.19947447e-01
  -5.15164725e-01 -2.58815050e-01  4.96718873e-01 -1.63823415e-01
  -2.83924438e-01  4.78734189e-01 -3.58243080e-01  3.93757829e-01
  -3.04275728e-01  5.64072850e-01 -5.03949552e-01 -1.40962947e-01]
 [-1.03927239e-01  2.22100541e-01  1.59156345e-01 -9.94541528e-02
  -1.12499943e-01 -1.46435296e-01 -1.46125010e-03  8.71979924e-02
  -6.76765164e-02 -1.51480758e-01 -1.89808872e-01 -1.33711587e-01
  -1.56194196e-01 -1.11977857e-01  6.82254562e-02  2.09906092e-01
  -2.29408425e-01  1.19675413e-01  1.15304329e-01 -1.04130485e-01]
 [-3.38097392e-01 -8.82228966e-02  2.91662733e-01 -1.69671023e-01
   4.45407137e-01 -3.11875662e-02  7.94098803e-02  4.11791134e-01
  -2.20786705e-01 -2.73187428e-01 -4.20398414e-01  3.05477465e-01
  -3.38671779e-01  4.24619086e-02 -1.57741185e-01 -4.72658283e-02
  -1.41485756e-01 -7.45129253e-01 -1.27889611e-02  4.12603789e-01]]
P x Q:
[[ 1.15853525e-02  4.63113473e-02  2.73855325e-02 ...  5.53750134e-01
   2.07707914e-01 -1.92610324e+00]
 [ 1.15116456e-02 -3.08303357e-02 -6.27391610e-03 ...  2.95001156e-01
   2.02495262e-01 -1.28718916e+00]
 [ 1.52350266e-02 -2.74576889e-02 -4.16325933e-02 ...  1.06685412e+00
   7.30438410e-01 -2.04279910e+00]
 ...
 [ 2.68413979e-02 -1.23469359e-02 -3.00128286e-02 ... -9.82649877e-01
   1.76544140e-01  2.32413959e-02]
 [ 1.40387119e-03  4.74763948e-02  6.55306673e-02 ...  1.09406007e+00
   2.54456386e-01  1.15762261e+00]
 [ 4.60733766e-02  4.71138223e-02 -2.68385834e-02 ...  3.92231935e+00
  -1.42614454e-01  5.30128147e-02]]
bias:
8.821248223109727
User Latent bias:
[ 0.07173277  0.02862292  0.02517818 ...  0.02418132 -0.18033742
 -0.09323964]
Item Latent bias:
[ 0.20187715 -0.04906619 -0.43121403 -0.00844965  0.82866842  0.09803266
 -0.98291463  0.15029622  0.4244209  -0.07096755 -0.45342565  0.21513814
  0.78120014 -0.9848157   0.71761464  0.05245106  0.36437439  0.38306204
  0.21391263  0.06795771 -0.86818512  0.59189042 -0.01389705  0.35025524
  0.32432019  0.29450218  0.14469395  0.30275985 -1.05735562  0.9906575
  0.40149616  0.78653488 -0.49634273 -0.39402543  0.59823081 -2.63275369
  0.17357153 -0.56411768]
Final R matrix:
[[ 9.10644349  8.89022615  8.48915249 ...  6.81397744  9.27426043
   6.40276008]
 [ 9.06325994  8.76997462  8.41238319 ...  6.51211861  9.22593793
   6.9985643 ]
 [ 9.06353857  8.76990252  8.37357977 ...  7.28052683  9.75043634
   6.23950962]
 ...
 [ 9.07414809  8.78401642  8.38420268 ...  5.23002598  9.19554521
   8.30455326]
 [ 8.84419182  8.63932101  8.27522743 ...  7.10221718  9.06893871
   9.23441573]
 [ 8.97595911  8.72605622  8.26995597 ... 10.01757425  8.75896566
   8.21690372]]
Final RMSE:
0.003070759257991221
CSV file saved successfully.Epoch: 4 ; train cost = 0.0001 ;
Epoch: 5 ; train cost = 0.0001 ;
Epoch: 6 ; train cost = 0.0001 ;
Epoch: 7 ; train cost = 0.0001 ;
Epoch: 8 ; train cost = 0.0001 ;
