Network Configuration:
batch_size: 32
hidden_layer_structure: [102]
learning_rate: 0.004155923499457689
keep_prob: 0.8656542586183774
rnn_cell: <class 'tensorflow.python.ops.rnn_cell_impl.LSTMCell'>
max_grad_norm: 5.0
lambda_w1: 0.03
lambda_w2: 3.0
lambda_o: 0.1
Num of problems: 1865
Num of run: 1
Max num of run: 30
Keep Prob: 0.8656542586183774
Epoch    1, Train ACC: 0.68386, Train AUC: 0.70345, Train Loss: 0.66184
Epoch    1, Valid ACC: 0.7481, Valid AUC: 0.77376, Valid AUC Curr: 0.89617, Valid Loss: 0.61191*
Epoch    1, Test ACC: 0.74679, Test AUC: 0.77427, Test AUC Curr: 0.8959, Test Loss: 0.61281
w_l1: 0.009257087985678626, w_l2: 0.019753970948128557
m1: 0.294336192875594, m2: 0.023671861873282594. Saving the model
time used for this epoch: 579.3290822505951s
***********
Epoch    2, Train ACC: 0.75192, Train AUC: 0.79091, Train Loss: 0.56808
Epoch    2, Valid ACC: 0.79565, Valid AUC: 0.81727, Valid AUC Curr: 0.936, Valid Loss: 0.50763*
Epoch    2, Test ACC: 0.79482, Test AUC: 0.81913, Test AUC Curr: 0.93658, Test Loss: 0.50791
w_l1: 0.013989380501229921, w_l2: 0.029491487398558877
m1: 0.37743300273197905, m2: 0.045426830071758115. Saving the model
time used for this epoch: 590.4770112037659s
***********
Epoch    3, Train ACC: 0.75952, Train AUC: 0.80524, Train Loss: 0.5509
Epoch    3, Valid ACC: 0.79841, Valid AUC: 0.82426, Valid AUC Curr: 0.93908, Valid Loss: 0.49955*
Epoch    3, Test ACC: 0.79746, Test AUC: 0.82578, Test AUC Curr: 0.93945, Test Loss: 0.50007
w_l1: 0.014520215704895556, w_l2: 0.030419319470429963
m1: 0.3617480413730055, m2: 0.046664041241335705. Saving the model
time used for this epoch: 590.3755128383636s
***********
Epoch    4, Train ACC: 0.76355, Train AUC: 0.81323, Train Loss: 0.54211
Epoch    4, Valid ACC: 0.80021, Valid AUC: 0.82832, Valid AUC Curr: 0.9372, Valid Loss: 0.49525*
Epoch    4, Test ACC: 0.79866, Test AUC: 0.82967, Test AUC Curr: 0.93771, Test Loss: 0.49588
w_l1: 0.015086164968922514, w_l2: 0.031579267413815656
m1: 0.3479924737698122, m2: 0.04572401128229275. Saving the model
time used for this epoch: 592.4422843456268s
***********
Epoch    5, Train ACC: 0.76656, Train AUC: 0.81866, Train Loss: 0.53685
Epoch    5, Valid ACC: 0.80079, Valid AUC: 0.82825, Valid AUC Curr: 0.93294, Valid Loss: 0.49515*
Epoch    5, Test ACC: 0.7997, Test AUC: 0.82979, Test AUC Curr: 0.93336, Test Loss: 0.49539
w_l1: 0.015061085647532033, w_l2: 0.031621248836276726
m1: 0.35209309989263426, m2: 0.046096363381224394. Saving the model
time used for this epoch: 590.7823233604431s
***********
Epoch    6, Train ACC: 0.76954, Train AUC: 0.82344, Train Loss: 0.53096
Epoch    6, Valid ACC: 0.80104, Valid AUC: 0.83167, Valid AUC Curr: 0.93595, Valid Loss: 0.49205*
Epoch    6, Test ACC: 0.80015, Test AUC: 0.83289, Test AUC Curr: 0.93656, Test Loss: 0.49269
w_l1: 0.016472488399478086, w_l2: 0.03386279976766626
m1: 0.3324616513059285, m2: 0.045788659780048244. Saving the model
time used for this epoch: 588.3479804992676s
***********
Epoch    7, Train ACC: 0.77217, Train AUC: 0.82796, Train Loss: 0.52597
Epoch    7, Valid ACC: 0.80193, Valid AUC: 0.83326, Valid AUC Curr: 0.93553, Valid Loss: 0.49093*
Epoch    7, Test ACC: 0.80049, Test AUC: 0.83466, Test AUC Curr: 0.93592, Test Loss: 0.49124
w_l1: 0.017404450293837487, w_l2: 0.03560639455270133
m1: 0.31654813917147684, m2: 0.04600584718425312. Saving the model
time used for this epoch: 591.5858533382416s
***********
Epoch    8, Train ACC: 0.77452, Train AUC: 0.8319, Train Loss: 0.52209
Epoch    8, Valid ACC: 0.80121, Valid AUC: 0.8337, Valid AUC Curr: 0.93724, Valid Loss: 0.49125
time used for this epoch: 365.2424376010895s
***********
Epoch    9, Train ACC: 0.77718, Train AUC: 0.836, Train Loss: 0.51748
Epoch    9, Valid ACC: 0.80108, Valid AUC: 0.83439, Valid AUC Curr: 0.93311, Valid Loss: 0.4912
time used for this epoch: 370.7550551891327s
***********
Epoch   10, Train ACC: 0.77977, Train AUC: 0.83982, Train Loss: 0.51225
Epoch   10, Valid ACC: 0.8005, Valid AUC: 0.83457, Valid AUC Curr: 0.93143, Valid Loss: 0.49155
time used for this epoch: 368.20000410079956s
***********
Epoch   11, Train ACC: 0.78232, Train AUC: 0.84368, Train Loss: 0.50826
Epoch   11, Valid ACC: 0.80008, Valid AUC: 0.83408, Valid AUC Curr: 0.92996, Valid Loss: 0.49311
time used for this epoch: 368.23840403556824s
***********
Epoch   12, Train ACC: 0.78501, Train AUC: 0.84751, Train Loss: 0.50324
Epoch   12, Valid ACC: 0.79979, Valid AUC: 0.83367, Valid AUC Curr: 0.92836, Valid Loss: 0.49406
time used for this epoch: 369.85401368141174s
***********
Epoch   13, Train ACC: 0.78718, Train AUC: 0.85027, Train Loss: 0.50049
Epoch   13, Valid ACC: 0.79793, Valid AUC: 0.83321, Valid AUC Curr: 0.92761, Valid Loss: 0.49661
time used for this epoch: 366.6608428955078s
***********
Epoch   14, Train ACC: 0.78997, Train AUC: 0.85439, Train Loss: 0.4953
Epoch   14, Valid ACC: 0.79865, Valid AUC: 0.83244, Valid AUC Curr: 0.92625, Valid Loss: 0.4973
time used for this epoch: 367.0874614715576s
***********
Epoch   15, Train ACC: 0.79257, Train AUC: 0.85772, Train Loss: 0.4914
Epoch   15, Valid ACC: 0.79849, Valid AUC: 0.8318, Valid AUC Curr: 0.92241, Valid Loss: 0.49936
time used for this epoch: 369.77891421318054s
***********
Epoch   16, Train ACC: 0.79489, Train AUC: 0.86117, Train Loss: 0.48687
Epoch   16, Valid ACC: 0.79641, Valid AUC: 0.83086, Valid AUC Curr: 0.92202, Valid Loss: 0.5022
time used for this epoch: 366.2863450050354s
***********
Epoch   17, Train ACC: 0.79735, Train AUC: 0.86397, Train Loss: 0.48398
Epoch   17, Valid ACC: 0.79635, Valid AUC: 0.8304, Valid AUC Curr: 0.91817, Valid Loss: 0.50454
time used for this epoch: 368.97496247291565s
***********
No improvement shown in 10 epochs. Quit Training.
The best validation result occured at: 7-th epoch, with validation ACC: 0.80193 and AUC: 0.83326
The best testing result occured at: 7-th epoch, with testing ACC: 0.80049 and AUC: 0.83466
*********************************
average validation ACC for 1 runs: 0.8019288622423488
average validation AUC for 1 runs: 0.8332555102333279
average validation AUC Current for 1 runs: 0.9355324089301191

average waviness-l1 for 1 runs: 0.017404450293837487
average waviness-l2 for 1 runs: 0.03560639455270133
average consistency_m1 for 1 runs: 0.31654813917147684
average consistency_m1 for 1 runs: 0.04600584718425312

test ACC for 1 runs : [0.8004850234977063]
test AUC for 1 runs : [0.8346570155469949]

average test ACC for 1 runs: 0.8004850234977063
average test AUC for 1 runs: 0.8346570155469949
average test AUC Current for 1 runs: 0.9359199190044645

latex: 
cell_type & num. layer & layer_structure & learning rate & keep prob. & $\lambda_o$ & $\lambda_{w_1}$ & $\lambda_{w_2}$ & Avg. ACC(N) & Avg. AUC(N) & Avg. AUC(C) & Avg. $w_1$ & Avg. $w_2$ & Avg. $m_1$ & Avg. $m_2$\\ 
LSTM & 1 & 102 & 0.0042 & 0.8657 & 0.1000 & 0.0300 & 3.0000 & 0.8019288622423488 $\pm$ 0.0 & 0.8332555102333279 $\pm$ 0.0 & 0.9355324089301191 $\pm$ 0.0 & 0.017404450293837487 $\pm$ 0.0 & 0.03560639455270133 $\pm$ 0.0 & 0.31654813917147684 $\pm$ 0.0 & 0.04600584718425312 $\pm$ 0.0\\ 
Network Configuration:
batch_size: 32
hidden_layer_structure: [102]
learning_rate: 0.004155923499457689
keep_prob: 0.8656542586183774
rnn_cell: <class 'tensorflow.python.keras.layers.legacy_rnn.rnn_cell_impl.LSTMCell'>
max_grad_norm: 5.0
lambda_w1: 0.03
lambda_w2: 3.0
lambda_o: 0.1
Num of problems: 1865
Num of run: 1
Max num of run: 25
Keep Prob: 0.8656542586183774
Network Configuration:
batch_size: 32
hidden_layer_structure: [102]
learning_rate: 0.004155923499457689
keep_prob: 0.8656542586183774
rnn_cell: <class 'tensorflow.python.keras.layers.legacy_rnn.rnn_cell_impl.LSTMCell'>
max_grad_norm: 5.0
lambda_w1: 0.03
lambda_w2: 3.0
lambda_o: 0.1
Num of problems: 1865
Num of run: 1
Max num of run: 25
Keep Prob: 0.8656542586183774
Network Configuration:
batch_size: 32
hidden_layer_structure: [102]
learning_rate: 0.004155923499457689
keep_prob: 0.8656542586183774
rnn_cell: <class 'tensorflow.python.keras.layers.legacy_rnn.rnn_cell_impl.LSTMCell'>
max_grad_norm: 5.0
lambda_w1: 0.03
lambda_w2: 3.0
lambda_o: 0.1
Num of problems: 1865
Num of run: 1
Max num of run: 25
Keep Prob: 0.8656542586183774
Network Configuration:
batch_size: 32
hidden_layer_structure: [102]
learning_rate: 0.004155923499457689
keep_prob: 0.8656542586183774
rnn_cell: <class 'tensorflow.python.keras.layers.legacy_rnn.rnn_cell_impl.LSTMCell'>
max_grad_norm: 5.0
lambda_w1: 0.03
lambda_w2: 3.0
lambda_o: 0.1
Num of problems: 1865
Num of run: 1
Max num of run: 25
Keep Prob: 0.8656542586183774
Current time : 2023-07-24 14:57:25 KST
Epoch    1, Train ACC: 0.6773, Train AUC: 0.69412, Train Loss: 0.66828
Network Configuration:
batch_size: 32
hidden_layer_structure: [102]
learning_rate: 0.004155923499457689
keep_prob: 0.8656542586183774
rnn_cell: <class 'tensorflow.python.keras.layers.legacy_rnn.rnn_cell_impl.LSTMCell'>
max_grad_norm: 5.0
lambda_w1: 0.03
lambda_w2: 3.0
lambda_o: 0.1
Num of problems: 1865
Num of run: 1
Max num of run: 25
Keep Prob: 0.8656542586183774
Network Configuration:
batch_size: 32
hidden_layer_structure: [102]
learning_rate: 0.004155923499457689
keep_prob: 0.8656542586183774
rnn_cell: <class 'tensorflow.python.keras.layers.legacy_rnn.rnn_cell_impl.LSTMCell'>
max_grad_norm: 5.0
lambda_w1: 0.03
lambda_w2: 3.0
lambda_o: 0.1
Num of problems: 1865
Num of run: 1
Max num of run: 25
Keep Prob: 0.8656542586183774
Network Configuration:
batch_size: 32
hidden_layer_structure: [102]
learning_rate: 0.004155923499457689
keep_prob: 0.8656542586183774
rnn_cell: <class 'tensorflow.python.keras.layers.legacy_rnn.rnn_cell_impl.LSTMCell'>
max_grad_norm: 5.0
lambda_w1: 0.03
lambda_w2: 3.0
lambda_o: 0.1
Num of problems: 1865
Num of run: 1
Max num of run: 25
Keep Prob: 0.8656542586183774
No model found at ./results/model/run_0/LSTM-102/LSTM-102
Network Configuration:
batch_size: 32
hidden_layer_structure: [102]
learning_rate: 0.004155923499457689
keep_prob: 0.8656542586183774
rnn_cell: <class 'tensorflow.python.keras.layers.legacy_rnn.rnn_cell_impl.LSTMCell'>
max_grad_norm: 5.0
lambda_w1: 0.03
lambda_w2: 3.0
lambda_o: 0.1
Num of problems: 1865
Num of run: 1
Max num of run: 25
Keep Prob: 0.8656542586183774
Network Configuration:
batch_size: 32
hidden_layer_structure: [102]
learning_rate: 0.004155923499457689
keep_prob: 0.8656542586183774
rnn_cell: <class 'tensorflow.python.keras.layers.legacy_rnn.rnn_cell_impl.LSTMCell'>
max_grad_norm: 5.0
lambda_w1: 0.03
lambda_w2: 3.0
lambda_o: 0.1
Num of problems: 1865
Num of run: 1
Max num of run: 1
Keep Prob: 0.8656542586183774
Current time : 2023-07-24 16:22:44 KST
Epoch    1, Train ACC: 0.68932, Train AUC: 0.71077, Train Loss: 0.65711
Network Configuration:
batch_size: 32
hidden_layer_structure: [102]
learning_rate: 0.004155923499457689
keep_prob: 0.8656542586183774
rnn_cell: <class 'keras.layers.legacy_rnn.rnn_cell_impl.LSTMCell'>
max_grad_norm: 5.0
lambda_w1: 0.03
lambda_w2: 3.0
lambda_o: 0.1
Num of problems: 1865
Num of run: 1
Max num of run: 2
Keep Prob: 0.8656542586183774
Network Configuration:
batch_size: 32
hidden_layer_structure: [102]
learning_rate: 0.004155923499457689
keep_prob: 0.8656542586183774
rnn_cell: <class 'keras.layers.legacy_rnn.rnn_cell_impl.LSTMCell'>
max_grad_norm: 5.0
lambda_w1: 0.03
lambda_w2: 3.0
lambda_o: 0.1
Num of problems: 1865
Num of run: 1
Max num of run: 2
Keep Prob: 0.8656542586183774
Current time : 2023-07-24 19:34:33 KST
Epoch    1, Train ACC: 0.69068, Train AUC: 0.71335, Train Loss: 0.65559
Epoch    1, Valid ACC: 0.7576, Valid AUC: 0.78077, Valid AUC Curr: 0.90277, Valid Loss: 0.60071*
Epoch    1, Test ACC: 0.75716, Test AUC: 0.78145, Test AUC Curr: 0.90249, Test Loss: 0.60171
w_l1: 0.009419443869704353, w_l2: 0.020277395086332698
m1: 0.2987849602959467, m2: 0.024401891781956814. Saving the model
time used for this epoch: 1474.2968752384186s
***********
Current time : 2023-07-24 19:59:07 KST
Epoch    2, Train ACC: 0.7526, Train AUC: 0.79126, Train Loss: 0.56705
Epoch    2, Valid ACC: 0.79458, Valid AUC: 0.81534, Valid AUC Curr: 0.937, Valid Loss: 0.50979*
Epoch    2, Test ACC: 0.79376, Test AUC: 0.8171, Test AUC Curr: 0.93754, Test Loss: 0.51016
w_l1: 0.013344380615062823, w_l2: 0.028613648824043256
m1: 0.3580965440996694, m2: 0.045427346868032806. Saving the model
time used for this epoch: 1491.6320431232452s
***********
The best validation result occured at: 2-th epoch, with validation ACC: 0.79458 and AUC: 0.81534
The best testing result occured at: 2-th epoch, with testing ACC: 0.79376 and AUC: 0.8171
*********************************
average validation ACC for 1 runs: 0.7945780314868557
average validation AUC for 1 runs: 0.8153394509625193
average validation AUC Current for 1 runs: 0.9370032269456691

average waviness-l1 for 1 runs: 0.013344380615062823
average waviness-l2 for 1 runs: 0.028613648824043256
average consistency_m1 for 1 runs: 0.3580965440996694
average consistency_m1 for 1 runs: 0.045427346868032806

test ACC for 1 runs : [0.7937616305761056]
test AUC for 1 runs : [0.8170952063758481]

average test ACC for 1 runs: 0.7937616305761056
average test AUC for 1 runs: 0.8170952063758481
average test AUC Current for 1 runs: 0.937538881716196

latex: 
cell_type & num. layer & layer_structure & learning rate & keep prob. & $\lambda_o$ & $\lambda_{w_1}$ & $\lambda_{w_2}$ & Avg. ACC(N) & Avg. AUC(N) & Avg. AUC(C) & Avg. $w_1$ & Avg. $w_2$ & Avg. $m_1$ & Avg. $m_2$\\ 
LSTM & 1 & 102 & 0.0042 & 0.8657 & 0.1000 & 0.0300 & 3.0000 & 0.7945780314868557 $\pm$ 0.0 & 0.8153394509625193 $\pm$ 0.0 & 0.9370032269456691 $\pm$ 0.0 & 0.013344380615062823 $\pm$ 0.0 & 0.028613648824043256 $\pm$ 0.0 & 0.3580965440996694 $\pm$ 0.0 & 0.045427346868032806 $\pm$ 0.0\\ 

